#
# A fatal error has been detected by the Java Runtime Environment:
#
#  SIGBUS (0xa) at pc=0x000000010b4914f0, pid=5704, tid=27663
#
# JRE version: OpenJDK Runtime Environment (17.0.1+12) (build 17.0.1+12-LTS)
# Java VM: OpenJDK 64-Bit Server VM (17.0.1+12-LTS, mixed mode, sharing, tiered, compressed oops, compressed class ptrs, g1 gc, bsd-aarch64)
# Problematic frame:
# v  ~StubRoutines::SafeFetchN
#
# No core dump will be written. Core dumps have been disabled. To enable core dumping, try "ulimit -c unlimited" before starting Java again
#
# If you would like to submit a bug report, please visit:
#   https://bell-sw.com/support
# The crash happened outside the Java Virtual Machine in native code.
# See problematic frame for where to report the bug.
#

---------------  S U M M A R Y ------------

Command Line: -javaagent:/Applications/IntelliJ IDEA.app/Contents/lib/idea_rt.jar=56841:/Applications/IntelliJ IDEA.app/Contents/bin -Dfile.encoding=UTF-8 --module-path=/Users/tom/IdeaProjects/PaperRater/PaperRaterApp/target/classes:/Users/tom/.m2/repository/org/openjfx/javafx-base/17.0.0.1/javafx-base-17.0.0.1-mac-aarch64.jar:/Users/tom/.m2/repository/com/google/code/gson/gson/2.8.9/gson-2.8.9.jar:/Users/tom/.m2/repository/com/thoughtworks/xstream/xstream/1.4.18/xstream-1.4.18.jar:/Users/tom/.m2/repository/org/mongodb/mongodb-driver-core/4.4.0/mongodb-driver-core-4.4.0.jar:/Users/tom/.m2/repository/org/controlsfx/controlsfx/11.1.0/controlsfx-11.1.0.jar:/Users/tom/.m2/repository/org/mongodb/mongodb-driver-sync/4.4.0/mongodb-driver-sync-4.4.0.jar:/Users/tom/.m2/repository/org/openjfx/javafx-graphics/17.0.0.1/javafx-graphics-17.0.0.1-mac-aarch64.jar:/Users/tom/.m2/repository/org/mongodb/bson/4.4.0/bson-4.4.0.jar:/Users/tom/.m2/repository/org/openjfx/javafx-controls/17.0.0.1/javafx-controls-17.0.0.1-mac-aarch64.jar:/Users/tom/.m2/repository/org/openjfx/javafx-fxml/17.0.0.1/javafx-fxml-17.0.0.1-mac-aarch64.jar -Djdk.module.main=it.unipi.dii.lsmd.paperraterapp it.unipi.dii.lsmd.paperraterapp/it.unipi.dii.lsmd.paperraterapp.Main

Host: "MacBookAir10,1" arm64 1 MHz, 8 cores, 8G, Darwin 21.2.0, macOS 12.1 (21C52)
Time: Wed Dec 15 19:37:21 2021 +04 elapsed time: 2.706665 seconds (0d 0h 0m 2s)

---------------  T H R E A D  ---------------

Current thread (0x0000000154961400):  JavaThread "InvokeLaterDispatcher" daemon [_thread_in_native, id=27663, stack(0x0000000172474000,0x0000000172677000)]

Stack: [0x0000000172474000,0x0000000172677000],  sp=0x0000000172676780,  free space=2057k
Native frames: (J=compiled Java code, j=interpreted, Vv=VM code, C=native code)
v  ~StubRoutines::SafeFetchN
V  [libjvm.dylib+0x7b575c]  _ZN10OopStorage7releaseEPKP7oopDesc+0x20
V  [libjvm.dylib+0x4c6390]  jni_DeleteGlobalRef+0xd8
C  [libglass.dylib+0xaa08]  -[GlassRunnable dealloc]+0x34
C  [Foundation+0x84c7c]  -[_NSThreadPerformInfo dealloc]+0x30
C  [Foundation+0x51578]  -[NSObject(NSThreadPerformAdditions) performSelectorOnMainThread:withObject:waitUntilDone:]+0x88
C  0x980580010b4998ac
j  com.sun.glass.ui.mac.MacApplication.submitForLaterInvocation(Ljava/lang/Runnable;)V+2 javafx.graphics@17.0.1
j  com.sun.glass.ui.InvokeLaterDispatcher.run()V+82 javafx.graphics@17.0.1
v  ~StubRoutines::call_stub
V  [libjvm.dylib+0x46b110]  _ZN9JavaCalls11call_helperEP9JavaValueRK12methodHandleP17JavaCallArgumentsP10JavaThread+0x38c
V  [libjvm.dylib+0x46a12c]  _ZN9JavaCalls12call_virtualEP9JavaValueP5KlassP6SymbolS5_P17JavaCallArgumentsP10JavaThread+0x11c
V  [libjvm.dylib+0x46a1f8]  _ZN9JavaCalls12call_virtualEP9JavaValue6HandleP5KlassP6SymbolS6_P10JavaThread+0x64
V  [libjvm.dylib+0x522a24]  _ZL12thread_entryP10JavaThreadS0_+0xc4
V  [libjvm.dylib+0x993de0]  _ZN10JavaThread17thread_main_innerEv+0x13c
V  [libjvm.dylib+0x9924bc]  _ZN6Thread8call_runEv+0x128
V  [libjvm.dylib+0x7bc590]  _ZL19thread_native_entryP6Thread+0x158
C  [libsystem_pthread.dylib+0x7240]  _pthread_start+0x94

Java frames: (J=compiled Java code, j=interpreted, Vv=VM code)
j  com.sun.glass.ui.mac.MacApplication._submitForLaterInvocation(Ljava/lang/Runnable;)V+0 javafx.graphics@17.0.1
j  com.sun.glass.ui.mac.MacApplication.submitForLaterInvocation(Ljava/lang/Runnable;)V+2 javafx.graphics@17.0.1
j  com.sun.glass.ui.InvokeLaterDispatcher.run()V+82 javafx.graphics@17.0.1
v  ~StubRoutines::call_stub

siginfo: si_signo: 10 (SIGBUS), si_code: 1 (BUS_ADRALN), si_addr: 0x000000010b4914f0

Register to memory mapping:

 x0=0x0000000153609548 is a global jni handle
 x1=0x0 is NULL
 x2=0x0000000787e021f0 is an oop: com.sun.glass.ui.InvokeLaterDispatcher$Future 
{0x0000000787e021f0} - klass: 'com/sun/glass/ui/InvokeLaterDispatcher$Future'
 - ---- fields (total size 3 words):
 - private 'done' 'Z' @12  true
 - private final 'runnable' 'Ljava/lang/Runnable;' @16  a 'com/sun/javafx/tk/quantum/QuantumToolkit$$Lambda$105+0x0000000800c38870'{0x000000078682acd0} (f0d0559a)
 - final synthetic 'this$0' 'Lcom/sun/glass/ui/InvokeLaterDispatcher;' @20  a 'com/sun/glass/ui/InvokeLaterDispatcher'{0x000000078682aac8} (f0d05559)
 x3=0x0 is NULL
 x4=0x00000000000130a8 is an unknown value
 x5=0x0 is NULL
 x6=0x0 is NULL
 x7=0x0 is NULL
 x8=0x000000010b4914ec is at begin+0 in a stub
StubRoutines::SafeFetchN [0x000000010b4914ec, 0x000000010b4914f8] (12 bytes)
 x9=0x0 is NULL
x10=0x2010000030300000 is an unknown value
x11=0x0000000000000007 is an unknown value
x12=0x0 is NULL
x13=0x0000600002a86c70 points into unknown readable memory: 0x583f00019b9f5d5c | 5c 5d 9f 9b 01 00 3f 58
x14=0x0000000000000001 is an unknown value
x15=0x0000000120729f98: OBJC_CLASS_$_GlassRunnable+0 in /Users/tom/Library/Java/JavaVirtualMachines/liberica-17.0.1/lib/libglass.dylib at 0x00000001206e4000
x16=0x0000000198be0094: pthread_getspecific+0 in /usr/lib/system/libsystem_pthread.dylib at 0x0000000198bde000
x17=0x00006000020a7540 points into unknown readable memory: 0xfffffffffffffffe | fe ff ff ff ff ff ff ff
x18=0x0 is NULL
x19=0x0000600002fa41c0 points into unknown readable memory: 0x00006000006a0130 | 30 01 6a 00 00 60 00 00
x20=0x0000000153609340 points into unknown readable memory: 0x00000007ffe0bab8 | b8 ba e0 ff 07 00 00 00
x21=0x0000000153609548 is a global jni handle
x22=0x0000000154961400 is a thread
x23=0x0000000000000001 is an unknown value
x24=0x0000000153609500 is a global jni handle
x25=0x00000001022a7a08: _ZN12StubRoutines17_safefetchN_entryE+0 in /Users/tom/Library/Java/JavaVirtualMachines/liberica-17.0.1/lib/server/libjvm.dylib at 0x0000000101654000
x26=0x0000000120d2f1c8 is pointing into metadata
x27=0x0 is NULL
x28=0x0000000154961400 is a thread


Registers:
 x0=0x0000000153609548  x1=0x0000000000000000  x2=0x0000000787e021f0  x3=0x0000000000000000
 x4=0x00000000000130a8  x5=0x0000000000000000  x6=0x0000000000000000  x7=0x0000000000000000
 x8=0x000000010b4914ec  x9=0x0000000000000000 x10=0x2010000030300000 x11=0x0000000000000007
x12=0x0000000000000000 x13=0x0000600002a86c70 x14=0x0000000000000001 x15=0x0000000120729f98
x16=0x0000000198be0094 x17=0x00006000020a7540 x18=0x0000000000000000 x19=0x0000600002fa41c0
x20=0x0000000153609340 x21=0x0000000153609548 x22=0x0000000154961400 x23=0x0000000000000001
x24=0x0000000153609500 x25=0x00000001022a7a08 x26=0x0000000120d2f1c8 x27=0x0000000000000000
x28=0x0000000154961400  fp=0x00000001726767c0  lr=0x0000000101e0852c  sp=0x0000000172676780
pc=0x000000010b4914f0 cpsr=0x0000000060001000
Top of Stack: (sp=0x0000000172676780)
0x0000000172676780:   0000000120d2f1c8 0000000000000001
0x0000000172676790:   0000000172676988 0000000000000000
0x00000001726767a0:   00000001538dd8a8 0000000153609538
0x00000001726767b0:   0000000153609538 0000600002fa41c0
0x00000001726767c0:   0000000172676800 0000000101e0975c
0x00000001726767d0:   0000000000000001 0000000153609538
0x00000001726767e0:   00000001538dd8a8 0000000153609538
0x00000001726767f0:   0000000000000001 00000001538dd600
0x0000000172676800:   0000000172676840 0000000101b1a390
0x0000000172676810:   0000000172676988 00006000006bda30
0x0000000172676820:   00006000006bda50 00000001e3110474
0x0000000172676830:   0000000000000000 00006000006bda50
0x0000000172676840:   0000000172676870 00000001206eea08
0x0000000172676850:   2522f145efe100c6 0000000000000000
0x0000000172676860:   0000000000000000 0000600001110600
0x0000000172676870:   00000001726768b0 0000000199ba4c7c
0x0000000172676880:   0000000172676988 00006000006bda30
0x0000000172676890:   00006000006bda50 2522f145efe100c6
0x00000001726768a0:   0000000000000000 0000000000000000
0x00000001726768b0:   00000001726768f0 581e000199b71578
0x00000001726768c0:   0000000172676988 000000010b4987c0
0x00000001726768d0:   0000000000000000 00000001022af3c0
0x00000001726768e0:   0000000172676900 000000010b497730
0x00000001726768f0:   0000000172676960 980580010b4998ac
0x0000000172676900:   0000000172676968 0000000120950978
0x0000000172676910:   0000000172676910 0000000000000000
0x0000000172676920:   0000000172676988 0000000120d2f1c8
0x0000000172676930:   000000078680b608 0000000000000000
0x0000000172676940:   0000000000000000 0000000120d03b98
0x0000000172676950:   0000000000000000 0000000172676960
0x0000000172676960:   00000001726769e0 000000010b495fc8
0x0000000172676970:   0000000000000000 0000000000000000 

Instructions: (pc=0x000000010b4914f0)
0x000000010b4913f0:   f2a044e9 f2c00029 6d425935 1e640886
0x000000010b491400:   0c402d31 1e6408c7 1f5654d0 1e6c1017
0x000000010b491410:   1f5050d0 1f504cd0 1f5048d0 1e650af6
0x000000010b491420:   1f50d8f6 1f5694d6 1f5158f6 1e762880
0x000000010b491430:   36000501 1e614000 14000026 2e251ca5
0x000000010b491440:   d2883009 f2a044e9 f2c00029 6d425d36
0x000000010b491450:   1e600806 0c402d32 1f5758c7 1e6c101a
0x000000010b491460:   1f4754c7 1e650805 1f4750c7 d2866668
0x000000010b491470:   f2a7fa68 1f474cc7 1e6608c0 1f4748c7
0x000000010b491480:   1e6e1019 eb08007f 540000ac 1f479400
0x000000010b491490:   1f460340 1e603b20 1400000e d2a7fd29
0x000000010b4914a0:   eb09007f 540000ac 51480069 d3607d29
0x000000010b4914b0:   9e670121 14000002 1e6a5001 1f679417
0x000000010b4914c0:   1f668742 1e613b23 1e773857 1e773860
0x000000010b4914d0:   a8c17ff3 910003bf a8c17bfd d65f03c0
0x000000010b4914e0:   b9400001 aa0103e0 d65f03c0 f9400001
0x000000010b4914f0:   aa0103e0 d65f03c0 00000000 00000000
0x000000010b491500:   00000000 00000000 00000000 00000000
0x000000010b491510:   00000000 00000000 00000000 00000000
0x000000010b491520:   00000000 00000000 00000000 00000000
0x000000010b491530:   00000000 00000000 00000000 00000000
0x000000010b491540:   00000000 00000000 00000000 00000000
0x000000010b491550:   00000000 00000000 00000000 00000000
0x000000010b491560:   00000000 00000000 00000000 00000000
0x000000010b491570:   00000000 00000000 00000000 00000000
0x000000010b491580:   00000000 00000000 00000000 00000000
0x000000010b491590:   00000000 00000000 00000000 00000000
0x000000010b4915a0:   00000000 00000000 00000000 00000000
0x000000010b4915b0:   00000000 00000000 00000000 00000000
0x000000010b4915c0:   00000000 00000000 00000000 00000000
0x000000010b4915d0:   00000000 00000000 00000000 00000000
0x000000010b4915e0:   00000000 00000000 00000000 00000000 


Stack slot to memory mapping:
stack at sp + 0 slots: 0x0000000120d2f1c8 is pointing into metadata
stack at sp + 1 slots: 0x0000000000000001 is an unknown value
stack at sp + 2 slots: 0x0000000172676988 is pointing into the stack for thread: 0x0000000154961400
stack at sp + 3 slots: 0x0 is NULL
stack at sp + 4 slots: 0x00000001538dd8a8 points into unknown readable memory: 0x0000000102262878 | 78 28 26 02 01 00 00 00
stack at sp + 5 slots: 0x0000000153609538 is a global jni handle
stack at sp + 6 slots: 0x0000000153609538 is a global jni handle
stack at sp + 7 slots: 0x0000600002fa41c0 points into unknown readable memory: 0x00006000006a0130 | 30 01 6a 00 00 60 00 00

StubRoutines::SafeFetchN [0x000000010b4914ec, 0x000000010b4914f8] (12 bytes)
[MachCode]
  0x000000010b4914ec: 0100 40f9 | e003 01aa | c003 5fd6 
[/MachCode]

---------------  P R O C E S S  ---------------

Threads class SMR info:
_java_thread_list=0x0000600000477880, length=20, elements={
0x0000000134008a00, 0x000000013580f000, 0x0000000135811800, 0x0000000135816a00,
0x0000000135817000, 0x0000000153877600, 0x0000000153816200, 0x0000000153816800,
0x0000000153816e00, 0x000000013403ac00, 0x0000000153815c00, 0x0000000133811e00,
0x000000013381da00, 0x0000000154961400, 0x00000001538dd600, 0x00000001538e6e00,
0x000000013381b800, 0x0000000153943800, 0x00000001549cf400, 0x00000001359c3600
}

Java Threads: ( => current thread )
  0x0000000134008a00 JavaThread "main" [_thread_blocked, id=10243, stack(0x000000016fa6c000,0x000000016fc6f000)]
  0x000000013580f000 JavaThread "Reference Handler" daemon [_thread_blocked, id=16643, stack(0x00000001708c0000,0x0000000170ac3000)]
  0x0000000135811800 JavaThread "Finalizer" daemon [_thread_blocked, id=15363, stack(0x0000000170acc000,0x0000000170ccf000)]
  0x0000000135816a00 JavaThread "Signal Dispatcher" daemon [_thread_blocked, id=42499, stack(0x0000000170df0000,0x0000000170ff3000)]
  0x0000000135817000 JavaThread "Service Thread" daemon [_thread_blocked, id=41987, stack(0x0000000170ffc000,0x00000001711ff000)]
  0x0000000153877600 JavaThread "Monitor Deflation Thread" daemon [_thread_blocked, id=41475, stack(0x0000000171208000,0x000000017140b000)]
  0x0000000153816200 JavaThread "C2 CompilerThread0" daemon [_thread_blocked, id=23299, stack(0x0000000171414000,0x0000000171617000)]
  0x0000000153816800 JavaThread "C1 CompilerThread0" daemon [_thread_blocked, id=23811, stack(0x0000000171620000,0x0000000171823000)]
  0x0000000153816e00 JavaThread "Sweeper thread" daemon [_thread_blocked, id=41219, stack(0x000000017182c000,0x0000000171a2f000)]
  0x000000013403ac00 JavaThread "Common-Cleaner" daemon [_thread_blocked, id=24323, stack(0x0000000171a38000,0x0000000171c3b000)]
  0x0000000153815c00 JavaThread "Monitor Ctrl-Break" daemon [_thread_in_native, id=40707, stack(0x0000000171c44000,0x0000000171e47000)]
  0x0000000133811e00 JavaThread "Notification Thread" daemon [_thread_blocked, id=40195, stack(0x0000000171e50000,0x0000000172053000)]
  0x000000013381da00 JavaThread "QuantumRenderer-0" daemon [_thread_blocked, id=39171, stack(0x0000000172268000,0x000000017246b000)]
=>0x0000000154961400 JavaThread "InvokeLaterDispatcher" daemon [_thread_in_native, id=27663, stack(0x0000000172474000,0x0000000172677000)]
  0x00000001538dd600 JavaThread "JavaFX Application Thread" [_thread_in_vm, id=259, stack(0x000000016f1e4000,0x000000016f9e0000)]
  0x00000001538e6e00 JavaThread "PulseTimer-CVDisplayLink thread" daemon [_thread_in_native, id=80395, stack(0x0000000172680000,0x0000000172703000)]
  0x000000013381b800 JavaThread "JavaFX-Launcher" [_thread_blocked, id=77571, stack(0x00000001729a4000,0x0000000172ba7000)]
  0x0000000153943800 JavaThread "Prism Font Disposer" daemon [_thread_blocked, id=75791, stack(0x00000001773ec000,0x00000001775ef000)]
  0x00000001549cf400 JavaThread "Cleaner-0" daemon [_thread_blocked, id=57095, stack(0x00000001775f8000,0x00000001777fb000)]
  0x00000001359c3600 JavaThread "Attach Listener" daemon [_thread_blocked, id=1315, stack(0x0000000289064000,0x0000000289267000)]

Other Threads:
  0x0000000154006780 VMThread "VM Thread" [stack: 0x00000001706b4000,0x00000001708b7000] [id=14851]
  0x0000000133605010 WatcherThread [stack: 0x000000017205c000,0x000000017225f000] [id=39683]
  0x0000000133706530 GCTaskThread "GC Thread#0" [stack: 0x000000016fc78000,0x000000016fe7b000] [id=12035]
  0x00000001540475d0 GCTaskThread "GC Thread#1" [stack: 0x0000000177804000,0x0000000177a07000] [id=63495]
  0x0000000154047a50 GCTaskThread "GC Thread#2" [stack: 0x0000000177a10000,0x0000000177c13000] [id=73731]
  0x0000000154047ed0 GCTaskThread "GC Thread#3" [stack: 0x0000000177c1c000,0x0000000177e1f000] [id=64003]
  0x0000000154048350 GCTaskThread "GC Thread#4" [stack: 0x0000000288004000,0x0000000288207000] [id=73219]
  0x00000001540487d0 GCTaskThread "GC Thread#5" [stack: 0x0000000288210000,0x0000000288413000] [id=64515]
  0x0000000153650a50 GCTaskThread "GC Thread#6" [stack: 0x000000028841c000,0x000000028861f000] [id=72451]
  0x00000001536512c0 GCTaskThread "GC Thread#7" [stack: 0x0000000288628000,0x000000028882b000] [id=72195]
  0x00000001350042b0 ConcurrentGCThread "G1 Main Marker" [stack: 0x000000016fe84000,0x0000000170087000] [id=12547]
  0x0000000153606c90 ConcurrentGCThread "G1 Conc#0" [stack: 0x0000000170090000,0x0000000170293000] [id=13315]
  0x00000001536089c0 ConcurrentGCThread "G1 Refine#0" [stack: 0x000000017029c000,0x000000017049f000] [id=18691]
  0x0000000153651b30 ConcurrentGCThread "G1 Refine#1" [stack: 0x0000000288834000,0x0000000288a37000] [id=65283]
  0x0000000123706530 ConcurrentGCThread "G1 Refine#2" [stack: 0x0000000288a40000,0x0000000288c43000] [id=65795]
  0x0000000154049040 ConcurrentGCThread "G1 Refine#3" [stack: 0x0000000288c4c000,0x0000000288e4f000] [id=71427]
  0x0000000133607de0 ConcurrentGCThread "G1 Refine#4" [stack: 0x0000000288e58000,0x000000028905b000] [id=66819]
  0x00000001337069b0 ConcurrentGCThread "G1 Service" [stack: 0x00000001704a8000,0x00000001706ab000] [id=18435]

Threads with active compile tasks:

VM state: not at safepoint (normal execution)

VM Mutex/Monitor currently owned by a thread: None

Heap address: 0x0000000780000000, size: 2048 MB, Compressed Oops mode: Zero based, Oop shift amount: 3

CDS archive(s) mapped at: [0x0000000800000000-0x0000000800be0000-0x0000000800be0000), size 12451840, SharedBaseAddress: 0x0000000800000000, ArchiveRelocationMode: 0.
Compressed class space mapped at: 0x0000000800c00000-0x0000000840c00000, reserved size: 1073741824
Narrow klass base: 0x0000000800000000, Narrow klass shift: 0, Narrow klass range: 0x100000000

GC Precious Log:
 CPUs: 8 total, 8 available
 Memory: 8192M
 Large Page Support: Disabled
 NUMA Support: Disabled
 Compressed Oops: Enabled (Zero based)
 Heap Region Size: 1M
 Heap Min Capacity: 8M
 Heap Initial Capacity: 128M
 Heap Max Capacity: 2G
 Pre-touch: Disabled
 Parallel Workers: 8
 Concurrent Workers: 2
 Concurrent Refinement Workers: 8
 Periodic GC: Disabled

Heap:
 garbage-first heap   total 133120K, used 13339K [0x0000000780000000, 0x0000000800000000)
  region size 1024K, 6 young (6144K), 3 survivors (3072K)
 Metaspace       used 15132K, committed 15360K, reserved 1064960K
  class space    used 2147K, committed 2240K, reserved 1048576K

Heap Regions: E=young(eden), S=young(survivor), O=old, HS=humongous(starts), HC=humongous(continues), CS=collection set, F=free, OA=open archive, CA=closed archive, TAMS=top-at-mark-start (previous, next)
|   0|0x0000000780000000, 0x0000000780100000, 0x0000000780100000|100%|HS|  |TAMS 0x0000000780000000, 0x0000000780000000| Complete 
|   1|0x0000000780100000, 0x0000000780200000, 0x0000000780200000|100%|HC|  |TAMS 0x0000000780100000, 0x0000000780100000| Complete 
|   2|0x0000000780200000, 0x0000000780300000, 0x0000000780300000|100%|HS|  |TAMS 0x0000000780200000, 0x0000000780200000| Complete 
|   3|0x0000000780300000, 0x0000000780400000, 0x0000000780400000|100%|HC|  |TAMS 0x0000000780300000, 0x0000000780300000| Complete 
|   4|0x0000000780400000, 0x0000000780500000, 0x0000000780500000|100%| O|  |TAMS 0x0000000780400000, 0x0000000780400000| Untracked 
|   5|0x0000000780500000, 0x0000000780600000, 0x0000000780600000|100%| O|  |TAMS 0x0000000780500000, 0x0000000780500000| Untracked 
|   6|0x0000000780600000, 0x0000000780700000, 0x0000000780700000|100%| O|  |TAMS 0x0000000780600000, 0x0000000780600000| Untracked 
|   7|0x0000000780700000, 0x0000000780702c00, 0x0000000780800000|  1%| O|  |TAMS 0x0000000780700000, 0x0000000780700000| Untracked 
|   8|0x0000000780800000, 0x0000000780800000, 0x0000000780900000|  0%| F|  |TAMS 0x0000000780800000, 0x0000000780800000| Untracked 
|   9|0x0000000780900000, 0x0000000780900000, 0x0000000780a00000|  0%| F|  |TAMS 0x0000000780900000, 0x0000000780900000| Untracked 
|  10|0x0000000780a00000, 0x0000000780a00000, 0x0000000780b00000|  0%| F|  |TAMS 0x0000000780a00000, 0x0000000780a00000| Untracked 
|  11|0x0000000780b00000, 0x0000000780b00000, 0x0000000780c00000|  0%| F|  |TAMS 0x0000000780b00000, 0x0000000780b00000| Untracked 
|  12|0x0000000780c00000, 0x0000000780c00000, 0x0000000780d00000|  0%| F|  |TAMS 0x0000000780c00000, 0x0000000780c00000| Untracked 
|  13|0x0000000780d00000, 0x0000000780d00000, 0x0000000780e00000|  0%| F|  |TAMS 0x0000000780d00000, 0x0000000780d00000| Untracked 
|  14|0x0000000780e00000, 0x0000000780e00000, 0x0000000780f00000|  0%| F|  |TAMS 0x0000000780e00000, 0x0000000780e00000| Untracked 
|  15|0x0000000780f00000, 0x0000000780f00000, 0x0000000781000000|  0%| F|  |TAMS 0x0000000780f00000, 0x0000000780f00000| Untracked 
|  16|0x0000000781000000, 0x0000000781000000, 0x0000000781100000|  0%| F|  |TAMS 0x0000000781000000, 0x0000000781000000| Untracked 
|  17|0x0000000781100000, 0x0000000781100000, 0x0000000781200000|  0%| F|  |TAMS 0x0000000781100000, 0x0000000781100000| Untracked 
|  18|0x0000000781200000, 0x0000000781200000, 0x0000000781300000|  0%| F|  |TAMS 0x0000000781200000, 0x0000000781200000| Untracked 
|  19|0x0000000781300000, 0x0000000781300000, 0x0000000781400000|  0%| F|  |TAMS 0x0000000781300000, 0x0000000781300000| Untracked 
|  20|0x0000000781400000, 0x0000000781400000, 0x0000000781500000|  0%| F|  |TAMS 0x0000000781400000, 0x0000000781400000| Untracked 
|  21|0x0000000781500000, 0x0000000781500000, 0x0000000781600000|  0%| F|  |TAMS 0x0000000781500000, 0x0000000781500000| Untracked 
|  22|0x0000000781600000, 0x0000000781600000, 0x0000000781700000|  0%| F|  |TAMS 0x0000000781600000, 0x0000000781600000| Untracked 
|  23|0x0000000781700000, 0x0000000781700000, 0x0000000781800000|  0%| F|  |TAMS 0x0000000781700000, 0x0000000781700000| Untracked 
|  24|0x0000000781800000, 0x0000000781800000, 0x0000000781900000|  0%| F|  |TAMS 0x0000000781800000, 0x0000000781800000| Untracked 
|  25|0x0000000781900000, 0x0000000781900000, 0x0000000781a00000|  0%| F|  |TAMS 0x0000000781900000, 0x0000000781900000| Untracked 
|  26|0x0000000781a00000, 0x0000000781a00000, 0x0000000781b00000|  0%| F|  |TAMS 0x0000000781a00000, 0x0000000781a00000| Untracked 
|  27|0x0000000781b00000, 0x0000000781b00000, 0x0000000781c00000|  0%| F|  |TAMS 0x0000000781b00000, 0x0000000781b00000| Untracked 
|  28|0x0000000781c00000, 0x0000000781c00000, 0x0000000781d00000|  0%| F|  |TAMS 0x0000000781c00000, 0x0000000781c00000| Untracked 
|  29|0x0000000781d00000, 0x0000000781d00000, 0x0000000781e00000|  0%| F|  |TAMS 0x0000000781d00000, 0x0000000781d00000| Untracked 
|  30|0x0000000781e00000, 0x0000000781e00000, 0x0000000781f00000|  0%| F|  |TAMS 0x0000000781e00000, 0x0000000781e00000| Untracked 
|  31|0x0000000781f00000, 0x0000000781f00000, 0x0000000782000000|  0%| F|  |TAMS 0x0000000781f00000, 0x0000000781f00000| Untracked 
|  32|0x0000000782000000, 0x0000000782000000, 0x0000000782100000|  0%| F|  |TAMS 0x0000000782000000, 0x0000000782000000| Untracked 
|  33|0x0000000782100000, 0x0000000782100000, 0x0000000782200000|  0%| F|  |TAMS 0x0000000782100000, 0x0000000782100000| Untracked 
|  34|0x0000000782200000, 0x0000000782200000, 0x0000000782300000|  0%| F|  |TAMS 0x0000000782200000, 0x0000000782200000| Untracked 
|  35|0x0000000782300000, 0x0000000782300000, 0x0000000782400000|  0%| F|  |TAMS 0x0000000782300000, 0x0000000782300000| Untracked 
|  36|0x0000000782400000, 0x0000000782400000, 0x0000000782500000|  0%| F|  |TAMS 0x0000000782400000, 0x0000000782400000| Untracked 
|  37|0x0000000782500000, 0x0000000782500000, 0x0000000782600000|  0%| F|  |TAMS 0x0000000782500000, 0x0000000782500000| Untracked 
|  38|0x0000000782600000, 0x0000000782600000, 0x0000000782700000|  0%| F|  |TAMS 0x0000000782600000, 0x0000000782600000| Untracked 
|  39|0x0000000782700000, 0x0000000782700000, 0x0000000782800000|  0%| F|  |TAMS 0x0000000782700000, 0x0000000782700000| Untracked 
|  40|0x0000000782800000, 0x0000000782800000, 0x0000000782900000|  0%| F|  |TAMS 0x0000000782800000, 0x0000000782800000| Untracked 
|  41|0x0000000782900000, 0x0000000782900000, 0x0000000782a00000|  0%| F|  |TAMS 0x0000000782900000, 0x0000000782900000| Untracked 
|  42|0x0000000782a00000, 0x0000000782a00000, 0x0000000782b00000|  0%| F|  |TAMS 0x0000000782a00000, 0x0000000782a00000| Untracked 
|  43|0x0000000782b00000, 0x0000000782b00000, 0x0000000782c00000|  0%| F|  |TAMS 0x0000000782b00000, 0x0000000782b00000| Untracked 
|  44|0x0000000782c00000, 0x0000000782c00000, 0x0000000782d00000|  0%| F|  |TAMS 0x0000000782c00000, 0x0000000782c00000| Untracked 
|  45|0x0000000782d00000, 0x0000000782d00000, 0x0000000782e00000|  0%| F|  |TAMS 0x0000000782d00000, 0x0000000782d00000| Untracked 
|  46|0x0000000782e00000, 0x0000000782e00000, 0x0000000782f00000|  0%| F|  |TAMS 0x0000000782e00000, 0x0000000782e00000| Untracked 
|  47|0x0000000782f00000, 0x0000000782f00000, 0x0000000783000000|  0%| F|  |TAMS 0x0000000782f00000, 0x0000000782f00000| Untracked 
|  48|0x0000000783000000, 0x0000000783000000, 0x0000000783100000|  0%| F|  |TAMS 0x0000000783000000, 0x0000000783000000| Untracked 
|  49|0x0000000783100000, 0x0000000783100000, 0x0000000783200000|  0%| F|  |TAMS 0x0000000783100000, 0x0000000783100000| Untracked 
|  50|0x0000000783200000, 0x0000000783200000, 0x0000000783300000|  0%| F|  |TAMS 0x0000000783200000, 0x0000000783200000| Untracked 
|  51|0x0000000783300000, 0x0000000783300000, 0x0000000783400000|  0%| F|  |TAMS 0x0000000783300000, 0x0000000783300000| Untracked 
|  52|0x0000000783400000, 0x0000000783400000, 0x0000000783500000|  0%| F|  |TAMS 0x0000000783400000, 0x0000000783400000| Untracked 
|  53|0x0000000783500000, 0x0000000783500000, 0x0000000783600000|  0%| F|  |TAMS 0x0000000783500000, 0x0000000783500000| Untracked 
|  54|0x0000000783600000, 0x0000000783600000, 0x0000000783700000|  0%| F|  |TAMS 0x0000000783600000, 0x0000000783600000| Untracked 
|  55|0x0000000783700000, 0x0000000783700000, 0x0000000783800000|  0%| F|  |TAMS 0x0000000783700000, 0x0000000783700000| Untracked 
|  56|0x0000000783800000, 0x0000000783800000, 0x0000000783900000|  0%| F|  |TAMS 0x0000000783800000, 0x0000000783800000| Untracked 
|  57|0x0000000783900000, 0x0000000783900000, 0x0000000783a00000|  0%| F|  |TAMS 0x0000000783900000, 0x0000000783900000| Untracked 
|  58|0x0000000783a00000, 0x0000000783a00000, 0x0000000783b00000|  0%| F|  |TAMS 0x0000000783a00000, 0x0000000783a00000| Untracked 
|  59|0x0000000783b00000, 0x0000000783b00000, 0x0000000783c00000|  0%| F|  |TAMS 0x0000000783b00000, 0x0000000783b00000| Untracked 
|  60|0x0000000783c00000, 0x0000000783c00000, 0x0000000783d00000|  0%| F|  |TAMS 0x0000000783c00000, 0x0000000783c00000| Untracked 
|  61|0x0000000783d00000, 0x0000000783d00000, 0x0000000783e00000|  0%| F|  |TAMS 0x0000000783d00000, 0x0000000783d00000| Untracked 
|  62|0x0000000783e00000, 0x0000000783e00000, 0x0000000783f00000|  0%| F|  |TAMS 0x0000000783e00000, 0x0000000783e00000| Untracked 
|  63|0x0000000783f00000, 0x0000000783f00000, 0x0000000784000000|  0%| F|  |TAMS 0x0000000783f00000, 0x0000000783f00000| Untracked 
|  64|0x0000000784000000, 0x0000000784000000, 0x0000000784100000|  0%| F|  |TAMS 0x0000000784000000, 0x0000000784000000| Untracked 
|  65|0x0000000784100000, 0x0000000784100000, 0x0000000784200000|  0%| F|  |TAMS 0x0000000784100000, 0x0000000784100000| Untracked 
|  66|0x0000000784200000, 0x0000000784200000, 0x0000000784300000|  0%| F|  |TAMS 0x0000000784200000, 0x0000000784200000| Untracked 
|  67|0x0000000784300000, 0x0000000784300000, 0x0000000784400000|  0%| F|  |TAMS 0x0000000784300000, 0x0000000784300000| Untracked 
|  68|0x0000000784400000, 0x0000000784400000, 0x0000000784500000|  0%| F|  |TAMS 0x0000000784400000, 0x0000000784400000| Untracked 
|  69|0x0000000784500000, 0x0000000784500000, 0x0000000784600000|  0%| F|  |TAMS 0x0000000784500000, 0x0000000784500000| Untracked 
|  70|0x0000000784600000, 0x0000000784600000, 0x0000000784700000|  0%| F|  |TAMS 0x0000000784600000, 0x0000000784600000| Untracked 
|  71|0x0000000784700000, 0x0000000784700000, 0x0000000784800000|  0%| F|  |TAMS 0x0000000784700000, 0x0000000784700000| Untracked 
|  72|0x0000000784800000, 0x0000000784800000, 0x0000000784900000|  0%| F|  |TAMS 0x0000000784800000, 0x0000000784800000| Untracked 
|  73|0x0000000784900000, 0x0000000784900000, 0x0000000784a00000|  0%| F|  |TAMS 0x0000000784900000, 0x0000000784900000| Untracked 
|  74|0x0000000784a00000, 0x0000000784a00000, 0x0000000784b00000|  0%| F|  |TAMS 0x0000000784a00000, 0x0000000784a00000| Untracked 
|  75|0x0000000784b00000, 0x0000000784b00000, 0x0000000784c00000|  0%| F|  |TAMS 0x0000000784b00000, 0x0000000784b00000| Untracked 
|  76|0x0000000784c00000, 0x0000000784c00000, 0x0000000784d00000|  0%| F|  |TAMS 0x0000000784c00000, 0x0000000784c00000| Untracked 
|  77|0x0000000784d00000, 0x0000000784d00000, 0x0000000784e00000|  0%| F|  |TAMS 0x0000000784d00000, 0x0000000784d00000| Untracked 
|  78|0x0000000784e00000, 0x0000000784e00000, 0x0000000784f00000|  0%| F|  |TAMS 0x0000000784e00000, 0x0000000784e00000| Untracked 
|  79|0x0000000784f00000, 0x0000000784f00000, 0x0000000785000000|  0%| F|  |TAMS 0x0000000784f00000, 0x0000000784f00000| Untracked 
|  80|0x0000000785000000, 0x0000000785000000, 0x0000000785100000|  0%| F|  |TAMS 0x0000000785000000, 0x0000000785000000| Untracked 
|  81|0x0000000785100000, 0x0000000785100000, 0x0000000785200000|  0%| F|  |TAMS 0x0000000785100000, 0x0000000785100000| Untracked 
|  82|0x0000000785200000, 0x0000000785200000, 0x0000000785300000|  0%| F|  |TAMS 0x0000000785200000, 0x0000000785200000| Untracked 
|  83|0x0000000785300000, 0x0000000785300000, 0x0000000785400000|  0%| F|  |TAMS 0x0000000785300000, 0x0000000785300000| Untracked 
|  84|0x0000000785400000, 0x0000000785400000, 0x0000000785500000|  0%| F|  |TAMS 0x0000000785400000, 0x0000000785400000| Untracked 
|  85|0x0000000785500000, 0x0000000785500000, 0x0000000785600000|  0%| F|  |TAMS 0x0000000785500000, 0x0000000785500000| Untracked 
|  86|0x0000000785600000, 0x0000000785600000, 0x0000000785700000|  0%| F|  |TAMS 0x0000000785600000, 0x0000000785600000| Untracked 
|  87|0x0000000785700000, 0x0000000785700000, 0x0000000785800000|  0%| F|  |TAMS 0x0000000785700000, 0x0000000785700000| Untracked 
|  88|0x0000000785800000, 0x0000000785800000, 0x0000000785900000|  0%| F|  |TAMS 0x0000000785800000, 0x0000000785800000| Untracked 
|  89|0x0000000785900000, 0x0000000785900000, 0x0000000785a00000|  0%| F|  |TAMS 0x0000000785900000, 0x0000000785900000| Untracked 
|  90|0x0000000785a00000, 0x0000000785a00000, 0x0000000785b00000|  0%| F|  |TAMS 0x0000000785a00000, 0x0000000785a00000| Untracked 
|  91|0x0000000785b00000, 0x0000000785b00000, 0x0000000785c00000|  0%| F|  |TAMS 0x0000000785b00000, 0x0000000785b00000| Untracked 
|  92|0x0000000785c00000, 0x0000000785c00000, 0x0000000785d00000|  0%| F|  |TAMS 0x0000000785c00000, 0x0000000785c00000| Untracked 
|  93|0x0000000785d00000, 0x0000000785d00000, 0x0000000785e00000|  0%| F|  |TAMS 0x0000000785d00000, 0x0000000785d00000| Untracked 
|  94|0x0000000785e00000, 0x0000000785e00000, 0x0000000785f00000|  0%| F|  |TAMS 0x0000000785e00000, 0x0000000785e00000| Untracked 
|  95|0x0000000785f00000, 0x0000000785f00000, 0x0000000786000000|  0%| F|  |TAMS 0x0000000785f00000, 0x0000000785f00000| Untracked 
|  96|0x0000000786000000, 0x0000000786000000, 0x0000000786100000|  0%| F|  |TAMS 0x0000000786000000, 0x0000000786000000| Untracked 
|  97|0x0000000786100000, 0x0000000786100000, 0x0000000786200000|  0%| F|  |TAMS 0x0000000786100000, 0x0000000786100000| Untracked 
|  98|0x0000000786200000, 0x0000000786200000, 0x0000000786300000|  0%| F|  |TAMS 0x0000000786200000, 0x0000000786200000| Untracked 
|  99|0x0000000786300000, 0x0000000786300000, 0x0000000786400000|  0%| F|  |TAMS 0x0000000786300000, 0x0000000786300000| Untracked 
| 100|0x0000000786400000, 0x0000000786400000, 0x0000000786500000|  0%| F|  |TAMS 0x0000000786400000, 0x0000000786400000| Untracked 
| 101|0x0000000786500000, 0x0000000786500000, 0x0000000786600000|  0%| F|  |TAMS 0x0000000786500000, 0x0000000786500000| Untracked 
| 102|0x0000000786600000, 0x0000000786700000, 0x0000000786700000|100%| S|CS|TAMS 0x0000000786600000, 0x0000000786600000| Complete 
| 103|0x0000000786700000, 0x0000000786800000, 0x0000000786800000|100%| S|CS|TAMS 0x0000000786700000, 0x0000000786700000| Complete 
| 104|0x0000000786800000, 0x0000000786900000, 0x0000000786900000|100%| S|CS|TAMS 0x0000000786800000, 0x0000000786800000| Complete 
| 105|0x0000000786900000, 0x0000000786900000, 0x0000000786a00000|  0%| F|  |TAMS 0x0000000786900000, 0x0000000786900000| Untracked 
| 106|0x0000000786a00000, 0x0000000786a00000, 0x0000000786b00000|  0%| F|  |TAMS 0x0000000786a00000, 0x0000000786a00000| Untracked 
| 107|0x0000000786b00000, 0x0000000786b00000, 0x0000000786c00000|  0%| F|  |TAMS 0x0000000786b00000, 0x0000000786b00000| Untracked 
| 108|0x0000000786c00000, 0x0000000786c00000, 0x0000000786d00000|  0%| F|  |TAMS 0x0000000786c00000, 0x0000000786c00000| Untracked 
| 109|0x0000000786d00000, 0x0000000786d00000, 0x0000000786e00000|  0%| F|  |TAMS 0x0000000786d00000, 0x0000000786d00000| Untracked 
| 110|0x0000000786e00000, 0x0000000786e00000, 0x0000000786f00000|  0%| F|  |TAMS 0x0000000786e00000, 0x0000000786e00000| Untracked 
| 111|0x0000000786f00000, 0x0000000786f00000, 0x0000000787000000|  0%| F|  |TAMS 0x0000000786f00000, 0x0000000786f00000| Untracked 
| 112|0x0000000787000000, 0x0000000787000000, 0x0000000787100000|  0%| F|  |TAMS 0x0000000787000000, 0x0000000787000000| Untracked 
| 113|0x0000000787100000, 0x0000000787100000, 0x0000000787200000|  0%| F|  |TAMS 0x0000000787100000, 0x0000000787100000| Untracked 
| 114|0x0000000787200000, 0x0000000787200000, 0x0000000787300000|  0%| F|  |TAMS 0x0000000787200000, 0x0000000787200000| Untracked 
| 115|0x0000000787300000, 0x0000000787300000, 0x0000000787400000|  0%| F|  |TAMS 0x0000000787300000, 0x0000000787300000| Untracked 
| 116|0x0000000787400000, 0x0000000787400000, 0x0000000787500000|  0%| F|  |TAMS 0x0000000787400000, 0x0000000787400000| Untracked 
| 117|0x0000000787500000, 0x0000000787500000, 0x0000000787600000|  0%| F|  |TAMS 0x0000000787500000, 0x0000000787500000| Untracked 
| 118|0x0000000787600000, 0x0000000787600000, 0x0000000787700000|  0%| F|  |TAMS 0x0000000787600000, 0x0000000787600000| Untracked 
| 119|0x0000000787700000, 0x0000000787700000, 0x0000000787800000|  0%| F|  |TAMS 0x0000000787700000, 0x0000000787700000| Untracked 
| 120|0x0000000787800000, 0x0000000787800000, 0x0000000787900000|  0%| F|  |TAMS 0x0000000787800000, 0x0000000787800000| Untracked 
| 121|0x0000000787900000, 0x0000000787900000, 0x0000000787a00000|  0%| F|  |TAMS 0x0000000787900000, 0x0000000787900000| Untracked 
| 122|0x0000000787a00000, 0x0000000787a00000, 0x0000000787b00000|  0%| F|  |TAMS 0x0000000787a00000, 0x0000000787a00000| Untracked 
| 123|0x0000000787b00000, 0x0000000787b00000, 0x0000000787c00000|  0%| F|  |TAMS 0x0000000787b00000, 0x0000000787b00000| Untracked 
| 124|0x0000000787c00000, 0x0000000787c00000, 0x0000000787d00000|  0%| F|  |TAMS 0x0000000787c00000, 0x0000000787c00000| Untracked 
| 125|0x0000000787d00000, 0x0000000787dac660, 0x0000000787e00000| 67%| E|  |TAMS 0x0000000787d00000, 0x0000000787d00000| Complete 
| 126|0x0000000787e00000, 0x0000000787f00000, 0x0000000787f00000|100%| E|CS|TAMS 0x0000000787e00000, 0x0000000787e00000| Complete 
| 127|0x0000000787f00000, 0x0000000788000000, 0x0000000788000000|100%| E|CS|TAMS 0x0000000787f00000, 0x0000000787f00000| Complete 
|2046|0x00000007ffe00000, 0x00000007ffe80000, 0x00000007fff00000| 50%|OA|  |TAMS 0x00000007ffe00000, 0x00000007ffe00000| Untracked 
|2047|0x00000007fff00000, 0x00000007fff84000, 0x0000000800000000| 51%|CA|  |TAMS 0x00000007fff00000, 0x00000007fff00000| Untracked 

Card table byte_map: [0x0000000100d38000,0x0000000101138000] _byte_map_base: 0x00000000fd138000

Marking Bits (Prev, Next): (CMBitMap*) 0x0000000134808210, (CMBitMap*) 0x0000000134808250
 Prev Bits: [0x000000011a490000, 0x000000011c490000)
 Next Bits: [0x000000011c490000, 0x000000011e490000)

Polling page: 0x0000000100594000

Metaspace:

Usage:
  Non-class:     12.68 MB used.
      Class:      2.10 MB used.
       Both:     14.78 MB used.

Virtual space:
  Non-class space:       16.00 MB reserved,      12.81 MB ( 80%) committed,  2 nodes.
      Class space:        1.00 GB reserved,       2.19 MB ( <1%) committed,  1 nodes.
             Both:        1.02 GB reserved,      15.00 MB (  1%) committed. 

Chunk freelists:
   Non-Class:  3.14 MB
       Class:  1.77 MB
        Both:  4.91 MB

MaxMetaspaceSize: unlimited
CompressedClassSpaceSize: 1.00 GB
Initial GC threshold: 21.00 MB
Current GC threshold: 21.00 MB
CDS: on
MetaspaceReclaimPolicy: balanced
 - commit_granule_bytes: 65536.
 - commit_granule_words: 8192.
 - virtual_space_node_default_size: 1048576.
 - enlarge_chunks_in_place: 1.
 - new_chunks_are_fully_committed: 0.
 - uncommit_free_chunks: 1.
 - use_allocation_guard: 0.
 - handle_deallocations: 1.


Internal statistics:

num_allocs_failed_limit: 0.
num_arena_births: 176.
num_arena_deaths: 0.
num_vsnodes_births: 3.
num_vsnodes_deaths: 0.
num_space_committed: 240.
num_space_uncommitted: 0.
num_chunks_returned_to_freelist: 0.
num_chunks_taken_from_freelist: 647.
num_chunk_merges: 0.
num_chunk_splits: 456.
num_chunks_enlarged: 365.
num_purges: 0.
num_inconsistent_stats: 0.

CodeHeap 'non-profiled nmethods': size=120032Kb used=567Kb max_used=567Kb free=119464Kb
 bounds [0x0000000112f58000, 0x00000001131c8000, 0x000000011a490000]
CodeHeap 'profiled nmethods': size=120016Kb used=3033Kb max_used=3033Kb free=116983Kb
 bounds [0x000000010ba24000, 0x000000010bd24000, 0x0000000112f58000]
CodeHeap 'non-nmethods': size=5712Kb used=1357Kb max_used=1397Kb free=4354Kb
 bounds [0x000000010b490000, 0x000000010b700000, 0x000000010ba24000]
 total_blobs=2419 nmethods=1676 adapters=659
 compilation: enabled
              stopped_count=0, restarted_count=0
 full_count=0

Compilation events (20 events):
Event: 2.673 Thread 0x0000000153816800 1690       3       java.util.concurrent.locks.LockSupport::setCurrentBlocker (14 bytes)
Event: 2.673 Thread 0x0000000153816800 nmethod 1690 0x000000010bd19b10 code [0x000000010bd19cc0, 0x000000010bd19f18]
Event: 2.673 Thread 0x0000000153816800 1692       1       com.sun.javafx.geom.transform.Affine3D::getMzt (5 bytes)
Event: 2.673 Thread 0x0000000153816800 nmethod 1692 0x0000000112fe4390 code [0x0000000112fe4500, 0x0000000112fe45e8]
Event: 2.673 Thread 0x0000000153816800 1693       1       com.sun.javafx.geom.transform.Affine3D::getMxz (5 bytes)
Event: 2.673 Thread 0x0000000153816800 nmethod 1693 0x0000000112fe4690 code [0x0000000112fe4800, 0x0000000112fe48e8]
Event: 2.673 Thread 0x0000000153816800 1694       1       com.sun.javafx.geom.transform.Affine3D::getMyz (5 bytes)
Event: 2.673 Thread 0x0000000153816800 nmethod 1694 0x0000000112fe4990 code [0x0000000112fe4b00, 0x0000000112fe4be8]
Event: 2.673 Thread 0x0000000153816800 1695       1       com.sun.javafx.geom.transform.Affine3D::getMzx (5 bytes)
Event: 2.673 Thread 0x0000000153816800 nmethod 1695 0x0000000112fe4c90 code [0x0000000112fe4e00, 0x0000000112fe4ee8]
Event: 2.673 Thread 0x0000000153816800 1696       1       com.sun.javafx.geom.transform.Affine3D::getMzy (5 bytes)
Event: 2.673 Thread 0x0000000153816800 nmethod 1696 0x0000000112fe4f90 code [0x0000000112fe5100, 0x0000000112fe51e8]
Event: 2.673 Thread 0x0000000153816800 1697       1       com.sun.javafx.geom.transform.Affine3D::getMzz (5 bytes)
Event: 2.673 Thread 0x0000000153816800 nmethod 1697 0x0000000112fe5290 code [0x0000000112fe5400, 0x0000000112fe54e8]
Event: 2.674 Thread 0x0000000153816800 1698       3       com.sun.prism.es2.GLContext::pixelStorei (6 bytes)
Event: 2.674 Thread 0x0000000153816800 nmethod 1698 0x000000010bd1a010 code [0x000000010bd1a1c0, 0x000000010bd1a358]
Event: 2.674 Thread 0x0000000153816800 1700       1       com.sun.javafx.sg.prism.NGNode::getClipNode (5 bytes)
Event: 2.674 Thread 0x0000000153816800 nmethod 1700 0x0000000112fe5910 code [0x0000000112fe5a80, 0x0000000112fe5b68]
Event: 2.674 Thread 0x0000000153816800 1701       1       com.sun.prism.paint.Paint$Type::isGradient (5 bytes)
Event: 2.674 Thread 0x0000000153816800 nmethod 1701 0x0000000112fe5c10 code [0x0000000112fe5d80, 0x0000000112fe5e68]

GC Heap History (2 events):
Event: 0.682 GC heap before
{Heap before GC invocations=0 (full 0):
 garbage-first heap   total 133120K, used 27664K [0x0000000780000000, 0x0000000800000000)
  region size 1024K, 23 young (23552K), 0 survivors (0K)
 Metaspace       used 14596K, committed 14848K, reserved 1064960K
  class space    used 2107K, committed 2240K, reserved 1048576K
}
Event: 0.685 GC heap after
{Heap after GC invocations=1 (full 0):
 garbage-first heap   total 133120K, used 9243K [0x0000000780000000, 0x0000000800000000)
  region size 1024K, 3 young (3072K), 3 survivors (3072K)
 Metaspace       used 14596K, committed 14848K, reserved 1064960K
  class space    used 2107K, committed 2240K, reserved 1048576K
}

Deoptimization events (20 events):
Event: 0.566 Thread 0x00000001538dd600 Uncommon trap: trap_request=0xffffff45 fr.pc=0x0000000112f63590 relative=0x0000000000000050
Event: 0.566 Thread 0x00000001538dd600 Uncommon trap: reason=unstable_if action=reinterpret pc=0x0000000112f63590 method=java.lang.CharacterData.of(I)Ljava/lang/CharacterData; @ 4 c2
Event: 0.566 Thread 0x00000001538dd600 DEOPT PACKING pc=0x0000000112f63590 sp=0x000000016f9d9900
Event: 0.566 Thread 0x00000001538dd600 DEOPT UNPACKING pc=0x000000010b4ced1c sp=0x000000016f9d9890 mode 2
Event: 0.566 Thread 0x00000001538dd600 Uncommon trap: trap_request=0xffffff45 fr.pc=0x0000000112f9f4e4 relative=0x0000000000000064
Event: 0.566 Thread 0x00000001538dd600 Uncommon trap: reason=unstable_if action=reinterpret pc=0x0000000112f9f4e4 method=java.lang.String.isLatin1()Z @ 10 c2
Event: 0.566 Thread 0x00000001538dd600 DEOPT PACKING pc=0x0000000112f9f4e4 sp=0x000000016f9d9000
Event: 0.566 Thread 0x00000001538dd600 DEOPT UNPACKING pc=0x000000010b4ced1c sp=0x000000016f9d8fa0 mode 2
Event: 0.567 Thread 0x00000001538dd600 Uncommon trap: trap_request=0xffffff45 fr.pc=0x0000000112f688dc relative=0x000000000000019c
Event: 0.567 Thread 0x00000001538dd600 Uncommon trap: reason=unstable_if action=reinterpret pc=0x0000000112f688dc method=java.lang.String.isLatin1()Z @ 10 c2
Event: 0.567 Thread 0x00000001538dd600 DEOPT PACKING pc=0x0000000112f688dc sp=0x000000016f9d9a20
Event: 0.567 Thread 0x00000001538dd600 DEOPT UNPACKING pc=0x000000010b4ced1c sp=0x000000016f9d9950 mode 2
Event: 1.200 Thread 0x00000001359c3600 Uncommon trap: trap_request=0xffffff45 fr.pc=0x0000000112fb6a40 relative=0x0000000000000f40
Event: 1.200 Thread 0x00000001359c3600 Uncommon trap: reason=unstable_if action=reinterpret pc=0x0000000112fb6a40 method=java.util.concurrent.ConcurrentHashMap.putVal(Ljava/lang/Object;Ljava/lang/Object;Z)Ljava/lang/Object; @ 148 c2
Event: 1.200 Thread 0x00000001359c3600 DEOPT PACKING pc=0x0000000112fb6a40 sp=0x00000002892658c0
Event: 1.200 Thread 0x00000001359c3600 DEOPT UNPACKING pc=0x000000010b4ced1c sp=0x00000002892657d0 mode 2
Event: 1.204 Thread 0x00000001359c3600 Uncommon trap: trap_request=0xffffff45 fr.pc=0x0000000112f6a844 relative=0x0000000000000104
Event: 1.204 Thread 0x00000001359c3600 Uncommon trap: reason=unstable_if action=reinterpret pc=0x0000000112f6a844 method=java.lang.StringLatin1.lastIndexOf([BI[BII)I @ 86 c2
Event: 1.204 Thread 0x00000001359c3600 DEOPT PACKING pc=0x0000000112f6a844 sp=0x00000002892658b0
Event: 1.204 Thread 0x00000001359c3600 DEOPT UNPACKING pc=0x000000010b4ced1c sp=0x0000000289265810 mode 2

Classes unloaded (0 events):
No events

Classes redefined (0 events):
No events

Internal exceptions (20 events):
Event: 0.360 Thread 0x00000001538dd600 Exception <a 'java/lang/NoSuchMethodError'{0x00000007873173a0}: 'java.lang.Object java.lang.invoke.DirectMethodHandle$Holder.invokeStaticInit(java.lang.Object, java.lang.Object, java.lang.Object, java.lang.Object)'> (0x00000007873173a0) 
thrown [src/hotspot/share/interpreter/linkResolver.cpp, line 766]
Event: 0.360 Thread 0x00000001538dd600 Exception <a 'java/lang/NullPointerException'{0x000000078731ff98}> (0x000000078731ff98) 
thrown [src/hotspot/share/interpreter/linkResolver.cpp, line 1357]
Event: 0.368 Thread 0x00000001538dd600 Exception <a 'java/lang/NoSuchMethodError'{0x00000007873ab428}: 'java.lang.Object java.lang.invoke.DirectMethodHandle$Holder.invokeSpecial(java.lang.Object, java.lang.Object, java.lang.Object, int, java.lang.Object)'> (0x00000007873ab428) 
thrown [src/hotspot/share/interpreter/linkResolver.cpp, line 766]
Event: 0.398 Thread 0x00000001538dd600 Exception <a 'java/lang/NoSuchMethodError'{0x0000000787065380}: 'void java.lang.invoke.DirectMethodHandle$Holder.invokeStaticInit(java.lang.Object, java.lang.Object)'> (0x0000000787065380) 
thrown [src/hotspot/share/interpreter/linkResolver.cpp, line 766]
Event: 0.420 Thread 0x00000001538dd600 Exception <a 'sun/nio/fs/UnixException'{0x0000000786f3df10}> (0x0000000786f3df10) 
thrown [src/hotspot/share/prims/jni.cpp, line 516]
Event: 0.420 Thread 0x00000001538dd600 Exception <a 'java/io/FileNotFoundException'{0x0000000786f43538}> (0x0000000786f43538) 
thrown [src/hotspot/share/prims/jni.cpp, line 516]
Event: 0.497 Thread 0x00000001538dd600 Exception <a 'java/lang/ClassNotFoundException'{0x0000000786d32898}: com/sun/javafx/scene/control/skin/resources/controls> (0x0000000786d32898) 
thrown [src/hotspot/share/prims/jni.cpp, line 535]
Event: 0.497 Thread 0x00000001538dd600 Exception <a 'java/lang/ClassNotFoundException'{0x0000000786d40518}: com/sun/javafx/scene/control/skin/resources/controls_it> (0x0000000786d40518) 
thrown [src/hotspot/share/prims/jni.cpp, line 535]
Event: 0.498 Thread 0x00000001538dd600 Exception <a 'java/lang/ClassNotFoundException'{0x0000000786d4de30}: com/sun/javafx/scene/control/skin/resources/controls_it_IT> (0x0000000786d4de30) 
thrown [src/hotspot/share/prims/jni.cpp, line 535]
Event: 0.509 Thread 0x00000001538dd600 Implicit null exception at 0x0000000112fa6394 to 0x0000000112fa671c
Event: 0.510 Thread 0x00000001538dd600 Exception <a 'java/lang/NoSuchMethodError'{0x0000000786c7e278}: 'void java.lang.invoke.DirectMethodHandle$Holder.invokeSpecial(java.lang.Object, java.lang.Object, java.lang.Object, java.lang.Object, java.lang.Object, java.lang.Object)'> (0x0000000786c7e278) 
thrown [src/hotspot/share/interpreter/linkResolver.cpp, line 766]
Event: 0.511 Thread 0x00000001538dd600 Implicit null exception at 0x0000000112fa44d4 to 0x0000000112fa4824
Event: 0.579 Thread 0x00000001538dd600 Exception <a 'java/lang/NoSuchMethodError'{0x0000000786b82d68}: 'java.lang.Object java.lang.invoke.DirectMethodHandle$Holder.invokeInterface(java.lang.Object, java.lang.Object, java.lang.Object)'> (0x0000000786b82d68) 
thrown [src/hotspot/share/interpreter/linkResolver.cpp, line 766]
Event: 0.579 Thread 0x00000001538dd600 Exception <a 'java/lang/IncompatibleClassChangeError'{0x0000000786b866f0}: Found class java.lang.Object, but interface was expected> (0x0000000786b866f0) 
thrown [src/hotspot/share/interpreter/linkResolver.cpp, line 833]
Event: 0.610 Thread 0x00000001538dd600 Exception <a 'java/lang/NoSuchMethodError'{0x0000000786ac73f8}: 'java.lang.Object java.lang.invoke.DirectMethodHandle$Holder.newInvokeSpecial(java.lang.Object, java.lang.Object, int)'> (0x0000000786ac73f8) 
thrown [src/hotspot/share/interpreter/linkResolver.cpp, line 766]
Event: 0.672 Thread 0x000000013381da00 Exception <a 'java/lang/NoSuchMethodError'{0x000000078697f140}: 'int java.lang.invoke.DirectMethodHandle$Holder.invokeStaticInit(java.lang.Object, java.lang.Object)'> (0x000000078697f140) 
thrown [src/hotspot/share/interpreter/linkResolver.cpp, line 766]
Event: 0.672 Thread 0x00000001538dd600 Exception <a 'java/lang/NoSuchMethodError'{0x000000078690a6b8}: 'long java.lang.invoke.DirectMethodHandle$Holder.invokeStatic(java.lang.Object, java.lang.Object, java.lang.Object)'> (0x000000078690a6b8) 
thrown [src/hotspot/share/interpreter/linkResolver.cpp, line 766]
Event: 0.672 Thread 0x00000001538dd600 Exception <a 'java/lang/NoSuchMethodError'{0x000000078690de60}: 'long java.lang.invoke.DirectMethodHandle$Holder.invokeStaticInit(java.lang.Object, java.lang.Object, java.lang.Object)'> (0x000000078690de60) 
thrown [src/hotspot/share/interpreter/linkResolver.cpp, line 766]
Event: 0.673 Thread 0x00000001538dd600 Exception <a 'java/lang/NoSuchMethodError'{0x0000000786925a68}: 'java.lang.Object java.lang.invoke.DirectMethodHandle$Holder.newInvokeSpecial(java.lang.Object, java.lang.Object, long)'> (0x0000000786925a68) 
thrown [src/hotspot/share/interpreter/linkResolver.cpp, line 766]
Event: 0.673 Thread 0x00000001538dd600 Exception <a 'java/lang/NoSuchMethodError'{0x0000000786929330}: 'java.lang.Object java.lang.invoke.Invokers$Holder.linkToTargetMethod(java.lang.Object, long, java.lang.Object)'> (0x0000000786929330) 
thrown [src/hotspot/share/interpreter/linkResolver.cpp, line 766]

VM Operations (20 events):
Event: 0.099 Executing VM operation: ICBufferFull
Event: 0.099 Executing VM operation: ICBufferFull done
Event: 0.103 Executing VM operation: HandshakeAllThreads
Event: 0.103 Executing VM operation: HandshakeAllThreads done
Event: 0.380 Executing VM operation: HandshakeAllThreads
Event: 0.380 Executing VM operation: HandshakeAllThreads done
Event: 0.396 Executing VM operation: ICBufferFull
Event: 0.396 Executing VM operation: ICBufferFull done
Event: 0.428 Executing VM operation: HandshakeAllThreads
Event: 0.428 Executing VM operation: HandshakeAllThreads done
Event: 0.466 Executing VM operation: ICBufferFull
Event: 0.466 Executing VM operation: ICBufferFull done
Event: 0.566 Executing VM operation: HandshakeAllThreads
Event: 0.566 Executing VM operation: HandshakeAllThreads done
Event: 0.624 Executing VM operation: HandshakeAllThreads
Event: 0.624 Executing VM operation: HandshakeAllThreads done
Event: 0.682 Executing VM operation: G1CollectForAllocation
Event: 0.685 Executing VM operation: G1CollectForAllocation done
Event: 2.088 Executing VM operation: Cleanup
Event: 2.088 Executing VM operation: Cleanup done

Events (20 events):
Event: 1.195 loading class sun/util/cldr/CLDRTimeZoneNameProviderImpl
Event: 1.196 loading class sun/util/locale/provider/TimeZoneNameProviderImpl
Event: 1.196 loading class sun/util/locale/provider/TimeZoneNameProviderImpl done
Event: 1.196 loading class sun/util/cldr/CLDRTimeZoneNameProviderImpl done
Event: 1.200 loading class sun/util/locale/provider/BaseLocaleDataMetaInfo
Event: 1.200 loading class sun/util/locale/provider/BaseLocaleDataMetaInfo done
Event: 1.201 loading class sun/util/resources/cldr/TimeZoneNames
Event: 1.201 loading class sun/util/resources/TimeZoneNamesBundle
Event: 1.201 loading class sun/util/resources/OpenListResourceBundle
Event: 1.201 loading class sun/util/resources/OpenListResourceBundle done
Event: 1.201 loading class sun/util/resources/TimeZoneNamesBundle done
Event: 1.201 loading class sun/util/resources/cldr/TimeZoneNames done
Event: 1.202 loading class sun/util/resources/cldr/TimeZoneNames_en
Event: 1.204 loading class sun/util/resources/cldr/TimeZoneNames_en done
Event: 1.204 loading class sun/util/resources/cldr/TimeZoneNames_en_US
Event: 1.204 loading class sun/util/resources/cldr/TimeZoneNames_en_US done
Event: 1.206 loading class sun/util/resources/TimeZoneNames
Event: 1.207 loading class sun/util/resources/TimeZoneNames done
Event: 1.207 loading class sun/util/resources/TimeZoneNames_en
Event: 1.207 loading class sun/util/resources/TimeZoneNames_en done


Dynamic libraries:
0x0000000100554000 	/Users/tom/Library/Java/JavaVirtualMachines/liberica-17.0.1/lib/libjli.dylib
0x00000001a358b000 	/usr/lib/libz.1.dylib
0x00000001a363b000 	/usr/lib/libSystem.B.dylib
0x00000001a3635000 	/usr/lib/system/libcache.dylib
0x00000001a35f3000 	/usr/lib/system/libcommonCrypto.dylib
0x00000001a361c000 	/usr/lib/system/libcompiler_rt.dylib
0x00000001a3613000 	/usr/lib/system/libcopyfile.dylib
0x000000019897e000 	/usr/lib/system/libcorecrypto.dylib
0x0000000198a23000 	/usr/lib/system/libdispatch.dylib
0x0000000198beb000 	/usr/lib/system/libdyld.dylib
0x00000001a362b000 	/usr/lib/system/libkeymgr.dylib
0x00000001a35d5000 	/usr/lib/system/libmacho.dylib
0x00000001a2cd9000 	/usr/lib/system/libquarantine.dylib
0x00000001a3628000 	/usr/lib/system/libremovefile.dylib
0x000000019dd7a000 	/usr/lib/system/libsystem_asl.dylib
0x0000000198928000 	/usr/lib/system/libsystem_blocks.dylib
0x0000000198aa9000 	/usr/lib/system/libsystem_c.dylib
0x00000001a3620000 	/usr/lib/system/libsystem_collections.dylib
0x00000001a2198000 	/usr/lib/system/libsystem_configuration.dylib
0x00000001a141c000 	/usr/lib/system/libsystem_containermanager.dylib
0x00000001a333c000 	/usr/lib/system/libsystem_coreservices.dylib
0x000000019b30f000 	/usr/lib/system/libsystem_darwin.dylib
0x00000001a362c000 	/usr/lib/system/libsystem_dnssd.dylib
0x0000000198aa6000 	/usr/lib/system/libsystem_featureflags.dylib
0x0000000198c00000 	/usr/lib/system/libsystem_info.dylib
0x00000001a359d000 	/usr/lib/system/libsystem_m.dylib
0x00000001989f8000 	/usr/lib/system/libsystem_malloc.dylib
0x000000019dd0b000 	/usr/lib/system/libsystem_networkextension.dylib
0x000000019b763000 	/usr/lib/system/libsystem_notify.dylib
0x00000001a9841000 	/usr/lib/system/libsystem_product_info_filter.dylib
0x00000001a219d000 	/usr/lib/system/libsystem_sandbox.dylib
0x00000001a3625000 	/usr/lib/system/libsystem_secinit.dylib
0x0000000198ba8000 	/usr/lib/system/libsystem_kernel.dylib
0x0000000198bf8000 	/usr/lib/system/libsystem_platform.dylib
0x0000000198bde000 	/usr/lib/system/libsystem_pthread.dylib
0x000000019f4b4000 	/usr/lib/system/libsystem_symptoms.dylib
0x0000000198964000 	/usr/lib/system/libsystem_trace.dylib
0x00000001a3600000 	/usr/lib/system/libunwind.dylib
0x000000019892a000 	/usr/lib/system/libxpc.dylib
0x0000000198b8e000 	/usr/lib/libc++abi.dylib
0x0000000198a6a000 	/usr/lib/libobjc.A.dylib
0x00000001a360b000 	/usr/lib/liboah.dylib
0x0000000198b2a000 	/usr/lib/libc++.1.dylib
0x00000001af23c000 	/System/Library/Frameworks/Cocoa.framework/Versions/A/Cocoa
0x000000019b7c3000 	/System/Library/Frameworks/AppKit.framework/Versions/C/AppKit
0x000000019ecf3000 	/System/Library/Frameworks/CoreData.framework/Versions/A/CoreData
0x0000000199b20000 	/System/Library/Frameworks/Foundation.framework/Versions/C/Foundation
0x000000019c677000 	/System/Library/PrivateFrameworks/UIFoundation.framework/Versions/A/UIFoundation
0x00000001a953b000 	/System/Library/PrivateFrameworks/RemoteViewServices.framework/Versions/A/RemoteViewServices
0x00000001a1b56000 	/System/Library/PrivateFrameworks/XCTTargetBootstrap.framework/Versions/A/XCTTargetBootstrap
0x00000001a533c000 	/System/Library/PrivateFrameworks/InternationalSupport.framework/Versions/A/InternationalSupport
0x00000001a53c5000 	/System/Library/PrivateFrameworks/UserActivity.framework/Versions/A/UserActivity
0x00000001a486a000 	/usr/lib/libspindump.dylib
0x000000019c8e7000 	/System/Library/Frameworks/UniformTypeIdentifiers.framework/Versions/A/UniformTypeIdentifiers
0x00000001a00e3000 	/usr/lib/libapp_launch_measurement.dylib
0x000000019f65b000 	/System/Library/PrivateFrameworks/CoreAnalytics.framework/Versions/A/CoreAnalytics
0x00000001a00e6000 	/System/Library/PrivateFrameworks/CoreAutoLayout.framework/Versions/A/CoreAutoLayout
0x00000001a1459000 	/System/Library/Frameworks/Metal.framework/Versions/A/Metal
0x00000001a21a8000 	/usr/lib/liblangid.dylib
0x00000001a1b5a000 	/System/Library/PrivateFrameworks/CoreSVG.framework/Versions/A/CoreSVG
0x000000019ddae000 	/System/Library/PrivateFrameworks/SkyLight.framework/Versions/A/SkyLight
0x000000019e178000 	/System/Library/Frameworks/CoreGraphics.framework/Versions/A/CoreGraphics
0x00000001a9bb8000 	/System/Library/Frameworks/Accelerate.framework/Versions/A/Accelerate
0x00000001a42de000 	/System/Library/PrivateFrameworks/IconServices.framework/Versions/A/IconServices
0x00000001a143b000 	/System/Library/Frameworks/IOSurface.framework/Versions/A/IOSurface
0x000000019f68b000 	/usr/lib/libDiagnosticMessagesClient.dylib
0x00000001acfff000 	/System/Library/Frameworks/ApplicationServices.framework/Versions/A/ApplicationServices
0x00000001a1b3e000 	/System/Library/PrivateFrameworks/DFRFoundation.framework/Versions/A/DFRFoundation
0x000000019b064000 	/usr/lib/libicucore.A.dylib
0x00000001a613d000 	/System/Library/Frameworks/AudioToolbox.framework/Versions/A/AudioToolbox
0x00000001a5348000 	/System/Library/PrivateFrameworks/DataDetectorsCore.framework/Versions/A/DataDetectorsCore
0x00000001bb47a000 	/System/Library/PrivateFrameworks/TextInput.framework/Versions/A/TextInput
0x000000019dd25000 	/usr/lib/libMobileGestalt.dylib
0x00000001a180e000 	/System/Library/Frameworks/Carbon.framework/Versions/A/Frameworks/HIToolbox.framework/Versions/A/HIToolbox
0x000000019faec000 	/System/Library/Frameworks/QuartzCore.framework/Versions/A/QuartzCore
0x000000019ace1000 	/System/Library/Frameworks/Security.framework/Versions/A/Security
0x00000001a957b000 	/System/Library/Frameworks/Carbon.framework/Versions/A/Frameworks/SpeechRecognition.framework/Versions/A/SpeechRecognition
0x000000019fe3a000 	/System/Library/PrivateFrameworks/CoreUI.framework/Versions/A/CoreUI
0x000000019a5b2000 	/System/Library/Frameworks/CoreAudio.framework/Versions/A/CoreAudio
0x000000019f77f000 	/System/Library/Frameworks/DiskArbitration.framework/Versions/A/DiskArbitration
0x00000001a4c4f000 	/System/Library/PrivateFrameworks/MultitouchSupport.framework/Versions/A/MultitouchSupport
0x000000019dd23000 	/usr/lib/libenergytrace.dylib
0x000000019b68d000 	/System/Library/Frameworks/IOKit.framework/Versions/A/IOKit
0x00000001a9964000 	/System/Library/Frameworks/CoreServices.framework/Versions/A/CoreServices
0x00000001a0073000 	/System/Library/PrivateFrameworks/PerformanceAnalysis.framework/Versions/A/PerformanceAnalysis
0x00000001f9fed000 	/System/Library/Frameworks/OpenGL.framework/Versions/A/OpenGL
0x00000001a2bf9000 	/System/Library/PrivateFrameworks/MobileKeyBag.framework/Versions/A/MobileKeyBag
0x000000019e788000 	/System/Library/Frameworks/ColorSync.framework/Versions/A/ColorSync
0x0000000198c2c000 	/System/Library/Frameworks/CoreFoundation.framework/Versions/A/CoreFoundation
0x00000001a1ddb000 	/System/Library/Frameworks/CoreImage.framework/Versions/A/CoreImage
0x000000019a3d5000 	/System/Library/Frameworks/CoreText.framework/Versions/A/CoreText
0x00000001a1b8a000 	/System/Library/Frameworks/ImageIO.framework/Versions/A/ImageIO
0x00000001a3641000 	/System/Library/PrivateFrameworks/SoftLinking.framework/Versions/A/SoftLinking
0x00000001a0130000 	/usr/lib/libxml2.2.dylib
0x00000001a38da000 	/usr/lib/libcompression.dylib
0x00000001a5295000 	/System/Library/PrivateFrameworks/TextureIO.framework/Versions/A/TextureIO
0x00000001a3ff8000 	/usr/lib/libate.dylib
0x00000001a3ec0000 	/usr/lib/liblzma.5.dylib
0x0000000199814000 	/System/Library/Frameworks/SystemConfiguration.framework/Versions/A/SystemConfiguration
0x00000001a363d000 	/usr/lib/libfakelink.dylib
0x000000019d852000 	/System/Library/Frameworks/CFNetwork.framework/Versions/A/CFNetwork
0x00000001a3784000 	/usr/lib/libarchive.2.dylib
0x00000001a21a4000 	/System/Library/PrivateFrameworks/AppleSystemInfo.framework/Versions/A/AppleSystemInfo
0x00000001a2d04000 	/usr/lib/libbsm.0.dylib
0x000000019cd8a000 	/usr/lib/libnetwork.dylib
0x00000001a35db000 	/usr/lib/system/libkxld.dylib
0x00000001a291b000 	/System/Library/PrivateFrameworks/IOMobileFramebuffer.framework/Versions/A/IOMobileFramebuffer
0x0000000215d52000 	/usr/lib/libCoreEntitlements.dylib
0x00000001a331e000 	/System/Library/PrivateFrameworks/AppleFSCompression.framework/Versions/A/AppleFSCompression
0x00000001a2cec000 	/usr/lib/libcoretls.dylib
0x00000001a3ed9000 	/usr/lib/libcoretls_cfhelpers.dylib
0x00000001a38d5000 	/usr/lib/libpam.2.dylib
0x000000019f0dc000 	/usr/lib/libsqlite3.dylib
0x00000001a3f41000 	/usr/lib/libxar.1.dylib
0x00000001a332f000 	/usr/lib/libbz2.1.0.dylib
0x00000001a3642000 	/usr/lib/libpcap.A.dylib
0x000000019f4ab000 	/usr/lib/libdns_services.dylib
0x00000001a38a8000 	/usr/lib/libapple_nghttp2.dylib
0x00000001a367f000 	/usr/lib/libiconv.2.dylib
0x00000001a35d4000 	/usr/lib/libcharset.1.dylib
0x00000001a00af000 	/System/Library/Frameworks/CoreServices.framework/Versions/A/Frameworks/FSEvents.framework/Versions/A/FSEvents
0x000000019b31a000 	/System/Library/Frameworks/CoreServices.framework/Versions/A/Frameworks/CarbonCore.framework/Versions/A/CarbonCore
0x000000019f6e2000 	/System/Library/Frameworks/CoreServices.framework/Versions/A/Frameworks/Metadata.framework/Versions/A/Metadata
0x00000001a3342000 	/System/Library/Frameworks/CoreServices.framework/Versions/A/Frameworks/OSServices.framework/Versions/A/OSServices
0x00000001a380a000 	/System/Library/Frameworks/CoreServices.framework/Versions/A/Frameworks/SearchKit.framework/Versions/A/SearchKit
0x000000019f439000 	/System/Library/Frameworks/CoreServices.framework/Versions/A/Frameworks/AE.framework/Versions/A/AE
0x0000000199170000 	/System/Library/Frameworks/CoreServices.framework/Versions/A/Frameworks/LaunchServices.framework/Versions/A/LaunchServices
0x00000001a3e69000 	/System/Library/Frameworks/CoreServices.framework/Versions/A/Frameworks/DictionaryServices.framework/Versions/A/DictionaryServices
0x00000001a00bc000 	/System/Library/Frameworks/CoreServices.framework/Versions/A/Frameworks/SharedFileList.framework/Versions/A/SharedFileList
0x00000001a2cdc000 	/usr/lib/libCheckFix.dylib
0x000000019dd92000 	/System/Library/PrivateFrameworks/TCC.framework/Versions/A/TCC
0x00000001a21aa000 	/System/Library/PrivateFrameworks/CoreNLP.framework/Versions/A/CoreNLP
0x000000019f68e000 	/System/Library/PrivateFrameworks/MetadataUtilities.framework/Versions/A/MetadataUtilities
0x00000001998cd000 	/usr/lib/libmecabra.dylib
0x00000001a2d15000 	/usr/lib/libmecab.dylib
0x0000000199899000 	/usr/lib/libCRFSuite.dylib
0x00000001a2d73000 	/usr/lib/libgermantok.dylib
0x00000001a3881000 	/usr/lib/libThaiTokenizer.dylib
0x000000019f787000 	/System/Library/Frameworks/Accelerate.framework/Versions/A/Frameworks/vImage.framework/Versions/A/vImage
0x00000001a993b000 	/System/Library/Frameworks/Accelerate.framework/Versions/A/Frameworks/vecLib.framework/Versions/A/vecLib
0x00000001a3f85000 	/System/Library/Frameworks/Accelerate.framework/Versions/A/Frameworks/vecLib.framework/Versions/A/libvMisc.dylib
0x00000001a2825000 	/System/Library/Frameworks/Accelerate.framework/Versions/A/Frameworks/vecLib.framework/Versions/A/libvDSP.dylib
0x00000001994f3000 	/System/Library/Frameworks/Accelerate.framework/Versions/A/Frameworks/vecLib.framework/Versions/A/libBLAS.dylib
0x00000001a39a9000 	/System/Library/Frameworks/Accelerate.framework/Versions/A/Frameworks/vecLib.framework/Versions/A/libLAPACK.dylib
0x00000001a2d76000 	/System/Library/Frameworks/Accelerate.framework/Versions/A/Frameworks/vecLib.framework/Versions/A/libLinearAlgebra.dylib
0x00000001a38c0000 	/System/Library/Frameworks/Accelerate.framework/Versions/A/Frameworks/vecLib.framework/Versions/A/libSparseBLAS.dylib
0x00000001a39a4000 	/System/Library/Frameworks/Accelerate.framework/Versions/A/Frameworks/vecLib.framework/Versions/A/libQuadrature.dylib
0x00000001a22a1000 	/System/Library/Frameworks/Accelerate.framework/Versions/A/Frameworks/vecLib.framework/Versions/A/libBNNS.dylib
0x00000001997b1000 	/System/Library/Frameworks/Accelerate.framework/Versions/A/Frameworks/vecLib.framework/Versions/A/libSparse.dylib
0x00000001a2299000 	/System/Library/PrivateFrameworks/LinguisticData.framework/Versions/A/LinguisticData
0x0000000199767000 	/System/Library/PrivateFrameworks/Lexicon.framework/Versions/A/Lexicon
0x00000001a3f7d000 	/usr/lib/libChineseTokenizer.dylib
0x0000000199f0e000 	/System/Library/PrivateFrameworks/LanguageModeling.framework/Versions/A/LanguageModeling
0x00000001a3883000 	/System/Library/PrivateFrameworks/AppleSauce.framework/Versions/A/AppleSauce
0x00000001a2908000 	/System/Library/PrivateFrameworks/CoreEmoji.framework/Versions/A/CoreEmoji
0x00000001a3772000 	/usr/lib/libcmph.dylib
0x00000001a008f000 	/System/Library/Frameworks/OpenDirectory.framework/Versions/A/Frameworks/CFOpenDirectory.framework/Versions/A/CFOpenDirectory
0x00000001a007f000 	/System/Library/Frameworks/OpenDirectory.framework/Versions/A/OpenDirectory
0x00000001a3edb000 	/System/Library/PrivateFrameworks/APFS.framework/Versions/A/APFS
0x00000001a2c34000 	/System/Library/Frameworks/SecurityFoundation.framework/Versions/A/SecurityFoundation
0x00000001a3f4f000 	/usr/lib/libutil.dylib
0x000000019b64f000 	/System/Library/PrivateFrameworks/CoreServicesStore.framework/Versions/A/CoreServicesStore
0x00000001a3f53000 	/usr/lib/libxslt.1.dylib
0x00000001a2cc8000 	/System/Library/PrivateFrameworks/BackgroundTaskManagement.framework/Versions/A/BackgroundTaskManagement
0x00000001a51b6000 	/System/Library/Frameworks/ImageIO.framework/Versions/A/Resources/libRadiance.dylib
0x00000001a51bf000 	/System/Library/Frameworks/ImageIO.framework/Versions/A/Resources/libJPEG.dylib
0x00000001a5111000 	/System/Library/Frameworks/ImageIO.framework/Versions/A/Resources/libPng.dylib
0x00000001a5133000 	/System/Library/Frameworks/ImageIO.framework/Versions/A/Resources/libTIFF.dylib
0x00000001a521a000 	/System/Library/Frameworks/ImageIO.framework/Versions/A/Resources/libGIF.dylib
0x00000001a4b5f000 	/System/Library/Frameworks/ImageIO.framework/Versions/A/Resources/libJP2.dylib
0x00000001a42a4000 	/usr/lib/libexpat.1.dylib
0x00000001a4b1a000 	/System/Library/PrivateFrameworks/AppleJPEG.framework/Versions/A/AppleJPEG
0x00000001a16cd000 	/System/Library/PrivateFrameworks/FontServices.framework/libFontParser.dylib
0x000000019f3de000 	/System/Library/PrivateFrameworks/RunningBoardServices.framework/Versions/A/RunningBoardServices
0x00000001af8af000 	/System/Library/PrivateFrameworks/IOSurfaceAccelerator.framework/Versions/A/IOSurfaceAccelerator
0x00000001a4c4b000 	/System/Library/PrivateFrameworks/WatchdogClient.framework/Versions/A/WatchdogClient
0x000000019a012000 	/System/Library/Frameworks/CoreDisplay.framework/Versions/A/CoreDisplay
0x00000001a15bb000 	/System/Library/Frameworks/CoreMedia.framework/Versions/A/CoreMedia
0x00000001a144f000 	/System/Library/PrivateFrameworks/IOAccelerator.framework/Versions/A/IOAccelerator
0x00000001a021d000 	/System/Library/Frameworks/CoreVideo.framework/Versions/A/CoreVideo
0x00000001a38d3000 	/System/Library/Frameworks/MetalPerformanceShaders.framework/Versions/A/MetalPerformanceShaders
0x00000001a4c88000 	/System/Library/Frameworks/VideoToolbox.framework/Versions/A/VideoToolbox
0x000000019f322000 	/System/Library/PrivateFrameworks/BaseBoard.framework/Versions/A/BaseBoard
0x000000019f0c1000 	/System/Library/PrivateFrameworks/ProtocolBuffer.framework/Versions/A/ProtocolBuffer
0x00000001a51b1000 	/System/Library/PrivateFrameworks/GPUWrangler.framework/Versions/A/GPUWrangler
0x00000001a5190000 	/System/Library/PrivateFrameworks/IOPresentment.framework/Versions/A/IOPresentment
0x00000001a51b9000 	/System/Library/PrivateFrameworks/DSExternalDisplay.framework/Versions/A/DSExternalDisplay
0x00000001f9fe0000 	/System/Library/Frameworks/OpenGL.framework/Versions/A/Libraries/libCoreFSCache.dylib
0x00000002037a1000 	/System/Library/PrivateFrameworks/GPUCompiler.framework/Versions/31001/Libraries/libGPUCompilerUtils.dylib
0x00000001a521f000 	/System/Library/PrivateFrameworks/CMCaptureCore.framework/Versions/A/CMCaptureCore
0x00000001a4858000 	/System/Library/PrivateFrameworks/AppServerSupport.framework/Versions/A/AppServerSupport
0x00000001a69f8000 	/System/Library/PrivateFrameworks/perfdata.framework/Versions/A/perfdata
0x000000019a132000 	/System/Library/PrivateFrameworks/AudioToolboxCore.framework/Versions/A/AudioToolboxCore
0x00000001a1593000 	/System/Library/PrivateFrameworks/caulk.framework/Versions/A/caulk
0x00000001a62ed000 	/usr/lib/libAudioStatistics.dylib
0x00000001b7bf3000 	/System/Library/PrivateFrameworks/SystemPolicy.framework/Versions/A/SystemPolicy
0x00000001a654d000 	/usr/lib/libSMC.dylib
0x00000001af11e000 	/System/Library/Frameworks/CoreMIDI.framework/Versions/A/CoreMIDI
0x00000001a50df000 	/usr/lib/libAudioToolboxUtility.dylib
0x00000001b402c000 	/System/Library/PrivateFrameworks/OSAServicesClient.framework/Versions/A/OSAServicesClient
0x00000001a6a05000 	/usr/lib/libperfcheck.dylib
0x00000001b86f6000 	/usr/lib/libmis.dylib
0x00000001fa041000 	/System/Library/Frameworks/OpenGL.framework/Versions/A/Libraries/libGLU.dylib
0x00000001fa000000 	/System/Library/Frameworks/OpenGL.framework/Versions/A/Libraries/libGFXShared.dylib
0x00000001fa1ea000 	/System/Library/Frameworks/OpenGL.framework/Versions/A/Libraries/libGL.dylib
0x00000001fa009000 	/System/Library/Frameworks/OpenGL.framework/Versions/A/Libraries/libGLImage.dylib
0x00000001f9ffd000 	/System/Library/Frameworks/OpenGL.framework/Versions/A/Libraries/libCVMSPluginSupport.dylib
0x00000001f9fe7000 	/System/Library/Frameworks/OpenGL.framework/Versions/A/Libraries/libCoreVMClient.dylib
0x00000001a2125000 	/System/Library/Frameworks/MetalPerformanceShaders.framework/Versions/A/Frameworks/MPSCore.framework/Versions/A/MPSCore
0x00000001a3291000 	/System/Library/Frameworks/MetalPerformanceShaders.framework/Versions/A/Frameworks/MPSImage.framework/Versions/A/MPSImage
0x00000001a2d8b000 	/System/Library/Frameworks/MetalPerformanceShaders.framework/Versions/A/Frameworks/MPSNeuralNetwork.framework/Versions/A/MPSNeuralNetwork
0x00000001a31c8000 	/System/Library/Frameworks/MetalPerformanceShaders.framework/Versions/A/Frameworks/MPSMatrix.framework/Versions/A/MPSMatrix
0x00000001a2fa3000 	/System/Library/Frameworks/MetalPerformanceShaders.framework/Versions/A/Frameworks/MPSRayIntersector.framework/Versions/A/MPSRayIntersector
0x00000001a31f9000 	/System/Library/Frameworks/MetalPerformanceShaders.framework/Versions/A/Frameworks/MPSNDArray.framework/Versions/A/MPSNDArray
0x00000001fbd17000 	/System/Library/Frameworks/MetalPerformanceShaders.framework/Versions/A/Frameworks/MPSFunctions.framework/Versions/A/MPSFunctions
0x00000001993d1000 	/System/Library/PrivateFrameworks/MetalTools.framework/Versions/A/MetalTools
0x00000001a21a2000 	/System/Library/PrivateFrameworks/AggregateDictionary.framework/Versions/A/AggregateDictionary
0x00000001a408a000 	/usr/lib/libIOReport.dylib
0x00000001ae105000 	/System/Library/PrivateFrameworks/ASEProcessing.framework/Versions/A/ASEProcessing
0x00000001a43fd000 	/System/Library/PrivateFrameworks/FaceCore.framework/Versions/A/FaceCore
0x00000001a43ef000 	/System/Library/PrivateFrameworks/GraphVisualizer.framework/Versions/A/GraphVisualizer
0x00000002036b8000 	/System/Library/PrivateFrameworks/FontServices.framework/Versions/A/FontServices
0x00000001a4812000 	/System/Library/PrivateFrameworks/OTSVG.framework/Versions/A/OTSVG
0x000000019fdeb000 	/System/Library/Frameworks/ApplicationServices.framework/Versions/A/Frameworks/ATS.framework/Versions/A/Resources/libFontRegistry.dylib
0x00000001a4861000 	/System/Library/PrivateFrameworks/FontServices.framework/libhvf.dylib
0x00000002036b9000 	/System/Library/PrivateFrameworks/FontServices.framework/libXTFontStaticRegistryData.dylib
0x00000001fa38c000 	/System/Library/Frameworks/OpenCL.framework/Versions/A/OpenCL
0x00000001a4258000 	/System/Library/PrivateFrameworks/AppleVA.framework/Versions/A/AppleVA
0x00000001a6315000 	/System/Library/Frameworks/ApplicationServices.framework/Versions/A/Frameworks/ATS.framework/Versions/A/ATS
0x000000019e885000 	/System/Library/Frameworks/ApplicationServices.framework/Versions/A/Frameworks/HIServices.framework/Versions/A/HIServices
0x00000001a5229000 	/System/Library/Frameworks/ApplicationServices.framework/Versions/A/Frameworks/PrintCore.framework/Versions/A/PrintCore
0x00000001a66a0000 	/System/Library/Frameworks/ApplicationServices.framework/Versions/A/Frameworks/QD.framework/Versions/A/QD
0x00000001a6698000 	/System/Library/Frameworks/ApplicationServices.framework/Versions/A/Frameworks/ColorSyncLegacy.framework/Versions/A/ColorSyncLegacy
0x00000001a6301000 	/System/Library/Frameworks/ApplicationServices.framework/Versions/A/Frameworks/SpeechSynthesis.framework/Versions/A/SpeechSynthesis
0x00000001a51ea000 	/System/Library/Frameworks/ApplicationServices.framework/Versions/A/Frameworks/ATSUI.framework/Versions/A/ATSUI
0x00000001a662d000 	/usr/lib/libcups.2.dylib
0x00000001a6a13000 	/System/Library/Frameworks/Kerberos.framework/Versions/A/Kerberos
0x00000001a6a24000 	/System/Library/Frameworks/GSS.framework/Versions/A/GSS
0x00000001a6384000 	/usr/lib/libresolv.9.dylib
0x00000001a486f000 	/System/Library/PrivateFrameworks/Heimdal.framework/Versions/A/Heimdal
0x00000001ad375000 	/System/Library/Frameworks/Kerberos.framework/Versions/A/Libraries/libHeimdalProxy.dylib
0x000000019f4bd000 	/System/Library/Frameworks/Network.framework/Versions/A/Network
0x00000001a42bf000 	/usr/lib/libheimdal-asn1.dylib
0x00000001a6a6a000 	/System/Library/PrivateFrameworks/CommonAuth.framework/Versions/A/CommonAuth
0x00000001a627b000 	/System/Library/PrivateFrameworks/AudioSession.framework/Versions/A/AudioSession
0x00000001a4350000 	/System/Library/PrivateFrameworks/MediaExperience.framework/Versions/A/MediaExperience
0x00000001a6103000 	/System/Library/PrivateFrameworks/AudioSession.framework/libSessionUtility.dylib
0x00000001a66ac000 	/System/Library/PrivateFrameworks/AudioResourceArbitration.framework/Versions/A/AudioResourceArbitration
0x00000001aa7b7000 	/System/Library/PrivateFrameworks/PowerLog.framework/Versions/A/PowerLog
0x00000001a42c8000 	/System/Library/PrivateFrameworks/IconFoundation.framework/Versions/A/IconFoundation
0x00000001a9567000 	/System/Library/PrivateFrameworks/SpeechRecognitionCore.framework/Versions/A/SpeechRecognitionCore
0x0000000101654000 	/Users/tom/Library/Java/JavaVirtualMachines/liberica-17.0.1/lib/server/libjvm.dylib
0x0000000100674000 	/Users/tom/Library/Java/JavaVirtualMachines/liberica-17.0.1/lib/libjimage.dylib
0x00000001006a0000 	/Users/tom/Library/Java/JavaVirtualMachines/liberica-17.0.1/lib/libinstrument.dylib
0x00000001006ec000 	/Users/tom/Library/Java/JavaVirtualMachines/liberica-17.0.1/lib/libjava.dylib
0x00000001015a0000 	/Users/tom/Library/Java/JavaVirtualMachines/liberica-17.0.1/lib/libnio.dylib
0x00000001015c0000 	/Users/tom/Library/Java/JavaVirtualMachines/liberica-17.0.1/lib/libnet.dylib
0x00000001006d0000 	/Users/tom/Library/Java/JavaVirtualMachines/liberica-17.0.1/lib/libzip.dylib
0x0000000101600000 	/Users/tom/Library/Java/JavaVirtualMachines/liberica-17.0.1/lib/libprism_es2.dylib
0x000000019b612000 	/System/Library/PrivateFrameworks/CoreServicesInternal.framework/Versions/A/CoreServicesInternal
0x00000001fa1f4000 	/System/Library/Frameworks/OpenGL.framework/Versions/A/Resources/GLEngine.bundle/GLEngine
0x00000001fa07b000 	/System/Library/Frameworks/OpenGL.framework/Versions/A/Libraries/libGLProgrammability.dylib
0x000000012064c000 	/System/Library/Extensions/AppleMetalOpenGLRenderer.bundle/Contents/MacOS/AppleMetalOpenGLRenderer
0x00000001fa363000 	/System/Library/Frameworks/OpenGL.framework/Versions/A/Resources/GLRendererFloat.bundle/GLRendererFloat
0x00000001fa404000 	/System/Library/Extensions/AGXMetal13_3.bundle/Contents/MacOS/AGXMetal13_3
0x00000001b8712000 	/System/Library/PrivateFrameworks/GPURawCounter.framework/Versions/A/GPURawCounter
0x00000001b31b3000 	/System/Library/PrivateFrameworks/IOGPU.framework/Versions/A/IOGPU
0x00000001206e4000 	/Users/tom/Library/Java/JavaVirtualMachines/liberica-17.0.1/lib/libglass.dylib
0x00000001aaa0b000 	/System/Library/Frameworks/FileProvider.framework/Versions/A/FileProvider
0x000000019f28a000 	/System/Library/Frameworks/Accounts.framework/Versions/A/Accounts
0x00000001aab8b000 	/System/Library/PrivateFrameworks/GenerationalStorage.framework/Versions/A/GenerationalStorage
0x00000001ab741000 	/System/Library/PrivateFrameworks/CoreSymbolication.framework/Versions/A/CoreSymbolication
0x00000001aa7ab000 	/System/Library/PrivateFrameworks/SymptomDiagnosticReporter.framework/Versions/A/SymptomDiagnosticReporter
0x000000019c8fb000 	/System/Library/PrivateFrameworks/DesktopServicesPriv.framework/Versions/A/DesktopServicesPriv
0x000000019b772000 	/usr/lib/libsandbox.1.dylib
0x00000001a02aa000 	/System/Library/PrivateFrameworks/UserManagement.framework/Versions/A/UserManagement
0x00000001ab702000 	/System/Library/PrivateFrameworks/DebugSymbols.framework/Versions/A/DebugSymbols
0x00000001a668b000 	/System/Library/PrivateFrameworks/NetAuth.framework/Versions/A/NetAuth
0x00000001a7590000 	/System/Library/PrivateFrameworks/Sharing.framework/Versions/A/Sharing
0x00000001a027a000 	/System/Library/PrivateFrameworks/login.framework/Versions/A/Frameworks/loginsupport.framework/Versions/A/loginsupport
0x00000001ac8b9000 	/System/Library/PrivateFrameworks/Apple80211.framework/Versions/A/Apple80211
0x00000001a3375000 	/System/Library/PrivateFrameworks/AuthKit.framework/Versions/A/AuthKit
0x00000001a2a07000 	/System/Library/PrivateFrameworks/CoreUtils.framework/Versions/A/CoreUtils
0x00000001a2927000 	/System/Library/Frameworks/CoreWLAN.framework/Versions/A/CoreWLAN
0x00000001a76fa000 	/System/Library/Frameworks/IOBluetooth.framework/Versions/A/IOBluetooth
0x00000001ac919000 	/System/Library/PrivateFrameworks/CoreWiFi.framework/Versions/A/CoreWiFi
0x00000001ab2e9000 	/System/Library/PrivateFrameworks/FrontBoardServices.framework/Versions/A/FrontBoardServices
0x00000001ab381000 	/System/Library/PrivateFrameworks/BoardServices.framework/Versions/A/BoardServices
0x00000001a2c22000 	/System/Library/PrivateFrameworks/AssertionServices.framework/Versions/A/AssertionServices
0x00000001aca87000 	/System/Library/PrivateFrameworks/BackBoardServices.framework/Versions/A/BackBoardServices
0x00000001a6afd000 	/System/Library/PrivateFrameworks/CorePhoneNumbers.framework/Versions/A/CorePhoneNumbers
0x00000001aa8db000 	/System/Library/PrivateFrameworks/DiskManagement.framework/Versions/A/DiskManagement
0x00000001aa7de000 	/System/Library/PrivateFrameworks/AppleIDAuthSupport.framework/Versions/A/AppleIDAuthSupport
0x00000001fdfe0000 	/System/Library/PrivateFrameworks/AAAFoundation.framework/Versions/A/AAAFoundation
0x00000001a6adc000 	/System/Library/PrivateFrameworks/KeychainCircle.framework/Versions/A/KeychainCircle
0x00000001aa8a7000 	/System/Library/PrivateFrameworks/MediaKit.framework/Versions/A/MediaKit
0x00000001aa7eb000 	/System/Library/Frameworks/DiscRecording.framework/Versions/A/DiscRecording
0x00000001a41d4000 	/usr/lib/libCoreStorage.dylib
0x00000001acd83000 	/usr/lib/libcsfde.dylib
0x00000001a77cf000 	/System/Library/PrivateFrameworks/ProtectedCloudStorage.framework/Versions/A/ProtectedCloudStorage
0x00000001acd7b000 	/System/Library/PrivateFrameworks/EFILogin.framework/Versions/A/EFILogin
0x00000001aabb2000 	/System/Library/PrivateFrameworks/OctagonTrust.framework/Versions/A/OctagonTrust
0x0000000202904000 	/System/Library/PrivateFrameworks/CoreUtilsExtras.framework/Versions/A/CoreUtilsExtras
0x00000001aa721000 	/System/Library/Frameworks/CoreBluetooth.framework/Versions/A/CoreBluetooth
0x00000001ad3fa000 	/System/Library/Frameworks/AudioUnit.framework/Versions/A/AudioUnit
0x00000001a41cc000 	/usr/lib/libMatch.1.dylib
0x00000001bc9f5000 	/System/Library/Frameworks/Accelerate.framework/Versions/A/Frameworks/vImage.framework/Versions/A/Libraries/libCGInterfaces.dylib
0x0000000125818000 	/usr/lib/libobjc-trampolines.dylib
0x000000019ff77000 	/System/Library/PrivateFrameworks/ViewBridge.framework/Versions/A/ViewBridge
0x00000001a4093000 	/System/Library/PrivateFrameworks/CrashReporterSupport.framework/Versions/A/CrashReporterSupport
0x00000001c43b5000 	/System/Library/PrivateFrameworks/OSAnalytics.framework/Versions/A/OSAnalytics
0x00000001cf3f9000 	/System/Library/PrivateFrameworks/Symbolication.framework/Versions/A/Symbolication
0x00000001b86d3000 	/System/Library/PrivateFrameworks/MallocStackLogging.framework/Versions/A/MallocStackLogging
0x0000000127824000 	/Users/tom/Library/Java/JavaVirtualMachines/liberica-17.0.1/lib/libjavafx_font.dylib
0x00000001a491d000 	/System/Library/PrivateFrameworks/login.framework/Versions/A/login
0x0000000127808000 	/System/Library/Frameworks/FileProvider.framework/OverrideBundles/CloudDocsFileProvider.bundle/Contents/MacOS/CloudDocsFileProvider
0x00000001a04b4000 	/System/Library/PrivateFrameworks/CloudDocs.framework/Versions/A/CloudDocs
0x00000001ad0af000 	/System/Library/PrivateFrameworks/AppleAccount.framework/Versions/A/AppleAccount
0x00000001a77b6000 	/System/Library/PrivateFrameworks/AppContainer.framework/Versions/A/AppContainer
0x00000001a726c000 	/System/Library/PrivateFrameworks/IDS.framework/Versions/A/IDS
0x00000001ad1f6000 	/System/Library/PrivateFrameworks/AppleIDSSOAuthentication.framework/Versions/A/AppleIDSSOAuthentication
0x00000001a027d000 	/System/Library/PrivateFrameworks/ApplePushService.framework/Versions/A/ApplePushService
0x00000001acdfe000 	/System/Library/PrivateFrameworks/AppSupport.framework/Versions/A/AppSupport
0x00000001a6061000 	/System/Library/PrivateFrameworks/IMFoundation.framework/Versions/A/IMFoundation
0x00000001b384b000 	/System/Library/PrivateFrameworks/Marco.framework/Versions/A/Marco
0x00000001a73e5000 	/System/Library/PrivateFrameworks/IDSFoundation.framework/Versions/A/IDSFoundation
0x000000019f308000 	/System/Library/PrivateFrameworks/CommonUtilities.framework/Versions/A/CommonUtilities
0x00000001b82e3000 	/System/Library/PrivateFrameworks/FTServices.framework/Versions/A/FTServices
0x00000001b0c19000 	/System/Library/PrivateFrameworks/Engram.framework/Versions/A/Engram
0x00000001b0bbb000 	/usr/lib/libtidy.A.dylib
0x00000001a4ad7000 	/System/Library/PrivateFrameworks/Bom.framework/Versions/A/Bom
0x00000001c22a7000 	/System/Library/PrivateFrameworks/FTAWD.framework/Versions/A/FTAWD
0x00000001a9c36000 	/System/Library/PrivateFrameworks/CoreDaemon.framework/Versions/B/CoreDaemon
0x00000001a9c30000 	/System/Library/PrivateFrameworks/AppleSRP.framework/Versions/A/AppleSRP
0x00000001a2cd3000 	/System/Library/Frameworks/ServiceManagement.framework/Versions/A/ServiceManagement
0x00000001a77cb000 	/System/Library/PrivateFrameworks/SecCodeWrapper.framework/Versions/A/SecCodeWrapper
0x0000000127874000 	/System/Library/Frameworks/FileProvider.framework/OverrideBundles/FileProviderOverride.bundle/Contents/MacOS/FileProviderOverride
0x000000012788c000 	/System/Library/Frameworks/FileProvider.framework/OverrideBundles/FinderSyncCollaborationFileProviderOverride.bundle/Contents/MacOS/FinderSyncCollaborationFileProviderOverride
0x00000001c8abf000 	/System/Library/PrivateFrameworks/FinderSyncPriv.framework/Versions/A/FinderSyncPriv
0x00000001a02d2000 	/System/Library/Frameworks/CloudKit.framework/Versions/A/CloudKit
0x00000001ad4b5000 	/System/Library/PrivateFrameworks/C2.framework/Versions/A/C2
0x00000001a1376000 	/System/Library/Frameworks/CoreLocation.framework/Versions/A/CoreLocation
0x00000001ad4ac000 	/System/Library/Frameworks/PushKit.framework/Versions/A/PushKit
0x00000001ab7fe000 	/System/Library/PrivateFrameworks/CoreTime.framework/Versions/A/CoreTime
0x00000001aee85000 	/System/Library/PrivateFrameworks/RTCReporting.framework/Versions/A/RTCReporting
0x00000001a7af7000 	/System/Library/PrivateFrameworks/GeoServices.framework/Versions/A/GeoServices
0x00000001a60d9000 	/System/Library/PrivateFrameworks/LocationSupport.framework/Versions/A/LocationSupport
0x0000000203ee3000 	/System/Library/PrivateFrameworks/GeoServicesCore.framework/Versions/A/GeoServicesCore
0x00000001b4070000 	/System/Library/PrivateFrameworks/PhoneNumbers.framework/Versions/A/PhoneNumbers
0x00000001acd07000 	/System/Library/PrivateFrameworks/RemoteServiceDiscovery.framework/Versions/A/RemoteServiceDiscovery
0x00000001b657a000 	/usr/lib/libFosl_dynamic.dylib
0x00000001bc395000 	/usr/lib/libncurses.5.4.dylib


VM Arguments:
jvm_args: -javaagent:/Applications/IntelliJ IDEA.app/Contents/lib/idea_rt.jar=56841:/Applications/IntelliJ IDEA.app/Contents/bin -Dfile.encoding=UTF-8 --module-path=/Users/tom/IdeaProjects/PaperRater/PaperRaterApp/target/classes:/Users/tom/.m2/repository/org/openjfx/javafx-base/17.0.0.1/javafx-base-17.0.0.1-mac-aarch64.jar:/Users/tom/.m2/repository/com/google/code/gson/gson/2.8.9/gson-2.8.9.jar:/Users/tom/.m2/repository/com/thoughtworks/xstream/xstream/1.4.18/xstream-1.4.18.jar:/Users/tom/.m2/repository/org/mongodb/mongodb-driver-core/4.4.0/mongodb-driver-core-4.4.0.jar:/Users/tom/.m2/repository/org/controlsfx/controlsfx/11.1.0/controlsfx-11.1.0.jar:/Users/tom/.m2/repository/org/mongodb/mongodb-driver-sync/4.4.0/mongodb-driver-sync-4.4.0.jar:/Users/tom/.m2/repository/org/openjfx/javafx-graphics/17.0.0.1/javafx-graphics-17.0.0.1-mac-aarch64.jar:/Users/tom/.m2/repository/org/mongodb/bson/4.4.0/bson-4.4.0.jar:/Users/tom/.m2/repository/org/openjfx/javafx-controls/17.0.0.1/javafx-controls-17.0.0.1-mac-aarch64.jar:/Users/tom/.m2/repository/org/openjfx/javafx-fxml/17.0.0.1/javafx-fxml-17.0.0.1-mac-aarch64.jar -Djdk.module.main=it.unipi.dii.lsmd.paperraterapp 
java_command: it.unipi.dii.lsmd.paperraterapp/it.unipi.dii.lsmd.paperraterapp.Main
java_class_path (initial): /Users/tom/.m2/repository/org/openjfx/javafx-controls/17.0.0.1/javafx-controls-17.0.0.1.jar:/Users/tom/.m2/repository/org/openjfx/javafx-graphics/17.0.0.1/javafx-graphics-17.0.0.1.jar:/Users/tom/.m2/repository/org/openjfx/javafx-base/17.0.0.1/javafx-base-17.0.0.1.jar:/Users/tom/.m2/repository/org/openjfx/javafx-fxml/17.0.0.1/javafx-fxml-17.0.0.1.jar:/Users/tom/.m2/repository/io/github/x-stream/mxparser/1.2.2/mxparser-1.2.2.jar:/Users/tom/.m2/repository/xmlpull/xmlpull/1.1.3.1/xmlpull-1.1.3.1.jar
Launcher Type: SUN_STANDARD

[Global flags]
     intx CICompilerCount                          = 4                                         {product} {ergonomic}
     uint ConcGCThreads                            = 2                                         {product} {ergonomic}
     uint G1ConcRefinementThreads                  = 8                                         {product} {ergonomic}
   size_t G1HeapRegionSize                         = 1048576                                   {product} {ergonomic}
    uintx GCDrainStackTargetSize                   = 64                                        {product} {ergonomic}
   size_t InitialHeapSize                          = 134217728                                 {product} {ergonomic}
   size_t MarkStackSize                            = 4194304                                   {product} {ergonomic}
   size_t MaxHeapSize                              = 2147483648                                {product} {ergonomic}
   size_t MaxNewSize                               = 1287651328                                {product} {ergonomic}
   size_t MinHeapDeltaBytes                        = 1048576                                   {product} {ergonomic}
   size_t MinHeapSize                              = 8388608                                   {product} {ergonomic}
    uintx NonNMethodCodeHeapSize                   = 5839564                                {pd product} {ergonomic}
    uintx NonProfiledCodeHeapSize                  = 122909338                              {pd product} {ergonomic}
    uintx ProfiledCodeHeapSize                     = 122909338                              {pd product} {ergonomic}
    uintx ReservedCodeCacheSize                    = 251658240                              {pd product} {ergonomic}
     bool SegmentedCodeCache                       = true                                      {product} {ergonomic}
   size_t SoftMaxHeapSize                          = 2147483648                             {manageable} {ergonomic}
     bool UseCompressedClassPointers               = true                           {product lp64_product} {ergonomic}
     bool UseCompressedOops                        = true                           {product lp64_product} {ergonomic}
     bool UseG1GC                                  = true                                      {product} {ergonomic}
     bool UseNUMA                                  = false                                     {product} {ergonomic}
     bool UseNUMAInterleaving                      = false                                     {product} {ergonomic}

Logging:
Log output configuration:
 #0: stdout all=warning uptime,level,tags
 #1: stderr all=off uptime,level,tags

Environment Variables:
PATH=/Users/tom/opt/anaconda3/bin:/Users/tom/opt/anaconda3/condabin:/opt/homebrew/bin:/opt/homebrew/sbin:/usr/local/bin:/usr/bin:/bin:/usr/sbin:/sbin
SHELL=/bin/zsh
LC_CTYPE=it_IT.UTF-8

Signal Handlers:
   SIGSEGV: _ZL13crash_handleriP9__siginfoPv in libjvm.dylib, mask=11100110000111110111111111111111, flags=SA_RESTART|SA_SIGINFO
    SIGBUS: _ZL13crash_handleriP9__siginfoPv in libjvm.dylib, mask=11100110000111110111111111111111, flags=SA_RESTART|SA_SIGINFO
    SIGFPE: _ZL13crash_handleriP9__siginfoPv in libjvm.dylib, mask=11100110000111110111111111111111, flags=SA_RESTART|SA_SIGINFO
   SIGPIPE: _ZL17javaSignalHandleriP9__siginfoPv in libjvm.dylib, mask=11100110000111110111111111111111, flags=SA_RESTART|SA_SIGINFO
   SIGXFSZ: _ZL17javaSignalHandleriP9__siginfoPv in libjvm.dylib, mask=11100110000111110111111111111111, flags=SA_RESTART|SA_SIGINFO
    SIGILL: _ZL13crash_handleriP9__siginfoPv in libjvm.dylib, mask=11100110000111110111111111111111, flags=SA_RESTART|SA_SIGINFO
   SIGUSR2: _ZL10SR_handleriP9__siginfoP17__darwin_ucontext in libjvm.dylib, mask=00100000000000000000000000000000, flags=SA_RESTART|SA_SIGINFO
    SIGHUP: _ZL11UserHandleriPvS_ in libjvm.dylib, mask=11100110000111110111111111111111, flags=SA_RESTART|SA_SIGINFO
    SIGINT: _ZL11UserHandleriPvS_ in libjvm.dylib, mask=11100110000111110111111111111111, flags=SA_RESTART|SA_SIGINFO
   SIGTERM: _ZL11UserHandleriPvS_ in libjvm.dylib, mask=11100110000111110111111111111111, flags=SA_RESTART|SA_SIGINFO
   SIGQUIT: _ZL11UserHandleriPvS_ in libjvm.dylib, mask=11100110000111110111111111111111, flags=SA_RESTART|SA_SIGINFO
   SIGTRAP: _ZL13crash_handleriP9__siginfoPv in libjvm.dylib, mask=11100110000111110111111111111111, flags=SA_RESTART|SA_SIGINFO


---------------  S Y S T E M  ---------------

OS:
uname: Darwin 21.2.0 Darwin Kernel Version 21.2.0: Sun Nov 28 20:29:10 PST 2021; root:xnu-8019.61.5~1/RELEASE_ARM64_T8101 arm64
OS uptime: 0 days 8:25 hours
rlimit (soft/hard): STACK 8176k/65520k , CORE 0k/infinity , NPROC 1333/2000 , NOFILE 10240/infinity , AS infinity/infinity , CPU infinity/infinity , DATA infinity/infinity , FSIZE infinity/infinity , MEMLOCK infinity/infinity , RSS infinity/infinity
load average: 2.42 2.65 2.56

CPU: total 8 (initial active 8) 0x61:0x0:0x1b588bb3:0, fp, simd, crc, lse

Memory: 16k page, physical 8388608k(92432k free), swap 1048576k(1009664k free)

vm_info: OpenJDK 64-Bit Server VM (17.0.1+12-LTS) for bsd-aarch64 JRE (17.0.1+12-LTS), built on Oct 20 2021 05:37:11 by "bellsoft" with clang Apple LLVM 12.0.0 (clang-1200.0.32.28)

END.
