#
# A fatal error has been detected by the Java Runtime Environment:
#
#  SIGBUS (0xa) at pc=0x00000001398014f0, pid=5786, tid=28687
#
# JRE version: OpenJDK Runtime Environment (17.0.1+12) (build 17.0.1+12-LTS)
# Java VM: OpenJDK 64-Bit Server VM (17.0.1+12-LTS, mixed mode, sharing, tiered, compressed oops, compressed class ptrs, g1 gc, bsd-aarch64)
# Problematic frame:
# v  ~StubRoutines::SafeFetchN
#
# No core dump will be written. Core dumps have been disabled. To enable core dumping, try "ulimit -c unlimited" before starting Java again
#
# If you would like to submit a bug report, please visit:
#   https://bell-sw.com/support
# The crash happened outside the Java Virtual Machine in native code.
# See problematic frame for where to report the bug.
#

---------------  S U M M A R Y ------------

Command Line: -javaagent:/Applications/IntelliJ IDEA.app/Contents/lib/idea_rt.jar=56858:/Applications/IntelliJ IDEA.app/Contents/bin -Dfile.encoding=UTF-8 --module-path=/Users/tom/IdeaProjects/PaperRater/PaperRaterApp/target/classes:/Users/tom/.m2/repository/org/openjfx/javafx-controls/17.0.0.1/javafx-controls-17.0.0.1-mac-aarch64.jar:/Users/tom/.m2/repository/com/google/code/gson/gson/2.8.9/gson-2.8.9.jar:/Users/tom/.m2/repository/org/controlsfx/controlsfx/11.1.0/controlsfx-11.1.0.jar:/Users/tom/.m2/repository/org/openjfx/javafx-fxml/17.0.0.1/javafx-fxml-17.0.0.1-mac-aarch64.jar:/Users/tom/.m2/repository/com/thoughtworks/xstream/xstream/1.4.18/xstream-1.4.18.jar:/Users/tom/.m2/repository/org/mongodb/mongodb-driver-core/4.4.0/mongodb-driver-core-4.4.0.jar:/Users/tom/.m2/repository/org/mongodb/mongodb-driver-sync/4.4.0/mongodb-driver-sync-4.4.0.jar:/Users/tom/.m2/repository/org/mongodb/bson/4.4.0/bson-4.4.0.jar:/Users/tom/.m2/repository/org/openjfx/javafx-graphics/17.0.0.1/javafx-graphics-17.0.0.1-mac-aarch64.jar:/Users/tom/.m2/repository/org/openjfx/javafx-base/17.0.0.1/javafx-base-17.0.0.1-mac-aarch64.jar -Djdk.module.main=it.unipi.dii.lsmd.paperraterapp it.unipi.dii.lsmd.paperraterapp/it.unipi.dii.lsmd.paperraterapp.Main

Host: "MacBookAir10,1" arm64 1 MHz, 8 cores, 8G, Darwin 21.2.0, macOS 12.1 (21C52)
Time: Wed Dec 15 19:39:43 2021 +04 elapsed time: 1.174700 seconds (0d 0h 0m 1s)

---------------  T H R E A D  ---------------

Current thread (0x0000000137817600):  JavaThread "InvokeLaterDispatcher" daemon [_thread_in_native, id=28687, stack(0x0000000170218000,0x000000017041b000)]

Stack: [0x0000000170218000,0x000000017041b000],  sp=0x000000017041a780,  free space=2057k
Native frames: (J=compiled Java code, j=interpreted, Vv=VM code, C=native code)
v  ~StubRoutines::SafeFetchN
V  [libjvm.dylib+0x7b575c]  _ZN10OopStorage7releaseEPKP7oopDesc+0x20
V  [libjvm.dylib+0x4c6390]  jni_DeleteGlobalRef+0xd8
C  [libglass.dylib+0xaa08]  -[GlassRunnable dealloc]+0x34
C  [Foundation+0x84c7c]  -[_NSThreadPerformInfo dealloc]+0x30
C  [Foundation+0x51578]  -[NSObject(NSThreadPerformAdditions) performSelectorOnMainThread:withObject:waitUntilDone:]+0x88
C  0x143c8001398098ac
j  com.sun.glass.ui.mac.MacApplication.submitForLaterInvocation(Ljava/lang/Runnable;)V+2 javafx.graphics@17.0.1
j  com.sun.glass.ui.InvokeLaterDispatcher.run()V+82 javafx.graphics@17.0.1
v  ~StubRoutines::call_stub
V  [libjvm.dylib+0x46b110]  _ZN9JavaCalls11call_helperEP9JavaValueRK12methodHandleP17JavaCallArgumentsP10JavaThread+0x38c
V  [libjvm.dylib+0x46a12c]  _ZN9JavaCalls12call_virtualEP9JavaValueP5KlassP6SymbolS5_P17JavaCallArgumentsP10JavaThread+0x11c
V  [libjvm.dylib+0x46a1f8]  _ZN9JavaCalls12call_virtualEP9JavaValue6HandleP5KlassP6SymbolS6_P10JavaThread+0x64
V  [libjvm.dylib+0x522a24]  _ZL12thread_entryP10JavaThreadS0_+0xc4
V  [libjvm.dylib+0x993de0]  _ZN10JavaThread17thread_main_innerEv+0x13c
V  [libjvm.dylib+0x9924bc]  _ZN6Thread8call_runEv+0x128
V  [libjvm.dylib+0x7bc590]  _ZL19thread_native_entryP6Thread+0x158
C  [libsystem_pthread.dylib+0x7240]  _pthread_start+0x94

Java frames: (J=compiled Java code, j=interpreted, Vv=VM code)
j  com.sun.glass.ui.mac.MacApplication._submitForLaterInvocation(Ljava/lang/Runnable;)V+0 javafx.graphics@17.0.1
j  com.sun.glass.ui.mac.MacApplication.submitForLaterInvocation(Ljava/lang/Runnable;)V+2 javafx.graphics@17.0.1
j  com.sun.glass.ui.InvokeLaterDispatcher.run()V+82 javafx.graphics@17.0.1
v  ~StubRoutines::call_stub

siginfo: si_signo: 10 (SIGBUS), si_code: 1 (BUS_ADRALN), si_addr: 0x00000001398014f0

Register to memory mapping:

 x0=0x0000000116e06c88 is a global jni handle
 x1=0x0 is NULL
 x2=0x0000000787d00090 is an oop: com.sun.glass.ui.InvokeLaterDispatcher$Future 
{0x0000000787d00090} - klass: 'com/sun/glass/ui/InvokeLaterDispatcher$Future'
 - ---- fields (total size 3 words):
 - private 'done' 'Z' @12  true
 - private final 'runnable' 'Ljava/lang/Runnable;' @16  a 'com/sun/javafx/tk/quantum/QuantumToolkit$$Lambda$105+0x0000000800c38ab8'{0x0000000786820418} (f0d04083)
 - final synthetic 'this$0' 'Lcom/sun/glass/ui/InvokeLaterDispatcher;' @20  a 'com/sun/glass/ui/InvokeLaterDispatcher'{0x0000000786820210} (f0d04042)
 x3=0x0 is NULL
 x4=0x00000000000130a8 is an unknown value
 x5=0x0 is NULL
 x6=0x0 is NULL
 x7=0x0 is NULL
 x8=0x00000001398014ec is at begin+0 in a stub
StubRoutines::SafeFetchN [0x00000001398014ec, 0x00000001398014f8] (12 bytes)
 x9=0x0 is NULL
x10=0x2010000030300000 is an unknown value
x11=0x0000000000000007 is an unknown value
x12=0x0 is NULL
x13=0x00006000024f6af0 points into unknown readable memory: 0x0000000161636365 | 65 63 63 61 01 00 00 00
x14=0x0000000000000001 is an unknown value
x15=0x0000000115a19f98: OBJC_CLASS_$_GlassRunnable+0 in /Users/tom/Library/Java/JavaVirtualMachines/liberica-17.0.1/lib/libglass.dylib at 0x00000001159d4000
x16=0x0000000198be0094: pthread_getspecific+0 in /usr/lib/system/libsystem_pthread.dylib at 0x0000000198bde000
x17=0x0000600002ec3a20 points into unknown readable memory: 0xfffffffffffffffe | fe ff ff ff ff ff ff ff
x18=0x0 is NULL
x19=0x00006000021dc4d0 points into unknown readable memory: 0x00006000008c9220 | 20 92 8c 00 00 60 00 00
x20=0x0000000116e06a80 points into unknown readable memory: 0x0000000100000000 | 00 00 00 00 01 00 00 00
x21=0x0000000116e06c88 is a global jni handle
x22=0x0000000137817600 is a thread
x23=0x0000000000000001 is an unknown value
x24=0x0000000116e06c40 is a global jni handle
x25=0x0000000104583a08: _ZN12StubRoutines17_safefetchN_entryE+0 in /Users/tom/Library/Java/JavaVirtualMachines/liberica-17.0.1/lib/server/libjvm.dylib at 0x0000000103930000
x26=0x000000011552f1c8 is pointing into metadata
x27=0x0 is NULL
x28=0x0000000137817600 is a thread


Registers:
 x0=0x0000000116e06c88  x1=0x0000000000000000  x2=0x0000000787d00090  x3=0x0000000000000000
 x4=0x00000000000130a8  x5=0x0000000000000000  x6=0x0000000000000000  x7=0x0000000000000000
 x8=0x00000001398014ec  x9=0x0000000000000000 x10=0x2010000030300000 x11=0x0000000000000007
x12=0x0000000000000000 x13=0x00006000024f6af0 x14=0x0000000000000001 x15=0x0000000115a19f98
x16=0x0000000198be0094 x17=0x0000600002ec3a20 x18=0x0000000000000000 x19=0x00006000021dc4d0
x20=0x0000000116e06a80 x21=0x0000000116e06c88 x22=0x0000000137817600 x23=0x0000000000000001
x24=0x0000000116e06c40 x25=0x0000000104583a08 x26=0x000000011552f1c8 x27=0x0000000000000000
x28=0x0000000137817600  fp=0x000000017041a7c0  lr=0x00000001040e452c  sp=0x000000017041a780
pc=0x00000001398014f0 cpsr=0x0000000060001000
Top of Stack: (sp=0x000000017041a780)
0x000000017041a780:   000000011552f1c8 0000000000000001
0x000000017041a790:   000000017041a988 0000000000000000
0x000000017041a7a0:   00000001390928a8 0000000116e06c78
0x000000017041a7b0:   0000000116e06c78 00006000021dc4d0
0x000000017041a7c0:   000000017041a800 00000001040e575c
0x000000017041a7d0:   0000000000000001 0000000116e06c78
0x000000017041a7e0:   00000001390928a8 0000000116e06c78
0x000000017041a7f0:   0000000000000001 0000000139092600
0x000000017041a800:   000000017041a840 0000000103df6390
0x000000017041a810:   000000017041a988 000060000083f9a0
0x000000017041a820:   000060000083f9c0 00000001e3110474
0x000000017041a830:   0000000000000000 000060000083f9c0
0x000000017041a840:   000000017041a870 00000001159dea08
0x000000017041a850:   247bc6d45d1900f7 0000000000000000
0x000000017041a860:   0000000000000000 0000600001f7d500
0x000000017041a870:   000000017041a8b0 0000000199ba4c7c
0x000000017041a880:   000000017041a988 000060000083f9a0
0x000000017041a890:   000060000083f9c0 247bc6d45d1900f7
0x000000017041a8a0:   0000000000000000 0000000000000000
0x000000017041a8b0:   000000017041a8f0 5b4e000199b71578
0x000000017041a8c0:   000000017041a988 00000001398087c0
0x000000017041a8d0:   0000000000000000 000000010458b3c0
0x000000017041a8e0:   000000017041a900 0000000139807730
0x000000017041a8f0:   000000017041a960 143c8001398098ac
0x000000017041a900:   000000017041a900 000000080098ca8d
0x000000017041a910:   000000017041a910 0000000000000000
0x000000017041a920:   000000017041a988 000000011552f1c8
0x000000017041a930:   0000000786890538 0000000000000000
0x000000017041a940:   0000000000000000 0000000115502aa0
0x000000017041a950:   0000000000000000 000000017041a960
0x000000017041a960:   000000017041a9e0 0000000139805fc8
0x000000017041a970:   0000000000000000 0000000000000000 

Instructions: (pc=0x00000001398014f0)
0x00000001398013f0:   f2a08aa9 f2c00029 6d425935 1e640886
0x0000000139801400:   0c402d31 1e6408c7 1f5654d0 1e6c1017
0x0000000139801410:   1f5050d0 1f504cd0 1f5048d0 1e650af6
0x0000000139801420:   1f50d8f6 1f5694d6 1f5158f6 1e762880
0x0000000139801430:   36000501 1e614000 14000026 2e251ca5
0x0000000139801440:   d2803009 f2a08aa9 f2c00029 6d425d36
0x0000000139801450:   1e600806 0c402d32 1f5758c7 1e6c101a
0x0000000139801460:   1f4754c7 1e650805 1f4750c7 d2866668
0x0000000139801470:   f2a7fa68 1f474cc7 1e6608c0 1f4748c7
0x0000000139801480:   1e6e1019 eb08007f 540000ac 1f479400
0x0000000139801490:   1f460340 1e603b20 1400000e d2a7fd29
0x00000001398014a0:   eb09007f 540000ac 51480069 d3607d29
0x00000001398014b0:   9e670121 14000002 1e6a5001 1f679417
0x00000001398014c0:   1f668742 1e613b23 1e773857 1e773860
0x00000001398014d0:   a8c17ff3 910003bf a8c17bfd d65f03c0
0x00000001398014e0:   b9400001 aa0103e0 d65f03c0 f9400001
0x00000001398014f0:   aa0103e0 d65f03c0 00000000 00000000
0x0000000139801500:   00000000 00000000 00000000 00000000
0x0000000139801510:   00000000 00000000 00000000 00000000
0x0000000139801520:   00000000 00000000 00000000 00000000
0x0000000139801530:   00000000 00000000 00000000 00000000
0x0000000139801540:   00000000 00000000 00000000 00000000
0x0000000139801550:   00000000 00000000 00000000 00000000
0x0000000139801560:   00000000 00000000 00000000 00000000
0x0000000139801570:   00000000 00000000 00000000 00000000
0x0000000139801580:   00000000 00000000 00000000 00000000
0x0000000139801590:   00000000 00000000 00000000 00000000
0x00000001398015a0:   00000000 00000000 00000000 00000000
0x00000001398015b0:   00000000 00000000 00000000 00000000
0x00000001398015c0:   00000000 00000000 00000000 00000000
0x00000001398015d0:   00000000 00000000 00000000 00000000
0x00000001398015e0:   00000000 00000000 00000000 00000000 


Stack slot to memory mapping:
stack at sp + 0 slots: 0x000000011552f1c8 is pointing into metadata
stack at sp + 1 slots: 0x0000000000000001 is an unknown value
stack at sp + 2 slots: 0x000000017041a988 is pointing into the stack for thread: 0x0000000137817600
stack at sp + 3 slots: 0x0 is NULL
stack at sp + 4 slots: 0x00000001390928a8 points into unknown readable memory: 0x000000010453e878 | 78 e8 53 04 01 00 00 00
stack at sp + 5 slots: 0x0000000116e06c78 is a global jni handle
stack at sp + 6 slots: 0x0000000116e06c78 is a global jni handle
stack at sp + 7 slots: 0x00006000021dc4d0 points into unknown readable memory: 0x00006000008c9220 | 20 92 8c 00 00 60 00 00

StubRoutines::SafeFetchN [0x00000001398014ec, 0x00000001398014f8] (12 bytes)
[MachCode]
  0x00000001398014ec: 0100 40f9 | e003 01aa | c003 5fd6 
[/MachCode]

---------------  P R O C E S S  ---------------

Threads class SMR info:
_java_thread_list=0x0000600000aafbc0, length=20, elements={
0x0000000139008a00, 0x0000000138846800, 0x000000013780f000, 0x000000013903ac00,
0x0000000113842e00, 0x000000013903b200, 0x000000013903a400, 0x000000011400fe00,
0x0000000114018400, 0x000000013903c200, 0x0000000137008800, 0x000000013700ee00,
0x000000013781a400, 0x0000000137817600, 0x0000000139092600, 0x0000000117022600,
0x00000001378de600, 0x000000013793ca00, 0x00000001371bc600, 0x00000001379b2e00
}

Java Threads: ( => current thread )
  0x0000000139008a00 JavaThread "main" [_thread_blocked, id=10243, stack(0x000000016d784000,0x000000016d987000)]
  0x0000000138846800 JavaThread "Reference Handler" daemon [_thread_blocked, id=17667, stack(0x000000016e5d8000,0x000000016e7db000)]
  0x000000013780f000 JavaThread "Finalizer" daemon [_thread_blocked, id=16643, stack(0x000000016e7e4000,0x000000016e9e7000)]
  0x000000013903ac00 JavaThread "Signal Dispatcher" daemon [_thread_blocked, id=42755, stack(0x000000016eb94000,0x000000016ed97000)]
  0x0000000113842e00 JavaThread "Service Thread" daemon [_thread_blocked, id=23299, stack(0x000000016eda0000,0x000000016efa3000)]
  0x000000013903b200 JavaThread "Monitor Deflation Thread" daemon [_thread_blocked, id=23811, stack(0x000000016efac000,0x000000016f1af000)]
  0x000000013903a400 JavaThread "C2 CompilerThread0" daemon [_thread_in_native, id=24067, stack(0x000000016f1b8000,0x000000016f3bb000)]
  0x000000011400fe00 JavaThread "C1 CompilerThread0" daemon [_thread_blocked, id=24323, stack(0x000000016f3c4000,0x000000016f5c7000)]
  0x0000000114018400 JavaThread "Sweeper thread" daemon [_thread_blocked, id=24835, stack(0x000000016f5d0000,0x000000016f7d3000)]
  0x000000013903c200 JavaThread "Common-Cleaner" daemon [_thread_blocked, id=41475, stack(0x000000016f7dc000,0x000000016f9df000)]
  0x0000000137008800 JavaThread "Monitor Ctrl-Break" daemon [_thread_in_native, id=40963, stack(0x000000016f9e8000,0x000000016fbeb000)]
  0x000000013700ee00 JavaThread "Notification Thread" daemon [_thread_blocked, id=40707, stack(0x000000016fbf4000,0x000000016fdf7000)]
  0x000000013781a400 JavaThread "QuantumRenderer-0" daemon [_thread_blocked, id=25347, stack(0x000000017000c000,0x000000017020f000)]
=>0x0000000137817600 JavaThread "InvokeLaterDispatcher" daemon [_thread_in_native, id=28687, stack(0x0000000170218000,0x000000017041b000)]
  0x0000000139092600 JavaThread "JavaFX Application Thread" [_thread_in_vm, id=259, stack(0x000000016cefc000,0x000000016d6f8000)]
  0x0000000117022600 JavaThread "JavaFX-Launcher" [_thread_blocked, id=73987, stack(0x000000017053c000,0x000000017073f000)]
  0x00000001378de600 JavaThread "PulseTimer-CVDisplayLink thread" daemon [_thread_in_native, id=50187, stack(0x0000000170424000,0x00000001704a7000)]
  0x000000013793ca00 JavaThread "Prism Font Disposer" daemon [_thread_blocked, id=55051, stack(0x00000001707d4000,0x00000001709d7000)]
  0x00000001371bc600 JavaThread "Cleaner-0" daemon [_thread_blocked, id=58387, stack(0x0000000170af8000,0x0000000170cfb000)]
  0x00000001379b2e00 JavaThread "Attach Listener" daemon [_thread_in_vm, id=73751, stack(0x0000000171f70000,0x0000000172173000)]

Other Threads:
  0x0000000136f05d30 VMThread "VM Thread" [stack: 0x000000016e3cc000,0x000000016e5cf000] [id=15619]
  0x0000000116f06ed0 WatcherThread [stack: 0x000000016fe00000,0x0000000170003000] [id=40195]
  0x0000000116e06740 GCTaskThread "GC Thread#0" [stack: 0x000000016d990000,0x000000016db93000] [id=12291]
  0x0000000116e1ef60 GCTaskThread "GC Thread#1" [stack: 0x0000000170d04000,0x0000000170f07000] [id=68867]
  0x0000000116e35eb0 GCTaskThread "GC Thread#2" [stack: 0x0000000170f10000,0x0000000171113000] [id=59139]
  0x0000000116e37be0 GCTaskThread "GC Thread#3" [stack: 0x000000017111c000,0x000000017131f000] [id=68611]
  0x0000000116e37e90 GCTaskThread "GC Thread#4" [stack: 0x0000000171328000,0x000000017152b000] [id=68099]
  0x0000000116e38140 GCTaskThread "GC Thread#5" [stack: 0x0000000171534000,0x0000000171737000] [id=67843]
  0x0000000116e38ac0 GCTaskThread "GC Thread#6" [stack: 0x0000000171740000,0x0000000171943000] [id=67331]
  0x0000000117809850 GCTaskThread "GC Thread#7" [stack: 0x000000017194c000,0x0000000171b4f000] [id=59907]
  0x0000000138104870 ConcurrentGCThread "G1 Main Marker" [stack: 0x000000016db9c000,0x000000016dd9f000] [id=19715]
  0x0000000117904080 ConcurrentGCThread "G1 Conc#0" [stack: 0x000000016dda8000,0x000000016dfab000] [id=13315]
  0x0000000138004f20 ConcurrentGCThread "G1 Refine#0" [stack: 0x000000016dfb4000,0x000000016e1b7000] [id=13571]
  0x0000000117809100 ConcurrentGCThread "G1 Refine#1" [stack: 0x0000000171b58000,0x0000000171d5b000] [id=60675]
  0x0000000117809cd0 ConcurrentGCThread "G1 Refine#2" [stack: 0x0000000171d64000,0x0000000171f67000] [id=66563]
  0x00000001380057c0 ConcurrentGCThread "G1 Service" [stack: 0x000000016e1c0000,0x000000016e3c3000] [id=18691]

Threads with active compile tasks:
C2 CompilerThread0     1185 1544       4       java.io.DataInputStream::readUTF (501 bytes)

VM state: not at safepoint (normal execution)

VM Mutex/Monitor currently owned by a thread: None

Heap address: 0x0000000780000000, size: 2048 MB, Compressed Oops mode: Zero based, Oop shift amount: 3

CDS archive(s) mapped at: [0x0000000800000000-0x0000000800be0000-0x0000000800be0000), size 12451840, SharedBaseAddress: 0x0000000800000000, ArchiveRelocationMode: 0.
Compressed class space mapped at: 0x0000000800c00000-0x0000000840c00000, reserved size: 1073741824
Narrow klass base: 0x0000000800000000, Narrow klass shift: 0, Narrow klass range: 0x100000000

GC Precious Log:
 CPUs: 8 total, 8 available
 Memory: 8192M
 Large Page Support: Disabled
 NUMA Support: Disabled
 Compressed Oops: Enabled (Zero based)
 Heap Region Size: 1M
 Heap Min Capacity: 8M
 Heap Initial Capacity: 128M
 Heap Max Capacity: 2G
 Pre-touch: Disabled
 Parallel Workers: 8
 Concurrent Workers: 2
 Concurrent Refinement Workers: 8
 Periodic GC: Disabled

Heap:
 garbage-first heap   total 133120K, used 13026K [0x0000000780000000, 0x0000000800000000)
  region size 1024K, 6 young (6144K), 3 survivors (3072K)
 Metaspace       used 14901K, committed 15168K, reserved 1064960K
  class space    used 2140K, committed 2240K, reserved 1048576K

Heap Regions: E=young(eden), S=young(survivor), O=old, HS=humongous(starts), HC=humongous(continues), CS=collection set, F=free, OA=open archive, CA=closed archive, TAMS=top-at-mark-start (previous, next)
|   0|0x0000000780000000, 0x0000000780100000, 0x0000000780100000|100%|HS|  |TAMS 0x0000000780000000, 0x0000000780000000| Complete 
|   1|0x0000000780100000, 0x0000000780200000, 0x0000000780200000|100%|HC|  |TAMS 0x0000000780100000, 0x0000000780100000| Complete 
|   2|0x0000000780200000, 0x0000000780300000, 0x0000000780300000|100%|HS|  |TAMS 0x0000000780200000, 0x0000000780200000| Complete 
|   3|0x0000000780300000, 0x0000000780400000, 0x0000000780400000|100%|HC|  |TAMS 0x0000000780300000, 0x0000000780300000| Complete 
|   4|0x0000000780400000, 0x0000000780500000, 0x0000000780500000|100%| O|  |TAMS 0x0000000780400000, 0x0000000780400000| Untracked 
|   5|0x0000000780500000, 0x0000000780600000, 0x0000000780600000|100%| O|  |TAMS 0x0000000780500000, 0x0000000780500000| Untracked 
|   6|0x0000000780600000, 0x00000007806b4a00, 0x0000000780700000| 70%| O|  |TAMS 0x0000000780600000, 0x0000000780600000| Untracked 
|   7|0x0000000780700000, 0x0000000780700000, 0x0000000780800000|  0%| F|  |TAMS 0x0000000780700000, 0x0000000780700000| Untracked 
|   8|0x0000000780800000, 0x0000000780800000, 0x0000000780900000|  0%| F|  |TAMS 0x0000000780800000, 0x0000000780800000| Untracked 
|   9|0x0000000780900000, 0x0000000780900000, 0x0000000780a00000|  0%| F|  |TAMS 0x0000000780900000, 0x0000000780900000| Untracked 
|  10|0x0000000780a00000, 0x0000000780a00000, 0x0000000780b00000|  0%| F|  |TAMS 0x0000000780a00000, 0x0000000780a00000| Untracked 
|  11|0x0000000780b00000, 0x0000000780b00000, 0x0000000780c00000|  0%| F|  |TAMS 0x0000000780b00000, 0x0000000780b00000| Untracked 
|  12|0x0000000780c00000, 0x0000000780c00000, 0x0000000780d00000|  0%| F|  |TAMS 0x0000000780c00000, 0x0000000780c00000| Untracked 
|  13|0x0000000780d00000, 0x0000000780d00000, 0x0000000780e00000|  0%| F|  |TAMS 0x0000000780d00000, 0x0000000780d00000| Untracked 
|  14|0x0000000780e00000, 0x0000000780e00000, 0x0000000780f00000|  0%| F|  |TAMS 0x0000000780e00000, 0x0000000780e00000| Untracked 
|  15|0x0000000780f00000, 0x0000000780f00000, 0x0000000781000000|  0%| F|  |TAMS 0x0000000780f00000, 0x0000000780f00000| Untracked 
|  16|0x0000000781000000, 0x0000000781000000, 0x0000000781100000|  0%| F|  |TAMS 0x0000000781000000, 0x0000000781000000| Untracked 
|  17|0x0000000781100000, 0x0000000781100000, 0x0000000781200000|  0%| F|  |TAMS 0x0000000781100000, 0x0000000781100000| Untracked 
|  18|0x0000000781200000, 0x0000000781200000, 0x0000000781300000|  0%| F|  |TAMS 0x0000000781200000, 0x0000000781200000| Untracked 
|  19|0x0000000781300000, 0x0000000781300000, 0x0000000781400000|  0%| F|  |TAMS 0x0000000781300000, 0x0000000781300000| Untracked 
|  20|0x0000000781400000, 0x0000000781400000, 0x0000000781500000|  0%| F|  |TAMS 0x0000000781400000, 0x0000000781400000| Untracked 
|  21|0x0000000781500000, 0x0000000781500000, 0x0000000781600000|  0%| F|  |TAMS 0x0000000781500000, 0x0000000781500000| Untracked 
|  22|0x0000000781600000, 0x0000000781600000, 0x0000000781700000|  0%| F|  |TAMS 0x0000000781600000, 0x0000000781600000| Untracked 
|  23|0x0000000781700000, 0x0000000781700000, 0x0000000781800000|  0%| F|  |TAMS 0x0000000781700000, 0x0000000781700000| Untracked 
|  24|0x0000000781800000, 0x0000000781800000, 0x0000000781900000|  0%| F|  |TAMS 0x0000000781800000, 0x0000000781800000| Untracked 
|  25|0x0000000781900000, 0x0000000781900000, 0x0000000781a00000|  0%| F|  |TAMS 0x0000000781900000, 0x0000000781900000| Untracked 
|  26|0x0000000781a00000, 0x0000000781a00000, 0x0000000781b00000|  0%| F|  |TAMS 0x0000000781a00000, 0x0000000781a00000| Untracked 
|  27|0x0000000781b00000, 0x0000000781b00000, 0x0000000781c00000|  0%| F|  |TAMS 0x0000000781b00000, 0x0000000781b00000| Untracked 
|  28|0x0000000781c00000, 0x0000000781c00000, 0x0000000781d00000|  0%| F|  |TAMS 0x0000000781c00000, 0x0000000781c00000| Untracked 
|  29|0x0000000781d00000, 0x0000000781d00000, 0x0000000781e00000|  0%| F|  |TAMS 0x0000000781d00000, 0x0000000781d00000| Untracked 
|  30|0x0000000781e00000, 0x0000000781e00000, 0x0000000781f00000|  0%| F|  |TAMS 0x0000000781e00000, 0x0000000781e00000| Untracked 
|  31|0x0000000781f00000, 0x0000000781f00000, 0x0000000782000000|  0%| F|  |TAMS 0x0000000781f00000, 0x0000000781f00000| Untracked 
|  32|0x0000000782000000, 0x0000000782000000, 0x0000000782100000|  0%| F|  |TAMS 0x0000000782000000, 0x0000000782000000| Untracked 
|  33|0x0000000782100000, 0x0000000782100000, 0x0000000782200000|  0%| F|  |TAMS 0x0000000782100000, 0x0000000782100000| Untracked 
|  34|0x0000000782200000, 0x0000000782200000, 0x0000000782300000|  0%| F|  |TAMS 0x0000000782200000, 0x0000000782200000| Untracked 
|  35|0x0000000782300000, 0x0000000782300000, 0x0000000782400000|  0%| F|  |TAMS 0x0000000782300000, 0x0000000782300000| Untracked 
|  36|0x0000000782400000, 0x0000000782400000, 0x0000000782500000|  0%| F|  |TAMS 0x0000000782400000, 0x0000000782400000| Untracked 
|  37|0x0000000782500000, 0x0000000782500000, 0x0000000782600000|  0%| F|  |TAMS 0x0000000782500000, 0x0000000782500000| Untracked 
|  38|0x0000000782600000, 0x0000000782600000, 0x0000000782700000|  0%| F|  |TAMS 0x0000000782600000, 0x0000000782600000| Untracked 
|  39|0x0000000782700000, 0x0000000782700000, 0x0000000782800000|  0%| F|  |TAMS 0x0000000782700000, 0x0000000782700000| Untracked 
|  40|0x0000000782800000, 0x0000000782800000, 0x0000000782900000|  0%| F|  |TAMS 0x0000000782800000, 0x0000000782800000| Untracked 
|  41|0x0000000782900000, 0x0000000782900000, 0x0000000782a00000|  0%| F|  |TAMS 0x0000000782900000, 0x0000000782900000| Untracked 
|  42|0x0000000782a00000, 0x0000000782a00000, 0x0000000782b00000|  0%| F|  |TAMS 0x0000000782a00000, 0x0000000782a00000| Untracked 
|  43|0x0000000782b00000, 0x0000000782b00000, 0x0000000782c00000|  0%| F|  |TAMS 0x0000000782b00000, 0x0000000782b00000| Untracked 
|  44|0x0000000782c00000, 0x0000000782c00000, 0x0000000782d00000|  0%| F|  |TAMS 0x0000000782c00000, 0x0000000782c00000| Untracked 
|  45|0x0000000782d00000, 0x0000000782d00000, 0x0000000782e00000|  0%| F|  |TAMS 0x0000000782d00000, 0x0000000782d00000| Untracked 
|  46|0x0000000782e00000, 0x0000000782e00000, 0x0000000782f00000|  0%| F|  |TAMS 0x0000000782e00000, 0x0000000782e00000| Untracked 
|  47|0x0000000782f00000, 0x0000000782f00000, 0x0000000783000000|  0%| F|  |TAMS 0x0000000782f00000, 0x0000000782f00000| Untracked 
|  48|0x0000000783000000, 0x0000000783000000, 0x0000000783100000|  0%| F|  |TAMS 0x0000000783000000, 0x0000000783000000| Untracked 
|  49|0x0000000783100000, 0x0000000783100000, 0x0000000783200000|  0%| F|  |TAMS 0x0000000783100000, 0x0000000783100000| Untracked 
|  50|0x0000000783200000, 0x0000000783200000, 0x0000000783300000|  0%| F|  |TAMS 0x0000000783200000, 0x0000000783200000| Untracked 
|  51|0x0000000783300000, 0x0000000783300000, 0x0000000783400000|  0%| F|  |TAMS 0x0000000783300000, 0x0000000783300000| Untracked 
|  52|0x0000000783400000, 0x0000000783400000, 0x0000000783500000|  0%| F|  |TAMS 0x0000000783400000, 0x0000000783400000| Untracked 
|  53|0x0000000783500000, 0x0000000783500000, 0x0000000783600000|  0%| F|  |TAMS 0x0000000783500000, 0x0000000783500000| Untracked 
|  54|0x0000000783600000, 0x0000000783600000, 0x0000000783700000|  0%| F|  |TAMS 0x0000000783600000, 0x0000000783600000| Untracked 
|  55|0x0000000783700000, 0x0000000783700000, 0x0000000783800000|  0%| F|  |TAMS 0x0000000783700000, 0x0000000783700000| Untracked 
|  56|0x0000000783800000, 0x0000000783800000, 0x0000000783900000|  0%| F|  |TAMS 0x0000000783800000, 0x0000000783800000| Untracked 
|  57|0x0000000783900000, 0x0000000783900000, 0x0000000783a00000|  0%| F|  |TAMS 0x0000000783900000, 0x0000000783900000| Untracked 
|  58|0x0000000783a00000, 0x0000000783a00000, 0x0000000783b00000|  0%| F|  |TAMS 0x0000000783a00000, 0x0000000783a00000| Untracked 
|  59|0x0000000783b00000, 0x0000000783b00000, 0x0000000783c00000|  0%| F|  |TAMS 0x0000000783b00000, 0x0000000783b00000| Untracked 
|  60|0x0000000783c00000, 0x0000000783c00000, 0x0000000783d00000|  0%| F|  |TAMS 0x0000000783c00000, 0x0000000783c00000| Untracked 
|  61|0x0000000783d00000, 0x0000000783d00000, 0x0000000783e00000|  0%| F|  |TAMS 0x0000000783d00000, 0x0000000783d00000| Untracked 
|  62|0x0000000783e00000, 0x0000000783e00000, 0x0000000783f00000|  0%| F|  |TAMS 0x0000000783e00000, 0x0000000783e00000| Untracked 
|  63|0x0000000783f00000, 0x0000000783f00000, 0x0000000784000000|  0%| F|  |TAMS 0x0000000783f00000, 0x0000000783f00000| Untracked 
|  64|0x0000000784000000, 0x0000000784000000, 0x0000000784100000|  0%| F|  |TAMS 0x0000000784000000, 0x0000000784000000| Untracked 
|  65|0x0000000784100000, 0x0000000784100000, 0x0000000784200000|  0%| F|  |TAMS 0x0000000784100000, 0x0000000784100000| Untracked 
|  66|0x0000000784200000, 0x0000000784200000, 0x0000000784300000|  0%| F|  |TAMS 0x0000000784200000, 0x0000000784200000| Untracked 
|  67|0x0000000784300000, 0x0000000784300000, 0x0000000784400000|  0%| F|  |TAMS 0x0000000784300000, 0x0000000784300000| Untracked 
|  68|0x0000000784400000, 0x0000000784400000, 0x0000000784500000|  0%| F|  |TAMS 0x0000000784400000, 0x0000000784400000| Untracked 
|  69|0x0000000784500000, 0x0000000784500000, 0x0000000784600000|  0%| F|  |TAMS 0x0000000784500000, 0x0000000784500000| Untracked 
|  70|0x0000000784600000, 0x0000000784600000, 0x0000000784700000|  0%| F|  |TAMS 0x0000000784600000, 0x0000000784600000| Untracked 
|  71|0x0000000784700000, 0x0000000784700000, 0x0000000784800000|  0%| F|  |TAMS 0x0000000784700000, 0x0000000784700000| Untracked 
|  72|0x0000000784800000, 0x0000000784800000, 0x0000000784900000|  0%| F|  |TAMS 0x0000000784800000, 0x0000000784800000| Untracked 
|  73|0x0000000784900000, 0x0000000784900000, 0x0000000784a00000|  0%| F|  |TAMS 0x0000000784900000, 0x0000000784900000| Untracked 
|  74|0x0000000784a00000, 0x0000000784a00000, 0x0000000784b00000|  0%| F|  |TAMS 0x0000000784a00000, 0x0000000784a00000| Untracked 
|  75|0x0000000784b00000, 0x0000000784b00000, 0x0000000784c00000|  0%| F|  |TAMS 0x0000000784b00000, 0x0000000784b00000| Untracked 
|  76|0x0000000784c00000, 0x0000000784c00000, 0x0000000784d00000|  0%| F|  |TAMS 0x0000000784c00000, 0x0000000784c00000| Untracked 
|  77|0x0000000784d00000, 0x0000000784d00000, 0x0000000784e00000|  0%| F|  |TAMS 0x0000000784d00000, 0x0000000784d00000| Untracked 
|  78|0x0000000784e00000, 0x0000000784e00000, 0x0000000784f00000|  0%| F|  |TAMS 0x0000000784e00000, 0x0000000784e00000| Untracked 
|  79|0x0000000784f00000, 0x0000000784f00000, 0x0000000785000000|  0%| F|  |TAMS 0x0000000784f00000, 0x0000000784f00000| Untracked 
|  80|0x0000000785000000, 0x0000000785000000, 0x0000000785100000|  0%| F|  |TAMS 0x0000000785000000, 0x0000000785000000| Untracked 
|  81|0x0000000785100000, 0x0000000785100000, 0x0000000785200000|  0%| F|  |TAMS 0x0000000785100000, 0x0000000785100000| Untracked 
|  82|0x0000000785200000, 0x0000000785200000, 0x0000000785300000|  0%| F|  |TAMS 0x0000000785200000, 0x0000000785200000| Untracked 
|  83|0x0000000785300000, 0x0000000785300000, 0x0000000785400000|  0%| F|  |TAMS 0x0000000785300000, 0x0000000785300000| Untracked 
|  84|0x0000000785400000, 0x0000000785400000, 0x0000000785500000|  0%| F|  |TAMS 0x0000000785400000, 0x0000000785400000| Untracked 
|  85|0x0000000785500000, 0x0000000785500000, 0x0000000785600000|  0%| F|  |TAMS 0x0000000785500000, 0x0000000785500000| Untracked 
|  86|0x0000000785600000, 0x0000000785600000, 0x0000000785700000|  0%| F|  |TAMS 0x0000000785600000, 0x0000000785600000| Untracked 
|  87|0x0000000785700000, 0x0000000785700000, 0x0000000785800000|  0%| F|  |TAMS 0x0000000785700000, 0x0000000785700000| Untracked 
|  88|0x0000000785800000, 0x0000000785800000, 0x0000000785900000|  0%| F|  |TAMS 0x0000000785800000, 0x0000000785800000| Untracked 
|  89|0x0000000785900000, 0x0000000785900000, 0x0000000785a00000|  0%| F|  |TAMS 0x0000000785900000, 0x0000000785900000| Untracked 
|  90|0x0000000785a00000, 0x0000000785a00000, 0x0000000785b00000|  0%| F|  |TAMS 0x0000000785a00000, 0x0000000785a00000| Untracked 
|  91|0x0000000785b00000, 0x0000000785b00000, 0x0000000785c00000|  0%| F|  |TAMS 0x0000000785b00000, 0x0000000785b00000| Untracked 
|  92|0x0000000785c00000, 0x0000000785c00000, 0x0000000785d00000|  0%| F|  |TAMS 0x0000000785c00000, 0x0000000785c00000| Untracked 
|  93|0x0000000785d00000, 0x0000000785d00000, 0x0000000785e00000|  0%| F|  |TAMS 0x0000000785d00000, 0x0000000785d00000| Untracked 
|  94|0x0000000785e00000, 0x0000000785e00000, 0x0000000785f00000|  0%| F|  |TAMS 0x0000000785e00000, 0x0000000785e00000| Untracked 
|  95|0x0000000785f00000, 0x0000000785f00000, 0x0000000786000000|  0%| F|  |TAMS 0x0000000785f00000, 0x0000000785f00000| Untracked 
|  96|0x0000000786000000, 0x0000000786000000, 0x0000000786100000|  0%| F|  |TAMS 0x0000000786000000, 0x0000000786000000| Untracked 
|  97|0x0000000786100000, 0x0000000786100000, 0x0000000786200000|  0%| F|  |TAMS 0x0000000786100000, 0x0000000786100000| Untracked 
|  98|0x0000000786200000, 0x0000000786200000, 0x0000000786300000|  0%| F|  |TAMS 0x0000000786200000, 0x0000000786200000| Untracked 
|  99|0x0000000786300000, 0x0000000786300000, 0x0000000786400000|  0%| F|  |TAMS 0x0000000786300000, 0x0000000786300000| Untracked 
| 100|0x0000000786400000, 0x0000000786400000, 0x0000000786500000|  0%| F|  |TAMS 0x0000000786400000, 0x0000000786400000| Untracked 
| 101|0x0000000786500000, 0x0000000786500000, 0x0000000786600000|  0%| F|  |TAMS 0x0000000786500000, 0x0000000786500000| Untracked 
| 102|0x0000000786600000, 0x0000000786700000, 0x0000000786700000|100%| S|CS|TAMS 0x0000000786600000, 0x0000000786600000| Complete 
| 103|0x0000000786700000, 0x0000000786800000, 0x0000000786800000|100%| S|CS|TAMS 0x0000000786700000, 0x0000000786700000| Complete 
| 104|0x0000000786800000, 0x0000000786900000, 0x0000000786900000|100%| S|CS|TAMS 0x0000000786800000, 0x0000000786800000| Complete 
| 105|0x0000000786900000, 0x0000000786900000, 0x0000000786a00000|  0%| F|  |TAMS 0x0000000786900000, 0x0000000786900000| Untracked 
| 106|0x0000000786a00000, 0x0000000786a00000, 0x0000000786b00000|  0%| F|  |TAMS 0x0000000786a00000, 0x0000000786a00000| Untracked 
| 107|0x0000000786b00000, 0x0000000786b00000, 0x0000000786c00000|  0%| F|  |TAMS 0x0000000786b00000, 0x0000000786b00000| Untracked 
| 108|0x0000000786c00000, 0x0000000786c00000, 0x0000000786d00000|  0%| F|  |TAMS 0x0000000786c00000, 0x0000000786c00000| Untracked 
| 109|0x0000000786d00000, 0x0000000786d00000, 0x0000000786e00000|  0%| F|  |TAMS 0x0000000786d00000, 0x0000000786d00000| Untracked 
| 110|0x0000000786e00000, 0x0000000786e00000, 0x0000000786f00000|  0%| F|  |TAMS 0x0000000786e00000, 0x0000000786e00000| Untracked 
| 111|0x0000000786f00000, 0x0000000786f00000, 0x0000000787000000|  0%| F|  |TAMS 0x0000000786f00000, 0x0000000786f00000| Untracked 
| 112|0x0000000787000000, 0x0000000787000000, 0x0000000787100000|  0%| F|  |TAMS 0x0000000787000000, 0x0000000787000000| Untracked 
| 113|0x0000000787100000, 0x0000000787100000, 0x0000000787200000|  0%| F|  |TAMS 0x0000000787100000, 0x0000000787100000| Untracked 
| 114|0x0000000787200000, 0x0000000787200000, 0x0000000787300000|  0%| F|  |TAMS 0x0000000787200000, 0x0000000787200000| Untracked 
| 115|0x0000000787300000, 0x0000000787300000, 0x0000000787400000|  0%| F|  |TAMS 0x0000000787300000, 0x0000000787300000| Untracked 
| 116|0x0000000787400000, 0x0000000787400000, 0x0000000787500000|  0%| F|  |TAMS 0x0000000787400000, 0x0000000787400000| Untracked 
| 117|0x0000000787500000, 0x0000000787500000, 0x0000000787600000|  0%| F|  |TAMS 0x0000000787500000, 0x0000000787500000| Untracked 
| 118|0x0000000787600000, 0x0000000787600000, 0x0000000787700000|  0%| F|  |TAMS 0x0000000787600000, 0x0000000787600000| Untracked 
| 119|0x0000000787700000, 0x0000000787700000, 0x0000000787800000|  0%| F|  |TAMS 0x0000000787700000, 0x0000000787700000| Untracked 
| 120|0x0000000787800000, 0x0000000787800000, 0x0000000787900000|  0%| F|  |TAMS 0x0000000787800000, 0x0000000787800000| Untracked 
| 121|0x0000000787900000, 0x0000000787900000, 0x0000000787a00000|  0%| F|  |TAMS 0x0000000787900000, 0x0000000787900000| Untracked 
| 122|0x0000000787a00000, 0x0000000787a00000, 0x0000000787b00000|  0%| F|  |TAMS 0x0000000787a00000, 0x0000000787a00000| Untracked 
| 123|0x0000000787b00000, 0x0000000787b00000, 0x0000000787c00000|  0%| F|  |TAMS 0x0000000787b00000, 0x0000000787b00000| Untracked 
| 124|0x0000000787c00000, 0x0000000787c00000, 0x0000000787d00000|  0%| F|  |TAMS 0x0000000787c00000, 0x0000000787c00000| Untracked 
| 125|0x0000000787d00000, 0x0000000787d5cc00, 0x0000000787e00000| 36%| E|  |TAMS 0x0000000787d00000, 0x0000000787d00000| Complete 
| 126|0x0000000787e00000, 0x0000000787f00000, 0x0000000787f00000|100%| E|CS|TAMS 0x0000000787e00000, 0x0000000787e00000| Complete 
| 127|0x0000000787f00000, 0x0000000788000000, 0x0000000788000000|100%| E|CS|TAMS 0x0000000787f00000, 0x0000000787f00000| Complete 
|2046|0x00000007ffe00000, 0x00000007ffe80000, 0x00000007fff00000| 50%|OA|  |TAMS 0x00000007ffe00000, 0x00000007ffe00000| Untracked 
|2047|0x00000007fff00000, 0x00000007fff84000, 0x0000000800000000| 51%|CA|  |TAMS 0x00000007fff00000, 0x00000007fff00000| Untracked 

Card table byte_map: [0x0000000103018000,0x0000000103418000] _byte_map_base: 0x00000000ff418000

Marking Bits (Prev, Next): (CMBitMap*) 0x0000000117008210, (CMBitMap*) 0x0000000117008250
 Prev Bits: [0x000000010d76c000, 0x000000010f76c000)
 Next Bits: [0x000000010f76c000, 0x000000011176c000)

Polling page: 0x0000000102940000

Metaspace:

Usage:
  Non-class:     12.47 MB used.
      Class:      2.09 MB used.
       Both:     14.57 MB used.

Virtual space:
  Non-class space:       16.00 MB reserved,      12.62 MB ( 79%) committed,  2 nodes.
      Class space:        1.00 GB reserved,       2.19 MB ( <1%) committed,  1 nodes.
             Both:        1.02 GB reserved,      14.81 MB (  1%) committed. 

Chunk freelists:
   Non-Class:  3.17 MB
       Class:  1.77 MB
        Both:  4.94 MB

MaxMetaspaceSize: unlimited
CompressedClassSpaceSize: 1.00 GB
Initial GC threshold: 21.00 MB
Current GC threshold: 21.00 MB
CDS: on
MetaspaceReclaimPolicy: balanced
 - commit_granule_bytes: 65536.
 - commit_granule_words: 8192.
 - virtual_space_node_default_size: 1048576.
 - enlarge_chunks_in_place: 1.
 - new_chunks_are_fully_committed: 0.
 - uncommit_free_chunks: 1.
 - use_allocation_guard: 0.
 - handle_deallocations: 1.


Internal statistics:

num_allocs_failed_limit: 0.
num_arena_births: 176.
num_arena_deaths: 0.
num_vsnodes_births: 3.
num_vsnodes_deaths: 0.
num_space_committed: 237.
num_space_uncommitted: 0.
num_chunks_returned_to_freelist: 0.
num_chunks_taken_from_freelist: 645.
num_chunk_merges: 0.
num_chunk_splits: 456.
num_chunks_enlarged: 364.
num_purges: 0.
num_inconsistent_stats: 0.

CodeHeap 'non-profiled nmethods': size=120032Kb used=500Kb max_used=500Kb free=119531Kb
 bounds [0x00000001412c8000, 0x0000000141538000, 0x0000000148800000]
CodeHeap 'profiled nmethods': size=120016Kb used=2715Kb max_used=2715Kb free=117300Kb
 bounds [0x0000000139d94000, 0x000000013a044000, 0x00000001412c8000]
CodeHeap 'non-nmethods': size=5712Kb used=1352Kb max_used=1376Kb free=4359Kb
 bounds [0x0000000139800000, 0x0000000139a70000, 0x0000000139d94000]
 total_blobs=2268 nmethods=1526 adapters=659
 compilation: enabled
              stopped_count=0, restarted_count=0
 full_count=0

Compilation events (20 events):
Event: 0.831 Thread 0x000000011400fe00 nmethod 1537 0x000000013a036e10 code [0x000000013a0370c0, 0x000000013a037bd8]
Event: 0.835 Thread 0x000000011400fe00 1538       1       java.util.concurrent.locks.AbstractOwnableSynchronizer::setExclusiveOwnerThread (6 bytes)
Event: 0.835 Thread 0x000000011400fe00 nmethod 1538 0x0000000141344190 code [0x0000000141344300, 0x0000000141344468]
Event: 0.922 Thread 0x000000011400fe00 1539       1       java.util.concurrent.locks.AbstractOwnableSynchronizer::getExclusiveOwnerThread (5 bytes)
Event: 0.922 Thread 0x000000011400fe00 nmethod 1539 0x0000000141344510 code [0x0000000141344680, 0x0000000141344768]
Event: 0.972 Thread 0x000000011400fe00 1540       1       java.util.concurrent.locks.AbstractQueuedSynchronizer::setState (6 bytes)
Event: 0.972 Thread 0x000000011400fe00 nmethod 1540 0x0000000141344810 code [0x0000000141344980, 0x0000000141344a68]
Event: 1.074 Thread 0x000000011400fe00 1541       3       java.util.WeakHashMap$HashIterator::hasNext (95 bytes)
Event: 1.074 Thread 0x000000011400fe00 nmethod 1541 0x000000013a037f10 code [0x000000013a038100, 0x000000013a0386e8]
Event: 1.140 Thread 0x000000011400fe00 1542       3       javafx.scene.Scene::getRoot (22 bytes)
Event: 1.140 Thread 0x000000011400fe00 nmethod 1542 0x000000013a038890 code [0x000000013a038a80, 0x000000013a038f98]
Event: 1.172 Thread 0x000000013903a400 1543       4       java.lang.System::getSecurityManager (12 bytes)
Event: 1.172 Thread 0x000000013903a400 nmethod 1543 0x0000000141344b10 code [0x0000000141344c80, 0x0000000141344d20]
Event: 1.172 Thread 0x000000013903a400 1544       4       java.io.DataInputStream::readUTF (501 bytes)
Event: 1.173 Thread 0x000000011400fe00 1548  s    3       java.io.ByteArrayInputStream::read (36 bytes)
Event: 1.174 Thread 0x000000011400fe00 nmethod 1548 0x000000013a039110 code [0x000000013a0392c0, 0x000000013a039568]
Event: 1.174 Thread 0x000000011400fe00 1546       3       java.io.DataInputStream::readFully (9 bytes)
Event: 1.174 Thread 0x000000011400fe00 nmethod 1546 0x000000013a039690 code [0x000000013a039840, 0x000000013a0399d8]
Event: 1.174 Thread 0x000000011400fe00 1547       3       java.io.BufferedInputStream::getInIfOpen (21 bytes)
Event: 1.174 Thread 0x000000011400fe00 nmethod 1547 0x000000013a039a90 code [0x000000013a039c40, 0x000000013a039e58]

GC Heap History (2 events):
Event: 0.791 GC heap before
{Heap before GC invocations=0 (full 0):
 garbage-first heap   total 133120K, used 27664K [0x0000000780000000, 0x0000000800000000)
  region size 1024K, 23 young (23552K), 0 survivors (0K)
 Metaspace       used 14527K, committed 14784K, reserved 1064960K
  class space    used 2108K, committed 2240K, reserved 1048576K
}
Event: 0.796 GC heap after
{Heap after GC invocations=1 (full 0):
 garbage-first heap   total 133120K, used 8930K [0x0000000780000000, 0x0000000800000000)
  region size 1024K, 3 young (3072K), 3 survivors (3072K)
 Metaspace       used 14527K, committed 14784K, reserved 1064960K
  class space    used 2108K, committed 2240K, reserved 1048576K
}

Deoptimization events (20 events):
Event: 0.654 Thread 0x0000000139092600 Uncommon trap: trap_request=0xffffff45 fr.pc=0x00000001412ce864 relative=0x0000000000000064
Event: 0.654 Thread 0x0000000139092600 Uncommon trap: reason=unstable_if action=reinterpret pc=0x00000001412ce864 method=java.lang.String.isLatin1()Z @ 10 c2
Event: 0.654 Thread 0x0000000139092600 DEOPT PACKING pc=0x00000001412ce864 sp=0x000000016d6f1000
Event: 0.654 Thread 0x0000000139092600 DEOPT UNPACKING pc=0x000000013983ed1c sp=0x000000016d6f0fa0 mode 2
Event: 0.655 Thread 0x0000000139092600 Uncommon trap: trap_request=0xffffff45 fr.pc=0x00000001412d52dc relative=0x000000000000019c
Event: 0.655 Thread 0x0000000139092600 Uncommon trap: reason=unstable_if action=reinterpret pc=0x00000001412d52dc method=java.lang.String.isLatin1()Z @ 10 c2
Event: 0.655 Thread 0x0000000139092600 DEOPT PACKING pc=0x00000001412d52dc sp=0x000000016d6f1a20
Event: 0.655 Thread 0x0000000139092600 DEOPT UNPACKING pc=0x000000013983ed1c sp=0x000000016d6f1950 mode 2
Event: 0.693 Thread 0x0000000139092600 Uncommon trap: trap_request=0xffffffc6 fr.pc=0x000000014130cd68 relative=0x0000000000000568
Event: 0.693 Thread 0x0000000139092600 Uncommon trap: reason=bimorphic_or_optimized_type_check action=maybe_recompile pc=0x000000014130cd68 method=java.util.concurrent.ConcurrentHashMap.get(Ljava/lang/Object;)Ljava/lang/Object; @ 149 c2
Event: 0.693 Thread 0x0000000139092600 DEOPT PACKING pc=0x000000014130cd68 sp=0x000000016d6f1b90
Event: 0.693 Thread 0x0000000139092600 DEOPT UNPACKING pc=0x000000013983ed1c sp=0x000000016d6f1b20 mode 2
Event: 0.693 Thread 0x0000000139092600 Uncommon trap: trap_request=0xffffffc6 fr.pc=0x000000014130cd68 relative=0x0000000000000568
Event: 0.693 Thread 0x0000000139092600 Uncommon trap: reason=bimorphic_or_optimized_type_check action=maybe_recompile pc=0x000000014130cd68 method=java.util.concurrent.ConcurrentHashMap.get(Ljava/lang/Object;)Ljava/lang/Object; @ 149 c2
Event: 0.693 Thread 0x0000000139092600 DEOPT PACKING pc=0x000000014130cd68 sp=0x000000016d6f1c00
Event: 0.693 Thread 0x0000000139092600 DEOPT UNPACKING pc=0x000000013983ed1c sp=0x000000016d6f1b90 mode 2
Event: 0.694 Thread 0x0000000139092600 Uncommon trap: trap_request=0xffffffc6 fr.pc=0x000000014130cd68 relative=0x0000000000000568
Event: 0.694 Thread 0x0000000139092600 Uncommon trap: reason=bimorphic_or_optimized_type_check action=maybe_recompile pc=0x000000014130cd68 method=java.util.concurrent.ConcurrentHashMap.get(Ljava/lang/Object;)Ljava/lang/Object; @ 149 c2
Event: 0.694 Thread 0x0000000139092600 DEOPT PACKING pc=0x000000014130cd68 sp=0x000000016d6f1ce0
Event: 0.694 Thread 0x0000000139092600 DEOPT UNPACKING pc=0x000000013983ed1c sp=0x000000016d6f1c70 mode 2

Classes unloaded (0 events):
No events

Classes redefined (0 events):
No events

Internal exceptions (20 events):
Event: 0.405 Thread 0x0000000139092600 Exception <a 'java/lang/NoSuchMethodError'{0x00000007873ab380}: 'java.lang.Object java.lang.invoke.DirectMethodHandle$Holder.invokeSpecial(java.lang.Object, java.lang.Object, java.lang.Object, int, java.lang.Object)'> (0x00000007873ab380) 
thrown [src/hotspot/share/interpreter/linkResolver.cpp, line 766]
Event: 0.444 Thread 0x0000000139092600 Exception <a 'java/lang/NoSuchMethodError'{0x0000000787064fa0}: 'void java.lang.invoke.DirectMethodHandle$Holder.invokeStaticInit(java.lang.Object, java.lang.Object)'> (0x0000000787064fa0) 
thrown [src/hotspot/share/interpreter/linkResolver.cpp, line 766]
Event: 0.469 Thread 0x0000000139092600 Exception <a 'sun/nio/fs/UnixException'{0x0000000786f3dc40}> (0x0000000786f3dc40) 
thrown [src/hotspot/share/prims/jni.cpp, line 516]
Event: 0.470 Thread 0x0000000139092600 Exception <a 'java/io/FileNotFoundException'{0x0000000786f43268}> (0x0000000786f43268) 
thrown [src/hotspot/share/prims/jni.cpp, line 516]
Event: 0.563 Thread 0x0000000139092600 Exception <a 'java/lang/ClassNotFoundException'{0x0000000786d326d0}: com/sun/javafx/scene/control/skin/resources/controls> (0x0000000786d326d0) 
thrown [src/hotspot/share/prims/jni.cpp, line 535]
Event: 0.564 Thread 0x0000000139092600 Exception <a 'java/lang/ClassNotFoundException'{0x0000000786d40350}: com/sun/javafx/scene/control/skin/resources/controls_it> (0x0000000786d40350) 
thrown [src/hotspot/share/prims/jni.cpp, line 535]
Event: 0.564 Thread 0x0000000139092600 Exception <a 'java/lang/ClassNotFoundException'{0x0000000786d4dc68}: com/sun/javafx/scene/control/skin/resources/controls_it_IT> (0x0000000786d4dc68) 
thrown [src/hotspot/share/prims/jni.cpp, line 535]
Event: 0.576 Thread 0x0000000139092600 Implicit null exception at 0x00000001412e5f78 to 0x00000001412e6008
Event: 0.577 Thread 0x0000000139092600 Implicit null exception at 0x0000000141314214 to 0x00000001413145a4
Event: 0.577 Thread 0x0000000139092600 Exception <a 'java/lang/NoSuchMethodError'{0x0000000786c7e1a0}: 'void java.lang.invoke.DirectMethodHandle$Holder.invokeSpecial(java.lang.Object, java.lang.Object, java.lang.Object, java.lang.Object, java.lang.Object, java.lang.Object)'> (0x0000000786c7e1a0) 
thrown [src/hotspot/share/interpreter/linkResolver.cpp, line 766]
Event: 0.579 Thread 0x0000000139092600 Implicit null exception at 0x0000000141312d14 to 0x0000000141313098
Event: 0.579 Thread 0x0000000139092600 Implicit null exception at 0x00000001412e5bd4 to 0x00000001412e5c40
Event: 0.675 Thread 0x0000000139092600 Exception <a 'java/lang/NoSuchMethodError'{0x0000000786b82cf8}: 'java.lang.Object java.lang.invoke.DirectMethodHandle$Holder.invokeInterface(java.lang.Object, java.lang.Object, java.lang.Object)'> (0x0000000786b82cf8) 
thrown [src/hotspot/share/interpreter/linkResolver.cpp, line 766]
Event: 0.675 Thread 0x0000000139092600 Exception <a 'java/lang/IncompatibleClassChangeError'{0x0000000786b86680}: Found class java.lang.Object, but interface was expected> (0x0000000786b86680) 
thrown [src/hotspot/share/interpreter/linkResolver.cpp, line 833]
Event: 0.709 Thread 0x0000000139092600 Exception <a 'java/lang/NoSuchMethodError'{0x0000000786ac7280}: 'java.lang.Object java.lang.invoke.DirectMethodHandle$Holder.newInvokeSpecial(java.lang.Object, java.lang.Object, int)'> (0x0000000786ac7280) 
thrown [src/hotspot/share/interpreter/linkResolver.cpp, line 766]
Event: 0.777 Thread 0x0000000139092600 Exception <a 'java/lang/NoSuchMethodError'{0x000000078690a5c0}: 'long java.lang.invoke.DirectMethodHandle$Holder.invokeStatic(java.lang.Object, java.lang.Object, java.lang.Object)'> (0x000000078690a5c0) 
thrown [src/hotspot/share/interpreter/linkResolver.cpp, line 766]
Event: 0.777 Thread 0x0000000139092600 Exception <a 'java/lang/NoSuchMethodError'{0x000000078690dd68}: 'long java.lang.invoke.DirectMethodHandle$Holder.invokeStaticInit(java.lang.Object, java.lang.Object, java.lang.Object)'> (0x000000078690dd68) 
thrown [src/hotspot/share/interpreter/linkResolver.cpp, line 766]
Event: 0.777 Thread 0x000000013781a400 Exception <a 'java/lang/NoSuchMethodError'{0x000000078697f558}: 'int java.lang.invoke.DirectMethodHandle$Holder.invokeStaticInit(java.lang.Object, java.lang.Object)'> (0x000000078697f558) 
thrown [src/hotspot/share/interpreter/linkResolver.cpp, line 766]
Event: 0.778 Thread 0x0000000139092600 Exception <a 'java/lang/NoSuchMethodError'{0x0000000786925970}: 'java.lang.Object java.lang.invoke.DirectMethodHandle$Holder.newInvokeSpecial(java.lang.Object, java.lang.Object, long)'> (0x0000000786925970) 
thrown [src/hotspot/share/interpreter/linkResolver.cpp, line 766]
Event: 0.778 Thread 0x0000000139092600 Exception <a 'java/lang/NoSuchMethodError'{0x0000000786929238}: 'java.lang.Object java.lang.invoke.Invokers$Holder.linkToTargetMethod(java.lang.Object, long, java.lang.Object)'> (0x0000000786929238) 
thrown [src/hotspot/share/interpreter/linkResolver.cpp, line 766]

VM Operations (20 events):
Event: 0.085 Executing VM operation: HandshakeAllThreads
Event: 0.085 Executing VM operation: HandshakeAllThreads done
Event: 0.094 Executing VM operation: ICBufferFull
Event: 0.094 Executing VM operation: ICBufferFull done
Event: 0.107 Executing VM operation: HandshakeAllThreads
Event: 0.107 Executing VM operation: HandshakeAllThreads done
Event: 0.419 Executing VM operation: HandshakeAllThreads
Event: 0.419 Executing VM operation: HandshakeAllThreads done
Event: 0.436 Executing VM operation: ICBufferFull
Event: 0.440 Executing VM operation: ICBufferFull done
Event: 0.479 Executing VM operation: HandshakeAllThreads
Event: 0.479 Executing VM operation: HandshakeAllThreads done
Event: 0.654 Executing VM operation: HandshakeAllThreads
Event: 0.654 Executing VM operation: HandshakeAllThreads done
Event: 0.658 Executing VM operation: ICBufferFull
Event: 0.659 Executing VM operation: ICBufferFull done
Event: 0.725 Executing VM operation: HandshakeAllThreads
Event: 0.725 Executing VM operation: HandshakeAllThreads done
Event: 0.791 Executing VM operation: G1CollectForAllocation
Event: 0.796 Executing VM operation: G1CollectForAllocation done

Events (20 events):
Event: 0.788 loading class jdk/internal/reflect/UnsafeQualifiedStaticObjectFieldAccessorImpl
Event: 0.788 loading class jdk/internal/reflect/UnsafeQualifiedStaticFieldAccessorImpl
Event: 0.789 loading class jdk/internal/reflect/UnsafeQualifiedStaticFieldAccessorImpl done
Event: 0.789 loading class jdk/internal/reflect/UnsafeQualifiedStaticObjectFieldAccessorImpl done
Event: 0.801 loading class java/nio/DirectShortBufferU
Event: 0.802 loading class java/nio/ShortBuffer
Event: 0.802 loading class java/nio/ShortBuffer done
Event: 0.802 loading class java/nio/DirectShortBufferU done
Event: 0.813 loading class java/nio/DoubleBuffer
Event: 0.813 loading class java/nio/DoubleBuffer done
Event: 1.066 Thread 0x00000001379b2e00 Thread added: 0x00000001379b2e00
Event: 1.066 Protecting memory [0x0000000171f70000,0x0000000171f7c000] with protection modes 0
Event: 1.171 loading class jdk/internal/vm/VMSupport
Event: 1.171 loading class jdk/internal/vm/VMSupport done
Event: 1.171 loading class sun/nio/cs/ISO_8859_1$Encoder
Event: 1.171 loading class sun/nio/cs/ISO_8859_1$Encoder done
Event: 1.173 loading class sun/util/locale/provider/TimeZoneNameUtility
Event: 1.173 loading class sun/util/locale/provider/TimeZoneNameUtility done
Event: 1.174 loading class sun/util/locale/provider/TimeZoneNameUtility$TimeZoneNameGetter
Event: 1.174 loading class sun/util/locale/provider/TimeZoneNameUtility$TimeZoneNameGetter done


Dynamic libraries:
0x000000010273c000 	/Users/tom/Library/Java/JavaVirtualMachines/liberica-17.0.1/lib/libjli.dylib
0x00000001a358b000 	/usr/lib/libz.1.dylib
0x00000001a363b000 	/usr/lib/libSystem.B.dylib
0x00000001a3635000 	/usr/lib/system/libcache.dylib
0x00000001a35f3000 	/usr/lib/system/libcommonCrypto.dylib
0x00000001a361c000 	/usr/lib/system/libcompiler_rt.dylib
0x00000001a3613000 	/usr/lib/system/libcopyfile.dylib
0x000000019897e000 	/usr/lib/system/libcorecrypto.dylib
0x0000000198a23000 	/usr/lib/system/libdispatch.dylib
0x0000000198beb000 	/usr/lib/system/libdyld.dylib
0x00000001a362b000 	/usr/lib/system/libkeymgr.dylib
0x00000001a35d5000 	/usr/lib/system/libmacho.dylib
0x00000001a2cd9000 	/usr/lib/system/libquarantine.dylib
0x00000001a3628000 	/usr/lib/system/libremovefile.dylib
0x000000019dd7a000 	/usr/lib/system/libsystem_asl.dylib
0x0000000198928000 	/usr/lib/system/libsystem_blocks.dylib
0x0000000198aa9000 	/usr/lib/system/libsystem_c.dylib
0x00000001a3620000 	/usr/lib/system/libsystem_collections.dylib
0x00000001a2198000 	/usr/lib/system/libsystem_configuration.dylib
0x00000001a141c000 	/usr/lib/system/libsystem_containermanager.dylib
0x00000001a333c000 	/usr/lib/system/libsystem_coreservices.dylib
0x000000019b30f000 	/usr/lib/system/libsystem_darwin.dylib
0x00000001a362c000 	/usr/lib/system/libsystem_dnssd.dylib
0x0000000198aa6000 	/usr/lib/system/libsystem_featureflags.dylib
0x0000000198c00000 	/usr/lib/system/libsystem_info.dylib
0x00000001a359d000 	/usr/lib/system/libsystem_m.dylib
0x00000001989f8000 	/usr/lib/system/libsystem_malloc.dylib
0x000000019dd0b000 	/usr/lib/system/libsystem_networkextension.dylib
0x000000019b763000 	/usr/lib/system/libsystem_notify.dylib
0x00000001a9841000 	/usr/lib/system/libsystem_product_info_filter.dylib
0x00000001a219d000 	/usr/lib/system/libsystem_sandbox.dylib
0x00000001a3625000 	/usr/lib/system/libsystem_secinit.dylib
0x0000000198ba8000 	/usr/lib/system/libsystem_kernel.dylib
0x0000000198bf8000 	/usr/lib/system/libsystem_platform.dylib
0x0000000198bde000 	/usr/lib/system/libsystem_pthread.dylib
0x000000019f4b4000 	/usr/lib/system/libsystem_symptoms.dylib
0x0000000198964000 	/usr/lib/system/libsystem_trace.dylib
0x00000001a3600000 	/usr/lib/system/libunwind.dylib
0x000000019892a000 	/usr/lib/system/libxpc.dylib
0x0000000198b8e000 	/usr/lib/libc++abi.dylib
0x0000000198a6a000 	/usr/lib/libobjc.A.dylib
0x00000001a360b000 	/usr/lib/liboah.dylib
0x0000000198b2a000 	/usr/lib/libc++.1.dylib
0x00000001af23c000 	/System/Library/Frameworks/Cocoa.framework/Versions/A/Cocoa
0x000000019b7c3000 	/System/Library/Frameworks/AppKit.framework/Versions/C/AppKit
0x000000019ecf3000 	/System/Library/Frameworks/CoreData.framework/Versions/A/CoreData
0x0000000199b20000 	/System/Library/Frameworks/Foundation.framework/Versions/C/Foundation
0x000000019c677000 	/System/Library/PrivateFrameworks/UIFoundation.framework/Versions/A/UIFoundation
0x00000001a953b000 	/System/Library/PrivateFrameworks/RemoteViewServices.framework/Versions/A/RemoteViewServices
0x00000001a1b56000 	/System/Library/PrivateFrameworks/XCTTargetBootstrap.framework/Versions/A/XCTTargetBootstrap
0x00000001a533c000 	/System/Library/PrivateFrameworks/InternationalSupport.framework/Versions/A/InternationalSupport
0x00000001a53c5000 	/System/Library/PrivateFrameworks/UserActivity.framework/Versions/A/UserActivity
0x00000001a486a000 	/usr/lib/libspindump.dylib
0x000000019c8e7000 	/System/Library/Frameworks/UniformTypeIdentifiers.framework/Versions/A/UniformTypeIdentifiers
0x00000001a00e3000 	/usr/lib/libapp_launch_measurement.dylib
0x000000019f65b000 	/System/Library/PrivateFrameworks/CoreAnalytics.framework/Versions/A/CoreAnalytics
0x00000001a00e6000 	/System/Library/PrivateFrameworks/CoreAutoLayout.framework/Versions/A/CoreAutoLayout
0x00000001a1459000 	/System/Library/Frameworks/Metal.framework/Versions/A/Metal
0x00000001a21a8000 	/usr/lib/liblangid.dylib
0x00000001a1b5a000 	/System/Library/PrivateFrameworks/CoreSVG.framework/Versions/A/CoreSVG
0x000000019ddae000 	/System/Library/PrivateFrameworks/SkyLight.framework/Versions/A/SkyLight
0x000000019e178000 	/System/Library/Frameworks/CoreGraphics.framework/Versions/A/CoreGraphics
0x00000001a9bb8000 	/System/Library/Frameworks/Accelerate.framework/Versions/A/Accelerate
0x00000001a42de000 	/System/Library/PrivateFrameworks/IconServices.framework/Versions/A/IconServices
0x00000001a143b000 	/System/Library/Frameworks/IOSurface.framework/Versions/A/IOSurface
0x000000019f68b000 	/usr/lib/libDiagnosticMessagesClient.dylib
0x00000001acfff000 	/System/Library/Frameworks/ApplicationServices.framework/Versions/A/ApplicationServices
0x00000001a1b3e000 	/System/Library/PrivateFrameworks/DFRFoundation.framework/Versions/A/DFRFoundation
0x000000019b064000 	/usr/lib/libicucore.A.dylib
0x00000001a613d000 	/System/Library/Frameworks/AudioToolbox.framework/Versions/A/AudioToolbox
0x00000001a5348000 	/System/Library/PrivateFrameworks/DataDetectorsCore.framework/Versions/A/DataDetectorsCore
0x00000001bb47a000 	/System/Library/PrivateFrameworks/TextInput.framework/Versions/A/TextInput
0x000000019dd25000 	/usr/lib/libMobileGestalt.dylib
0x00000001a180e000 	/System/Library/Frameworks/Carbon.framework/Versions/A/Frameworks/HIToolbox.framework/Versions/A/HIToolbox
0x000000019faec000 	/System/Library/Frameworks/QuartzCore.framework/Versions/A/QuartzCore
0x000000019ace1000 	/System/Library/Frameworks/Security.framework/Versions/A/Security
0x00000001a957b000 	/System/Library/Frameworks/Carbon.framework/Versions/A/Frameworks/SpeechRecognition.framework/Versions/A/SpeechRecognition
0x000000019fe3a000 	/System/Library/PrivateFrameworks/CoreUI.framework/Versions/A/CoreUI
0x000000019a5b2000 	/System/Library/Frameworks/CoreAudio.framework/Versions/A/CoreAudio
0x000000019f77f000 	/System/Library/Frameworks/DiskArbitration.framework/Versions/A/DiskArbitration
0x00000001a4c4f000 	/System/Library/PrivateFrameworks/MultitouchSupport.framework/Versions/A/MultitouchSupport
0x000000019dd23000 	/usr/lib/libenergytrace.dylib
0x000000019b68d000 	/System/Library/Frameworks/IOKit.framework/Versions/A/IOKit
0x00000001a9964000 	/System/Library/Frameworks/CoreServices.framework/Versions/A/CoreServices
0x00000001a0073000 	/System/Library/PrivateFrameworks/PerformanceAnalysis.framework/Versions/A/PerformanceAnalysis
0x00000001f9fed000 	/System/Library/Frameworks/OpenGL.framework/Versions/A/OpenGL
0x00000001a2bf9000 	/System/Library/PrivateFrameworks/MobileKeyBag.framework/Versions/A/MobileKeyBag
0x000000019e788000 	/System/Library/Frameworks/ColorSync.framework/Versions/A/ColorSync
0x0000000198c2c000 	/System/Library/Frameworks/CoreFoundation.framework/Versions/A/CoreFoundation
0x00000001a1ddb000 	/System/Library/Frameworks/CoreImage.framework/Versions/A/CoreImage
0x000000019a3d5000 	/System/Library/Frameworks/CoreText.framework/Versions/A/CoreText
0x00000001a1b8a000 	/System/Library/Frameworks/ImageIO.framework/Versions/A/ImageIO
0x00000001a3641000 	/System/Library/PrivateFrameworks/SoftLinking.framework/Versions/A/SoftLinking
0x00000001a0130000 	/usr/lib/libxml2.2.dylib
0x00000001a38da000 	/usr/lib/libcompression.dylib
0x00000001a5295000 	/System/Library/PrivateFrameworks/TextureIO.framework/Versions/A/TextureIO
0x00000001a3ff8000 	/usr/lib/libate.dylib
0x00000001a3ec0000 	/usr/lib/liblzma.5.dylib
0x0000000199814000 	/System/Library/Frameworks/SystemConfiguration.framework/Versions/A/SystemConfiguration
0x00000001a363d000 	/usr/lib/libfakelink.dylib
0x000000019d852000 	/System/Library/Frameworks/CFNetwork.framework/Versions/A/CFNetwork
0x00000001a3784000 	/usr/lib/libarchive.2.dylib
0x00000001a21a4000 	/System/Library/PrivateFrameworks/AppleSystemInfo.framework/Versions/A/AppleSystemInfo
0x00000001a2d04000 	/usr/lib/libbsm.0.dylib
0x000000019cd8a000 	/usr/lib/libnetwork.dylib
0x00000001a35db000 	/usr/lib/system/libkxld.dylib
0x00000001a291b000 	/System/Library/PrivateFrameworks/IOMobileFramebuffer.framework/Versions/A/IOMobileFramebuffer
0x0000000215d52000 	/usr/lib/libCoreEntitlements.dylib
0x00000001a331e000 	/System/Library/PrivateFrameworks/AppleFSCompression.framework/Versions/A/AppleFSCompression
0x00000001a2cec000 	/usr/lib/libcoretls.dylib
0x00000001a3ed9000 	/usr/lib/libcoretls_cfhelpers.dylib
0x00000001a38d5000 	/usr/lib/libpam.2.dylib
0x000000019f0dc000 	/usr/lib/libsqlite3.dylib
0x00000001a3f41000 	/usr/lib/libxar.1.dylib
0x00000001a332f000 	/usr/lib/libbz2.1.0.dylib
0x00000001a3642000 	/usr/lib/libpcap.A.dylib
0x000000019f4ab000 	/usr/lib/libdns_services.dylib
0x00000001a38a8000 	/usr/lib/libapple_nghttp2.dylib
0x00000001a367f000 	/usr/lib/libiconv.2.dylib
0x00000001a35d4000 	/usr/lib/libcharset.1.dylib
0x00000001a00af000 	/System/Library/Frameworks/CoreServices.framework/Versions/A/Frameworks/FSEvents.framework/Versions/A/FSEvents
0x000000019b31a000 	/System/Library/Frameworks/CoreServices.framework/Versions/A/Frameworks/CarbonCore.framework/Versions/A/CarbonCore
0x000000019f6e2000 	/System/Library/Frameworks/CoreServices.framework/Versions/A/Frameworks/Metadata.framework/Versions/A/Metadata
0x00000001a3342000 	/System/Library/Frameworks/CoreServices.framework/Versions/A/Frameworks/OSServices.framework/Versions/A/OSServices
0x00000001a380a000 	/System/Library/Frameworks/CoreServices.framework/Versions/A/Frameworks/SearchKit.framework/Versions/A/SearchKit
0x000000019f439000 	/System/Library/Frameworks/CoreServices.framework/Versions/A/Frameworks/AE.framework/Versions/A/AE
0x0000000199170000 	/System/Library/Frameworks/CoreServices.framework/Versions/A/Frameworks/LaunchServices.framework/Versions/A/LaunchServices
0x00000001a3e69000 	/System/Library/Frameworks/CoreServices.framework/Versions/A/Frameworks/DictionaryServices.framework/Versions/A/DictionaryServices
0x00000001a00bc000 	/System/Library/Frameworks/CoreServices.framework/Versions/A/Frameworks/SharedFileList.framework/Versions/A/SharedFileList
0x00000001a2cdc000 	/usr/lib/libCheckFix.dylib
0x000000019dd92000 	/System/Library/PrivateFrameworks/TCC.framework/Versions/A/TCC
0x00000001a21aa000 	/System/Library/PrivateFrameworks/CoreNLP.framework/Versions/A/CoreNLP
0x000000019f68e000 	/System/Library/PrivateFrameworks/MetadataUtilities.framework/Versions/A/MetadataUtilities
0x00000001998cd000 	/usr/lib/libmecabra.dylib
0x00000001a2d15000 	/usr/lib/libmecab.dylib
0x0000000199899000 	/usr/lib/libCRFSuite.dylib
0x00000001a2d73000 	/usr/lib/libgermantok.dylib
0x00000001a3881000 	/usr/lib/libThaiTokenizer.dylib
0x000000019f787000 	/System/Library/Frameworks/Accelerate.framework/Versions/A/Frameworks/vImage.framework/Versions/A/vImage
0x00000001a993b000 	/System/Library/Frameworks/Accelerate.framework/Versions/A/Frameworks/vecLib.framework/Versions/A/vecLib
0x00000001a3f85000 	/System/Library/Frameworks/Accelerate.framework/Versions/A/Frameworks/vecLib.framework/Versions/A/libvMisc.dylib
0x00000001a2825000 	/System/Library/Frameworks/Accelerate.framework/Versions/A/Frameworks/vecLib.framework/Versions/A/libvDSP.dylib
0x00000001994f3000 	/System/Library/Frameworks/Accelerate.framework/Versions/A/Frameworks/vecLib.framework/Versions/A/libBLAS.dylib
0x00000001a39a9000 	/System/Library/Frameworks/Accelerate.framework/Versions/A/Frameworks/vecLib.framework/Versions/A/libLAPACK.dylib
0x00000001a2d76000 	/System/Library/Frameworks/Accelerate.framework/Versions/A/Frameworks/vecLib.framework/Versions/A/libLinearAlgebra.dylib
0x00000001a38c0000 	/System/Library/Frameworks/Accelerate.framework/Versions/A/Frameworks/vecLib.framework/Versions/A/libSparseBLAS.dylib
0x00000001a39a4000 	/System/Library/Frameworks/Accelerate.framework/Versions/A/Frameworks/vecLib.framework/Versions/A/libQuadrature.dylib
0x00000001a22a1000 	/System/Library/Frameworks/Accelerate.framework/Versions/A/Frameworks/vecLib.framework/Versions/A/libBNNS.dylib
0x00000001997b1000 	/System/Library/Frameworks/Accelerate.framework/Versions/A/Frameworks/vecLib.framework/Versions/A/libSparse.dylib
0x00000001a2299000 	/System/Library/PrivateFrameworks/LinguisticData.framework/Versions/A/LinguisticData
0x0000000199767000 	/System/Library/PrivateFrameworks/Lexicon.framework/Versions/A/Lexicon
0x00000001a3f7d000 	/usr/lib/libChineseTokenizer.dylib
0x0000000199f0e000 	/System/Library/PrivateFrameworks/LanguageModeling.framework/Versions/A/LanguageModeling
0x00000001a3883000 	/System/Library/PrivateFrameworks/AppleSauce.framework/Versions/A/AppleSauce
0x00000001a2908000 	/System/Library/PrivateFrameworks/CoreEmoji.framework/Versions/A/CoreEmoji
0x00000001a3772000 	/usr/lib/libcmph.dylib
0x00000001a008f000 	/System/Library/Frameworks/OpenDirectory.framework/Versions/A/Frameworks/CFOpenDirectory.framework/Versions/A/CFOpenDirectory
0x00000001a007f000 	/System/Library/Frameworks/OpenDirectory.framework/Versions/A/OpenDirectory
0x00000001a3edb000 	/System/Library/PrivateFrameworks/APFS.framework/Versions/A/APFS
0x00000001a2c34000 	/System/Library/Frameworks/SecurityFoundation.framework/Versions/A/SecurityFoundation
0x00000001a3f4f000 	/usr/lib/libutil.dylib
0x000000019b64f000 	/System/Library/PrivateFrameworks/CoreServicesStore.framework/Versions/A/CoreServicesStore
0x00000001a3f53000 	/usr/lib/libxslt.1.dylib
0x00000001a2cc8000 	/System/Library/PrivateFrameworks/BackgroundTaskManagement.framework/Versions/A/BackgroundTaskManagement
0x00000001a51b6000 	/System/Library/Frameworks/ImageIO.framework/Versions/A/Resources/libRadiance.dylib
0x00000001a51bf000 	/System/Library/Frameworks/ImageIO.framework/Versions/A/Resources/libJPEG.dylib
0x00000001a5111000 	/System/Library/Frameworks/ImageIO.framework/Versions/A/Resources/libPng.dylib
0x00000001a5133000 	/System/Library/Frameworks/ImageIO.framework/Versions/A/Resources/libTIFF.dylib
0x00000001a521a000 	/System/Library/Frameworks/ImageIO.framework/Versions/A/Resources/libGIF.dylib
0x00000001a4b5f000 	/System/Library/Frameworks/ImageIO.framework/Versions/A/Resources/libJP2.dylib
0x00000001a42a4000 	/usr/lib/libexpat.1.dylib
0x00000001a4b1a000 	/System/Library/PrivateFrameworks/AppleJPEG.framework/Versions/A/AppleJPEG
0x00000001a16cd000 	/System/Library/PrivateFrameworks/FontServices.framework/libFontParser.dylib
0x000000019f3de000 	/System/Library/PrivateFrameworks/RunningBoardServices.framework/Versions/A/RunningBoardServices
0x00000001af8af000 	/System/Library/PrivateFrameworks/IOSurfaceAccelerator.framework/Versions/A/IOSurfaceAccelerator
0x00000001a4c4b000 	/System/Library/PrivateFrameworks/WatchdogClient.framework/Versions/A/WatchdogClient
0x000000019a012000 	/System/Library/Frameworks/CoreDisplay.framework/Versions/A/CoreDisplay
0x00000001a15bb000 	/System/Library/Frameworks/CoreMedia.framework/Versions/A/CoreMedia
0x00000001a144f000 	/System/Library/PrivateFrameworks/IOAccelerator.framework/Versions/A/IOAccelerator
0x00000001a021d000 	/System/Library/Frameworks/CoreVideo.framework/Versions/A/CoreVideo
0x00000001a38d3000 	/System/Library/Frameworks/MetalPerformanceShaders.framework/Versions/A/MetalPerformanceShaders
0x00000001a4c88000 	/System/Library/Frameworks/VideoToolbox.framework/Versions/A/VideoToolbox
0x000000019f322000 	/System/Library/PrivateFrameworks/BaseBoard.framework/Versions/A/BaseBoard
0x000000019f0c1000 	/System/Library/PrivateFrameworks/ProtocolBuffer.framework/Versions/A/ProtocolBuffer
0x00000001a51b1000 	/System/Library/PrivateFrameworks/GPUWrangler.framework/Versions/A/GPUWrangler
0x00000001a5190000 	/System/Library/PrivateFrameworks/IOPresentment.framework/Versions/A/IOPresentment
0x00000001a51b9000 	/System/Library/PrivateFrameworks/DSExternalDisplay.framework/Versions/A/DSExternalDisplay
0x00000001f9fe0000 	/System/Library/Frameworks/OpenGL.framework/Versions/A/Libraries/libCoreFSCache.dylib
0x00000002037a1000 	/System/Library/PrivateFrameworks/GPUCompiler.framework/Versions/31001/Libraries/libGPUCompilerUtils.dylib
0x00000001a521f000 	/System/Library/PrivateFrameworks/CMCaptureCore.framework/Versions/A/CMCaptureCore
0x00000001a4858000 	/System/Library/PrivateFrameworks/AppServerSupport.framework/Versions/A/AppServerSupport
0x00000001a69f8000 	/System/Library/PrivateFrameworks/perfdata.framework/Versions/A/perfdata
0x000000019a132000 	/System/Library/PrivateFrameworks/AudioToolboxCore.framework/Versions/A/AudioToolboxCore
0x00000001a1593000 	/System/Library/PrivateFrameworks/caulk.framework/Versions/A/caulk
0x00000001a62ed000 	/usr/lib/libAudioStatistics.dylib
0x00000001b7bf3000 	/System/Library/PrivateFrameworks/SystemPolicy.framework/Versions/A/SystemPolicy
0x00000001a654d000 	/usr/lib/libSMC.dylib
0x00000001af11e000 	/System/Library/Frameworks/CoreMIDI.framework/Versions/A/CoreMIDI
0x00000001a50df000 	/usr/lib/libAudioToolboxUtility.dylib
0x00000001b402c000 	/System/Library/PrivateFrameworks/OSAServicesClient.framework/Versions/A/OSAServicesClient
0x00000001a6a05000 	/usr/lib/libperfcheck.dylib
0x00000001b86f6000 	/usr/lib/libmis.dylib
0x00000001fa041000 	/System/Library/Frameworks/OpenGL.framework/Versions/A/Libraries/libGLU.dylib
0x00000001fa000000 	/System/Library/Frameworks/OpenGL.framework/Versions/A/Libraries/libGFXShared.dylib
0x00000001fa1ea000 	/System/Library/Frameworks/OpenGL.framework/Versions/A/Libraries/libGL.dylib
0x00000001fa009000 	/System/Library/Frameworks/OpenGL.framework/Versions/A/Libraries/libGLImage.dylib
0x00000001f9ffd000 	/System/Library/Frameworks/OpenGL.framework/Versions/A/Libraries/libCVMSPluginSupport.dylib
0x00000001f9fe7000 	/System/Library/Frameworks/OpenGL.framework/Versions/A/Libraries/libCoreVMClient.dylib
0x00000001a2125000 	/System/Library/Frameworks/MetalPerformanceShaders.framework/Versions/A/Frameworks/MPSCore.framework/Versions/A/MPSCore
0x00000001a3291000 	/System/Library/Frameworks/MetalPerformanceShaders.framework/Versions/A/Frameworks/MPSImage.framework/Versions/A/MPSImage
0x00000001a2d8b000 	/System/Library/Frameworks/MetalPerformanceShaders.framework/Versions/A/Frameworks/MPSNeuralNetwork.framework/Versions/A/MPSNeuralNetwork
0x00000001a31c8000 	/System/Library/Frameworks/MetalPerformanceShaders.framework/Versions/A/Frameworks/MPSMatrix.framework/Versions/A/MPSMatrix
0x00000001a2fa3000 	/System/Library/Frameworks/MetalPerformanceShaders.framework/Versions/A/Frameworks/MPSRayIntersector.framework/Versions/A/MPSRayIntersector
0x00000001a31f9000 	/System/Library/Frameworks/MetalPerformanceShaders.framework/Versions/A/Frameworks/MPSNDArray.framework/Versions/A/MPSNDArray
0x00000001fbd17000 	/System/Library/Frameworks/MetalPerformanceShaders.framework/Versions/A/Frameworks/MPSFunctions.framework/Versions/A/MPSFunctions
0x00000001993d1000 	/System/Library/PrivateFrameworks/MetalTools.framework/Versions/A/MetalTools
0x00000001a21a2000 	/System/Library/PrivateFrameworks/AggregateDictionary.framework/Versions/A/AggregateDictionary
0x00000001a408a000 	/usr/lib/libIOReport.dylib
0x00000001ae105000 	/System/Library/PrivateFrameworks/ASEProcessing.framework/Versions/A/ASEProcessing
0x00000001a43fd000 	/System/Library/PrivateFrameworks/FaceCore.framework/Versions/A/FaceCore
0x00000001a43ef000 	/System/Library/PrivateFrameworks/GraphVisualizer.framework/Versions/A/GraphVisualizer
0x00000002036b8000 	/System/Library/PrivateFrameworks/FontServices.framework/Versions/A/FontServices
0x00000001a4812000 	/System/Library/PrivateFrameworks/OTSVG.framework/Versions/A/OTSVG
0x000000019fdeb000 	/System/Library/Frameworks/ApplicationServices.framework/Versions/A/Frameworks/ATS.framework/Versions/A/Resources/libFontRegistry.dylib
0x00000001a4861000 	/System/Library/PrivateFrameworks/FontServices.framework/libhvf.dylib
0x00000002036b9000 	/System/Library/PrivateFrameworks/FontServices.framework/libXTFontStaticRegistryData.dylib
0x00000001fa38c000 	/System/Library/Frameworks/OpenCL.framework/Versions/A/OpenCL
0x00000001a4258000 	/System/Library/PrivateFrameworks/AppleVA.framework/Versions/A/AppleVA
0x00000001a6315000 	/System/Library/Frameworks/ApplicationServices.framework/Versions/A/Frameworks/ATS.framework/Versions/A/ATS
0x000000019e885000 	/System/Library/Frameworks/ApplicationServices.framework/Versions/A/Frameworks/HIServices.framework/Versions/A/HIServices
0x00000001a5229000 	/System/Library/Frameworks/ApplicationServices.framework/Versions/A/Frameworks/PrintCore.framework/Versions/A/PrintCore
0x00000001a66a0000 	/System/Library/Frameworks/ApplicationServices.framework/Versions/A/Frameworks/QD.framework/Versions/A/QD
0x00000001a6698000 	/System/Library/Frameworks/ApplicationServices.framework/Versions/A/Frameworks/ColorSyncLegacy.framework/Versions/A/ColorSyncLegacy
0x00000001a6301000 	/System/Library/Frameworks/ApplicationServices.framework/Versions/A/Frameworks/SpeechSynthesis.framework/Versions/A/SpeechSynthesis
0x00000001a51ea000 	/System/Library/Frameworks/ApplicationServices.framework/Versions/A/Frameworks/ATSUI.framework/Versions/A/ATSUI
0x00000001a662d000 	/usr/lib/libcups.2.dylib
0x00000001a6a13000 	/System/Library/Frameworks/Kerberos.framework/Versions/A/Kerberos
0x00000001a6a24000 	/System/Library/Frameworks/GSS.framework/Versions/A/GSS
0x00000001a6384000 	/usr/lib/libresolv.9.dylib
0x00000001a486f000 	/System/Library/PrivateFrameworks/Heimdal.framework/Versions/A/Heimdal
0x00000001ad375000 	/System/Library/Frameworks/Kerberos.framework/Versions/A/Libraries/libHeimdalProxy.dylib
0x000000019f4bd000 	/System/Library/Frameworks/Network.framework/Versions/A/Network
0x00000001a42bf000 	/usr/lib/libheimdal-asn1.dylib
0x00000001a6a6a000 	/System/Library/PrivateFrameworks/CommonAuth.framework/Versions/A/CommonAuth
0x00000001a627b000 	/System/Library/PrivateFrameworks/AudioSession.framework/Versions/A/AudioSession
0x00000001a4350000 	/System/Library/PrivateFrameworks/MediaExperience.framework/Versions/A/MediaExperience
0x00000001a6103000 	/System/Library/PrivateFrameworks/AudioSession.framework/libSessionUtility.dylib
0x00000001a66ac000 	/System/Library/PrivateFrameworks/AudioResourceArbitration.framework/Versions/A/AudioResourceArbitration
0x00000001aa7b7000 	/System/Library/PrivateFrameworks/PowerLog.framework/Versions/A/PowerLog
0x00000001a42c8000 	/System/Library/PrivateFrameworks/IconFoundation.framework/Versions/A/IconFoundation
0x00000001a9567000 	/System/Library/PrivateFrameworks/SpeechRecognitionCore.framework/Versions/A/SpeechRecognitionCore
0x0000000103930000 	/Users/tom/Library/Java/JavaVirtualMachines/liberica-17.0.1/lib/server/libjvm.dylib
0x0000000102954000 	/Users/tom/Library/Java/JavaVirtualMachines/liberica-17.0.1/lib/libjimage.dylib
0x0000000102980000 	/Users/tom/Library/Java/JavaVirtualMachines/liberica-17.0.1/lib/libinstrument.dylib
0x00000001029cc000 	/Users/tom/Library/Java/JavaVirtualMachines/liberica-17.0.1/lib/libjava.dylib
0x0000000103880000 	/Users/tom/Library/Java/JavaVirtualMachines/liberica-17.0.1/lib/libnio.dylib
0x00000001038a0000 	/Users/tom/Library/Java/JavaVirtualMachines/liberica-17.0.1/lib/libnet.dylib
0x00000001029b4000 	/Users/tom/Library/Java/JavaVirtualMachines/liberica-17.0.1/lib/libzip.dylib
0x00000001038e0000 	/Users/tom/Library/Java/JavaVirtualMachines/liberica-17.0.1/lib/libprism_es2.dylib
0x000000019b612000 	/System/Library/PrivateFrameworks/CoreServicesInternal.framework/Versions/A/CoreServicesInternal
0x00000001fa1f4000 	/System/Library/Frameworks/OpenGL.framework/Versions/A/Resources/GLEngine.bundle/GLEngine
0x00000001fa07b000 	/System/Library/Frameworks/OpenGL.framework/Versions/A/Libraries/libGLProgrammability.dylib
0x000000011593c000 	/System/Library/Extensions/AppleMetalOpenGLRenderer.bundle/Contents/MacOS/AppleMetalOpenGLRenderer
0x00000001fa363000 	/System/Library/Frameworks/OpenGL.framework/Versions/A/Resources/GLRendererFloat.bundle/GLRendererFloat
0x00000001fa404000 	/System/Library/Extensions/AGXMetal13_3.bundle/Contents/MacOS/AGXMetal13_3
0x00000001b8712000 	/System/Library/PrivateFrameworks/GPURawCounter.framework/Versions/A/GPURawCounter
0x00000001b31b3000 	/System/Library/PrivateFrameworks/IOGPU.framework/Versions/A/IOGPU
0x00000001159d4000 	/Users/tom/Library/Java/JavaVirtualMachines/liberica-17.0.1/lib/libglass.dylib
0x00000001aaa0b000 	/System/Library/Frameworks/FileProvider.framework/Versions/A/FileProvider
0x000000019f28a000 	/System/Library/Frameworks/Accounts.framework/Versions/A/Accounts
0x00000001aab8b000 	/System/Library/PrivateFrameworks/GenerationalStorage.framework/Versions/A/GenerationalStorage
0x00000001ab741000 	/System/Library/PrivateFrameworks/CoreSymbolication.framework/Versions/A/CoreSymbolication
0x00000001aa7ab000 	/System/Library/PrivateFrameworks/SymptomDiagnosticReporter.framework/Versions/A/SymptomDiagnosticReporter
0x000000019c8fb000 	/System/Library/PrivateFrameworks/DesktopServicesPriv.framework/Versions/A/DesktopServicesPriv
0x000000019b772000 	/usr/lib/libsandbox.1.dylib
0x00000001a02aa000 	/System/Library/PrivateFrameworks/UserManagement.framework/Versions/A/UserManagement
0x00000001ab702000 	/System/Library/PrivateFrameworks/DebugSymbols.framework/Versions/A/DebugSymbols
0x00000001a668b000 	/System/Library/PrivateFrameworks/NetAuth.framework/Versions/A/NetAuth
0x00000001a7590000 	/System/Library/PrivateFrameworks/Sharing.framework/Versions/A/Sharing
0x00000001a027a000 	/System/Library/PrivateFrameworks/login.framework/Versions/A/Frameworks/loginsupport.framework/Versions/A/loginsupport
0x00000001ac8b9000 	/System/Library/PrivateFrameworks/Apple80211.framework/Versions/A/Apple80211
0x00000001a3375000 	/System/Library/PrivateFrameworks/AuthKit.framework/Versions/A/AuthKit
0x00000001a2a07000 	/System/Library/PrivateFrameworks/CoreUtils.framework/Versions/A/CoreUtils
0x00000001a2927000 	/System/Library/Frameworks/CoreWLAN.framework/Versions/A/CoreWLAN
0x00000001a76fa000 	/System/Library/Frameworks/IOBluetooth.framework/Versions/A/IOBluetooth
0x00000001ac919000 	/System/Library/PrivateFrameworks/CoreWiFi.framework/Versions/A/CoreWiFi
0x00000001ab2e9000 	/System/Library/PrivateFrameworks/FrontBoardServices.framework/Versions/A/FrontBoardServices
0x00000001ab381000 	/System/Library/PrivateFrameworks/BoardServices.framework/Versions/A/BoardServices
0x00000001a2c22000 	/System/Library/PrivateFrameworks/AssertionServices.framework/Versions/A/AssertionServices
0x00000001aca87000 	/System/Library/PrivateFrameworks/BackBoardServices.framework/Versions/A/BackBoardServices
0x00000001a6afd000 	/System/Library/PrivateFrameworks/CorePhoneNumbers.framework/Versions/A/CorePhoneNumbers
0x00000001aa8db000 	/System/Library/PrivateFrameworks/DiskManagement.framework/Versions/A/DiskManagement
0x00000001aa7de000 	/System/Library/PrivateFrameworks/AppleIDAuthSupport.framework/Versions/A/AppleIDAuthSupport
0x00000001fdfe0000 	/System/Library/PrivateFrameworks/AAAFoundation.framework/Versions/A/AAAFoundation
0x00000001a6adc000 	/System/Library/PrivateFrameworks/KeychainCircle.framework/Versions/A/KeychainCircle
0x00000001aa8a7000 	/System/Library/PrivateFrameworks/MediaKit.framework/Versions/A/MediaKit
0x00000001aa7eb000 	/System/Library/Frameworks/DiscRecording.framework/Versions/A/DiscRecording
0x00000001a41d4000 	/usr/lib/libCoreStorage.dylib
0x00000001acd83000 	/usr/lib/libcsfde.dylib
0x00000001a77cf000 	/System/Library/PrivateFrameworks/ProtectedCloudStorage.framework/Versions/A/ProtectedCloudStorage
0x00000001acd7b000 	/System/Library/PrivateFrameworks/EFILogin.framework/Versions/A/EFILogin
0x00000001aabb2000 	/System/Library/PrivateFrameworks/OctagonTrust.framework/Versions/A/OctagonTrust
0x0000000202904000 	/System/Library/PrivateFrameworks/CoreUtilsExtras.framework/Versions/A/CoreUtilsExtras
0x00000001aa721000 	/System/Library/Frameworks/CoreBluetooth.framework/Versions/A/CoreBluetooth
0x00000001ad3fa000 	/System/Library/Frameworks/AudioUnit.framework/Versions/A/AudioUnit
0x00000001a41cc000 	/usr/lib/libMatch.1.dylib
0x00000001bc9f5000 	/System/Library/Frameworks/Accelerate.framework/Versions/A/Frameworks/vImage.framework/Versions/A/Libraries/libCGInterfaces.dylib
0x0000000117fd8000 	/usr/lib/libobjc-trampolines.dylib
0x000000019ff77000 	/System/Library/PrivateFrameworks/ViewBridge.framework/Versions/A/ViewBridge
0x00000001a4093000 	/System/Library/PrivateFrameworks/CrashReporterSupport.framework/Versions/A/CrashReporterSupport
0x00000001c43b5000 	/System/Library/PrivateFrameworks/OSAnalytics.framework/Versions/A/OSAnalytics
0x00000001cf3f9000 	/System/Library/PrivateFrameworks/Symbolication.framework/Versions/A/Symbolication
0x00000001b86d3000 	/System/Library/PrivateFrameworks/MallocStackLogging.framework/Versions/A/MallocStackLogging
0x0000000133e00000 	/Users/tom/Library/Java/JavaVirtualMachines/liberica-17.0.1/lib/libjavafx_font.dylib
0x00000001a491d000 	/System/Library/PrivateFrameworks/login.framework/Versions/A/login
0x0000000133e1c000 	/System/Library/Frameworks/FileProvider.framework/OverrideBundles/CloudDocsFileProvider.bundle/Contents/MacOS/CloudDocsFileProvider
0x00000001a04b4000 	/System/Library/PrivateFrameworks/CloudDocs.framework/Versions/A/CloudDocs
0x00000001ad0af000 	/System/Library/PrivateFrameworks/AppleAccount.framework/Versions/A/AppleAccount
0x00000001a77b6000 	/System/Library/PrivateFrameworks/AppContainer.framework/Versions/A/AppContainer
0x00000001a726c000 	/System/Library/PrivateFrameworks/IDS.framework/Versions/A/IDS
0x00000001ad1f6000 	/System/Library/PrivateFrameworks/AppleIDSSOAuthentication.framework/Versions/A/AppleIDSSOAuthentication
0x00000001a027d000 	/System/Library/PrivateFrameworks/ApplePushService.framework/Versions/A/ApplePushService
0x00000001acdfe000 	/System/Library/PrivateFrameworks/AppSupport.framework/Versions/A/AppSupport
0x00000001a6061000 	/System/Library/PrivateFrameworks/IMFoundation.framework/Versions/A/IMFoundation
0x00000001b384b000 	/System/Library/PrivateFrameworks/Marco.framework/Versions/A/Marco
0x00000001a73e5000 	/System/Library/PrivateFrameworks/IDSFoundation.framework/Versions/A/IDSFoundation
0x000000019f308000 	/System/Library/PrivateFrameworks/CommonUtilities.framework/Versions/A/CommonUtilities
0x00000001b82e3000 	/System/Library/PrivateFrameworks/FTServices.framework/Versions/A/FTServices
0x00000001b0c19000 	/System/Library/PrivateFrameworks/Engram.framework/Versions/A/Engram
0x00000001b0bbb000 	/usr/lib/libtidy.A.dylib
0x00000001a4ad7000 	/System/Library/PrivateFrameworks/Bom.framework/Versions/A/Bom
0x00000001c22a7000 	/System/Library/PrivateFrameworks/FTAWD.framework/Versions/A/FTAWD
0x00000001a9c36000 	/System/Library/PrivateFrameworks/CoreDaemon.framework/Versions/B/CoreDaemon
0x00000001a9c30000 	/System/Library/PrivateFrameworks/AppleSRP.framework/Versions/A/AppleSRP
0x00000001a2cd3000 	/System/Library/Frameworks/ServiceManagement.framework/Versions/A/ServiceManagement
0x00000001a77cb000 	/System/Library/PrivateFrameworks/SecCodeWrapper.framework/Versions/A/SecCodeWrapper
0x0000000133cd0000 	/System/Library/Frameworks/FileProvider.framework/OverrideBundles/FileProviderOverride.bundle/Contents/MacOS/FileProviderOverride
0x0000000134a38000 	/System/Library/Frameworks/FileProvider.framework/OverrideBundles/FinderSyncCollaborationFileProviderOverride.bundle/Contents/MacOS/FinderSyncCollaborationFileProviderOverride
0x00000001c8abf000 	/System/Library/PrivateFrameworks/FinderSyncPriv.framework/Versions/A/FinderSyncPriv
0x00000001a02d2000 	/System/Library/Frameworks/CloudKit.framework/Versions/A/CloudKit
0x00000001ad4b5000 	/System/Library/PrivateFrameworks/C2.framework/Versions/A/C2
0x00000001a1376000 	/System/Library/Frameworks/CoreLocation.framework/Versions/A/CoreLocation
0x00000001ad4ac000 	/System/Library/Frameworks/PushKit.framework/Versions/A/PushKit
0x00000001ab7fe000 	/System/Library/PrivateFrameworks/CoreTime.framework/Versions/A/CoreTime
0x00000001aee85000 	/System/Library/PrivateFrameworks/RTCReporting.framework/Versions/A/RTCReporting
0x00000001a7af7000 	/System/Library/PrivateFrameworks/GeoServices.framework/Versions/A/GeoServices
0x00000001a60d9000 	/System/Library/PrivateFrameworks/LocationSupport.framework/Versions/A/LocationSupport
0x0000000203ee3000 	/System/Library/PrivateFrameworks/GeoServicesCore.framework/Versions/A/GeoServicesCore
0x00000001b4070000 	/System/Library/PrivateFrameworks/PhoneNumbers.framework/Versions/A/PhoneNumbers
0x00000001acd07000 	/System/Library/PrivateFrameworks/RemoteServiceDiscovery.framework/Versions/A/RemoteServiceDiscovery
0x00000001b657a000 	/usr/lib/libFosl_dynamic.dylib
0x00000001bc395000 	/usr/lib/libncurses.5.4.dylib


VM Arguments:
jvm_args: -javaagent:/Applications/IntelliJ IDEA.app/Contents/lib/idea_rt.jar=56858:/Applications/IntelliJ IDEA.app/Contents/bin -Dfile.encoding=UTF-8 --module-path=/Users/tom/IdeaProjects/PaperRater/PaperRaterApp/target/classes:/Users/tom/.m2/repository/org/openjfx/javafx-controls/17.0.0.1/javafx-controls-17.0.0.1-mac-aarch64.jar:/Users/tom/.m2/repository/com/google/code/gson/gson/2.8.9/gson-2.8.9.jar:/Users/tom/.m2/repository/org/controlsfx/controlsfx/11.1.0/controlsfx-11.1.0.jar:/Users/tom/.m2/repository/org/openjfx/javafx-fxml/17.0.0.1/javafx-fxml-17.0.0.1-mac-aarch64.jar:/Users/tom/.m2/repository/com/thoughtworks/xstream/xstream/1.4.18/xstream-1.4.18.jar:/Users/tom/.m2/repository/org/mongodb/mongodb-driver-core/4.4.0/mongodb-driver-core-4.4.0.jar:/Users/tom/.m2/repository/org/mongodb/mongodb-driver-sync/4.4.0/mongodb-driver-sync-4.4.0.jar:/Users/tom/.m2/repository/org/mongodb/bson/4.4.0/bson-4.4.0.jar:/Users/tom/.m2/repository/org/openjfx/javafx-graphics/17.0.0.1/javafx-graphics-17.0.0.1-mac-aarch64.jar:/Users/tom/.m2/repository/org/openjfx/javafx-base/17.0.0.1/javafx-base-17.0.0.1-mac-aarch64.jar -Djdk.module.main=it.unipi.dii.lsmd.paperraterapp 
java_command: it.unipi.dii.lsmd.paperraterapp/it.unipi.dii.lsmd.paperraterapp.Main
java_class_path (initial): /Users/tom/.m2/repository/org/openjfx/javafx-controls/17.0.0.1/javafx-controls-17.0.0.1.jar:/Users/tom/.m2/repository/org/openjfx/javafx-graphics/17.0.0.1/javafx-graphics-17.0.0.1.jar:/Users/tom/.m2/repository/org/openjfx/javafx-base/17.0.0.1/javafx-base-17.0.0.1.jar:/Users/tom/.m2/repository/org/openjfx/javafx-fxml/17.0.0.1/javafx-fxml-17.0.0.1.jar:/Users/tom/.m2/repository/io/github/x-stream/mxparser/1.2.2/mxparser-1.2.2.jar:/Users/tom/.m2/repository/xmlpull/xmlpull/1.1.3.1/xmlpull-1.1.3.1.jar
Launcher Type: SUN_STANDARD

[Global flags]
     intx CICompilerCount                          = 4                                         {product} {ergonomic}
     uint ConcGCThreads                            = 2                                         {product} {ergonomic}
     uint G1ConcRefinementThreads                  = 8                                         {product} {ergonomic}
   size_t G1HeapRegionSize                         = 1048576                                   {product} {ergonomic}
    uintx GCDrainStackTargetSize                   = 64                                        {product} {ergonomic}
   size_t InitialHeapSize                          = 134217728                                 {product} {ergonomic}
   size_t MarkStackSize                            = 4194304                                   {product} {ergonomic}
   size_t MaxHeapSize                              = 2147483648                                {product} {ergonomic}
   size_t MaxNewSize                               = 1287651328                                {product} {ergonomic}
   size_t MinHeapDeltaBytes                        = 1048576                                   {product} {ergonomic}
   size_t MinHeapSize                              = 8388608                                   {product} {ergonomic}
    uintx NonNMethodCodeHeapSize                   = 5839564                                {pd product} {ergonomic}
    uintx NonProfiledCodeHeapSize                  = 122909338                              {pd product} {ergonomic}
    uintx ProfiledCodeHeapSize                     = 122909338                              {pd product} {ergonomic}
    uintx ReservedCodeCacheSize                    = 251658240                              {pd product} {ergonomic}
     bool SegmentedCodeCache                       = true                                      {product} {ergonomic}
   size_t SoftMaxHeapSize                          = 2147483648                             {manageable} {ergonomic}
     bool UseCompressedClassPointers               = true                           {product lp64_product} {ergonomic}
     bool UseCompressedOops                        = true                           {product lp64_product} {ergonomic}
     bool UseG1GC                                  = true                                      {product} {ergonomic}
     bool UseNUMA                                  = false                                     {product} {ergonomic}
     bool UseNUMAInterleaving                      = false                                     {product} {ergonomic}

Logging:
Log output configuration:
 #0: stdout all=warning uptime,level,tags
 #1: stderr all=off uptime,level,tags

Environment Variables:
PATH=/Users/tom/opt/anaconda3/bin:/Users/tom/opt/anaconda3/condabin:/opt/homebrew/bin:/opt/homebrew/sbin:/usr/local/bin:/usr/bin:/bin:/usr/sbin:/sbin
SHELL=/bin/zsh
LC_CTYPE=it_IT.UTF-8

Signal Handlers:
   SIGSEGV: _ZL13crash_handleriP9__siginfoPv in libjvm.dylib, mask=11100110000111110111111111111111, flags=SA_RESTART|SA_SIGINFO
    SIGBUS: _ZL13crash_handleriP9__siginfoPv in libjvm.dylib, mask=11100110000111110111111111111111, flags=SA_RESTART|SA_SIGINFO
    SIGFPE: _ZL13crash_handleriP9__siginfoPv in libjvm.dylib, mask=11100110000111110111111111111111, flags=SA_RESTART|SA_SIGINFO
   SIGPIPE: _ZL17javaSignalHandleriP9__siginfoPv in libjvm.dylib, mask=11100110000111110111111111111111, flags=SA_RESTART|SA_SIGINFO
   SIGXFSZ: _ZL17javaSignalHandleriP9__siginfoPv in libjvm.dylib, mask=11100110000111110111111111111111, flags=SA_RESTART|SA_SIGINFO
    SIGILL: _ZL13crash_handleriP9__siginfoPv in libjvm.dylib, mask=11100110000111110111111111111111, flags=SA_RESTART|SA_SIGINFO
   SIGUSR2: _ZL10SR_handleriP9__siginfoP17__darwin_ucontext in libjvm.dylib, mask=00100000000000000000000000000000, flags=SA_RESTART|SA_SIGINFO
    SIGHUP: _ZL11UserHandleriPvS_ in libjvm.dylib, mask=11100110000111110111111111111111, flags=SA_RESTART|SA_SIGINFO
    SIGINT: _ZL11UserHandleriPvS_ in libjvm.dylib, mask=11100110000111110111111111111111, flags=SA_RESTART|SA_SIGINFO
   SIGTERM: _ZL11UserHandleriPvS_ in libjvm.dylib, mask=11100110000111110111111111111111, flags=SA_RESTART|SA_SIGINFO
   SIGQUIT: _ZL11UserHandleriPvS_ in libjvm.dylib, mask=11100110000111110111111111111111, flags=SA_RESTART|SA_SIGINFO
   SIGTRAP: _ZL13crash_handleriP9__siginfoPv in libjvm.dylib, mask=11100110000111110111111111111111, flags=SA_RESTART|SA_SIGINFO


---------------  S Y S T E M  ---------------

OS:
uname: Darwin 21.2.0 Darwin Kernel Version 21.2.0: Sun Nov 28 20:29:10 PST 2021; root:xnu-8019.61.5~1/RELEASE_ARM64_T8101 arm64
OS uptime: 0 days 8:27 hours
rlimit (soft/hard): STACK 8176k/65520k , CORE 0k/infinity , NPROC 1333/2000 , NOFILE 10240/infinity , AS infinity/infinity , CPU infinity/infinity , DATA infinity/infinity , FSIZE infinity/infinity , MEMLOCK infinity/infinity , RSS infinity/infinity
load average: 2.79 2.56 2.53

CPU: total 8 (initial active 8) 0x61:0x0:0x1b588bb3:0, fp, simd, crc, lse

Memory: 16k page, physical 8388608k(157152k free), swap 1048576k(1009664k free)

vm_info: OpenJDK 64-Bit Server VM (17.0.1+12-LTS) for bsd-aarch64 JRE (17.0.1+12-LTS), built on Oct 20 2021 05:37:11 by "bellsoft" with clang Apple LLVM 12.0.0 (clang-1200.0.32.28)

END.
