#
# A fatal error has been detected by the Java Runtime Environment:
#
#  SIGBUS (0xa) at pc=0x00000001380014f0, pid=6079, tid=35855
#
# JRE version: OpenJDK Runtime Environment (17.0.1+12) (build 17.0.1+12-LTS)
# Java VM: OpenJDK 64-Bit Server VM (17.0.1+12-LTS, mixed mode, sharing, tiered, compressed oops, compressed class ptrs, g1 gc, bsd-aarch64)
# Problematic frame:
# v  ~StubRoutines::SafeFetchN
#
# No core dump will be written. Core dumps have been disabled. To enable core dumping, try "ulimit -c unlimited" before starting Java again
#
# If you would like to submit a bug report, please visit:
#   https://bell-sw.com/support
# The crash happened outside the Java Virtual Machine in native code.
# See problematic frame for where to report the bug.
#

---------------  S U M M A R Y ------------

Command Line: -javaagent:/Applications/IntelliJ IDEA.app/Contents/lib/idea_rt.jar=57108:/Applications/IntelliJ IDEA.app/Contents/bin -Dfile.encoding=UTF-8 --module-path=/Users/tom/.m2/repository/org/openjfx/javafx-fxml/17.0.0.1/javafx-fxml-17.0.0.1-mac-aarch64.jar:/Users/tom/.m2/repository/org/openjfx/javafx-graphics/17.0.0.1/javafx-graphics-17.0.0.1-mac-aarch64.jar:/Users/tom/.m2/repository/org/openjfx/javafx-base/17.0.0.1/javafx-base-17.0.0.1-mac-aarch64.jar:/Users/tom/.m2/repository/org/openjfx/javafx-controls/17.0.0.1/javafx-controls-17.0.0.1-mac-aarch64.jar:/Users/tom/.m2/repository/org/controlsfx/controlsfx/11.1.0/controlsfx-11.1.0.jar:/Users/tom/.m2/repository/com/thoughtworks/xstream/xstream/1.4.18/xstream-1.4.18.jar:/Users/tom/.m2/repository/org/mongodb/mongodb-driver-core/4.4.0/mongodb-driver-core-4.4.0.jar:/Users/tom/.m2/repository/org/mongodb/mongodb-driver-sync/4.4.0/mongodb-driver-sync-4.4.0.jar:/Users/tom/IdeaProjects/PaperRater/PaperRaterApp/target/classes:/Users/tom/.m2/repository/com/google/code/gson/gson/2.8.9/gson-2.8.9.jar:/Users/tom/.m2/repository/org/mongodb/bson/4.4.0/bson-4.4.0.jar -Djdk.module.main=it.unipi.dii.lsmd.paperraterapp it.unipi.dii.lsmd.paperraterapp/it.unipi.dii.lsmd.paperraterapp.Main

Host: "MacBookAir10,1" arm64 1 MHz, 8 cores, 8G, Darwin 21.2.0, macOS 12.1 (21C52)
Time: Wed Dec 15 20:12:32 2021 +04 elapsed time: 10.067289 seconds (0d 0h 0m 10s)

---------------  T H R E A D  ---------------

Current thread (0x000000011b8b3600):  JavaThread "InvokeLaterDispatcher" daemon [_thread_in_native, id=35855, stack(0x0000000280834000,0x0000000280a37000)]

Stack: [0x0000000280834000,0x0000000280a37000],  sp=0x0000000280a367a0,  free space=2057k
Native frames: (J=compiled Java code, j=interpreted, Vv=VM code, C=native code)
v  ~StubRoutines::SafeFetchN
V  [libjvm.dylib+0x7b575c]  _ZN10OopStorage7releaseEPKP7oopDesc+0x20
V  [libjvm.dylib+0x4c6390]  jni_DeleteGlobalRef+0xd8
C  [libglass.dylib+0xaa08]  -[GlassRunnable dealloc]+0x34
C  [Foundation+0x84c7c]  -[_NSThreadPerformInfo dealloc]+0x30
C  [Foundation+0x51578]  -[NSObject(NSThreadPerformAdditions) performSelectorOnMainThread:withObject:waitUntilDone:]+0x88
C  0xed0b00013fb7c84c
J 1938 c1 com.sun.glass.ui.mac.MacApplication.submitForLaterInvocation(Ljava/lang/Runnable;)V javafx.graphics@17.0.1 (6 bytes) @ 0x0000000138919d58 [0x0000000138919cc0+0x0000000000000098]
C  0x000000078682aad0

Java frames: (J=compiled Java code, j=interpreted, Vv=VM code)
J 2045  com.sun.glass.ui.mac.MacApplication._submitForLaterInvocation(Ljava/lang/Runnable;)V javafx.graphics@17.0.1 (0 bytes) @ 0x000000013fb7c84c [0x000000013fb7c7c0+0x000000000000008c]
J 1938 c1 com.sun.glass.ui.mac.MacApplication.submitForLaterInvocation(Ljava/lang/Runnable;)V javafx.graphics@17.0.1 (6 bytes) @ 0x0000000138919d58 [0x0000000138919cc0+0x0000000000000098]
j  com.sun.glass.ui.InvokeLaterDispatcher.run()V+82 javafx.graphics@17.0.1
v  ~StubRoutines::call_stub

siginfo: si_signo: 10 (SIGBUS), si_code: 1 (BUS_ADRALN), si_addr: 0x00000001380014f0

Register to memory mapping:

 x0=0x000000011ae05388 points into unknown readable memory: 0x0000000000000000 | 00 00 00 00 00 00 00 00
 x1=0x0 is NULL
 x2=0x0000000787ed70c8 is an oop: com.sun.glass.ui.InvokeLaterDispatcher$Future 
{0x0000000787ed70c8} - klass: 'com/sun/glass/ui/InvokeLaterDispatcher$Future'
 - ---- fields (total size 3 words):
 - private 'done' 'Z' @12  true
 - private final 'runnable' 'Ljava/lang/Runnable;' @16  a 'com/sun/javafx/application/PlatformImpl$$Lambda$112+0x0000000800c856b8'{0x00000007879c31d8} (f0f3863b)
 - final synthetic 'this$0' 'Lcom/sun/glass/ui/InvokeLaterDispatcher;' @20  a 'com/sun/glass/ui/InvokeLaterDispatcher'{0x000000078682aad0} (f0d0555a)
 x3=0x0 is NULL
 x4=0x0 is NULL
 x5=0x0 is NULL
 x6=0x0 is NULL
 x7=0x0 is NULL
 x8=0x00000001380014ec is at begin+0 in a stub
StubRoutines::SafeFetchN [0x00000001380014ec, 0x00000001380014f8] (12 bytes)
 x9=0x0 is NULL
x10=0x2010000030300000 is an unknown value
x11=0x0000000000000007 is an unknown value
x12=0x0 is NULL
x13=0x0000600003d79670 points into unknown readable memory: 0x0000000000000000 | 00 00 00 00 00 00 00 00
x14=0x0000000000000001 is an unknown value
x15=0x0000000115a61f98: OBJC_CLASS_$_GlassRunnable+0 in /Users/tom/Library/Java/JavaVirtualMachines/liberica-17.0.1/lib/libglass.dylib at 0x0000000115a1c000
x16=0x0000000198be0094: pthread_getspecific+0 in /usr/lib/system/libsystem_pthread.dylib at 0x0000000198bde000
x17=0x000060000372c3c0 points into unknown readable memory: 0xfffffffffffffffe | fe ff ff ff ff ff ff ff
x18=0x0 is NULL
x19=0x000060000383c310 points into unknown readable memory: 0x0000600001130480 | 80 04 13 01 00 60 00 00
x20=0x000000011ae05180 points into unknown readable memory: 0x9b33800ffa8d6009 | 09 60 8d fa 0f 80 33 9b
x21=0x000000011ae05388 points into unknown readable memory: 0x0000000000000000 | 00 00 00 00 00 00 00 00
x22=0x000000011b8b3600 is a thread
x23=0x0000000000000001 is an unknown value
x24=0x000000011ae05340 is a global jni handle
x25=0x0000000104217a08: _ZN12StubRoutines17_safefetchN_entryE+0 in /Users/tom/Library/Java/JavaVirtualMachines/liberica-17.0.1/lib/server/libjvm.dylib at 0x00000001035c4000
x26=0x0000000113931928 is pointing into metadata
x27=0x0 is NULL
x28=0x000000011b8b3600 is a thread


Registers:
 x0=0x000000011ae05388  x1=0x0000000000000000  x2=0x0000000787ed70c8  x3=0x0000000000000000
 x4=0x0000000000000000  x5=0x0000000000000000  x6=0x0000000000000000  x7=0x0000000000000000
 x8=0x00000001380014ec  x9=0x0000000000000000 x10=0x2010000030300000 x11=0x0000000000000007
x12=0x0000000000000000 x13=0x0000600003d79670 x14=0x0000000000000001 x15=0x0000000115a61f98
x16=0x0000000198be0094 x17=0x000060000372c3c0 x18=0x0000000000000000 x19=0x000060000383c310
x20=0x000000011ae05180 x21=0x000000011ae05388 x22=0x000000011b8b3600 x23=0x0000000000000001
x24=0x000000011ae05340 x25=0x0000000104217a08 x26=0x0000000113931928 x27=0x0000000000000000
x28=0x000000011b8b3600  fp=0x0000000280a367e0  lr=0x0000000103d7852c  sp=0x0000000280a367a0
pc=0x00000001380014f0 cpsr=0x0000000060001000
Top of Stack: (sp=0x0000000280a367a0)
0x0000000280a367a0:   0000000113931928 0000000000000001
0x0000000280a367b0:   0000000800c2a5c8 0000000000000000
0x0000000280a367c0:   000000012c01a8a8 000000011ae05360
0x0000000280a367d0:   000000011ae05360 000060000383c310
0x0000000280a367e0:   0000000280a36820 0000000103d7975c
0x0000000280a367f0:   0000000000000001 000000011ae05360
0x0000000280a36800:   000000012c01a8a8 000000011ae05360
0x0000000280a36810:   0000000000000001 000000012c01a600
0x0000000280a36820:   0000000280a36860 0000000103a8a390
0x0000000280a36830:   0000000800c2a5c8 0000600001120b00
0x0000000280a36840:   0000600001120b10 00000001e3110474
0x0000000280a36850:   0000000000000000 0000600001120b10
0x0000000280a36860:   0000000280a36890 0000000115a26a08
0x0000000280a36870:   b14beaf68a2c0086 0000000000000000
0x0000000280a36880:   0000000000000000 00006000006fef80
0x0000000280a36890:   0000000280a368d0 0000000199ba4c7c
0x0000000280a368a0:   0000000800c2a5c8 0000600001120b00
0x0000000280a368b0:   0000600001120b10 b14beaf68a2c0086
0x0000000280a368c0:   0000000000000000 0000000000000000
0x0000000280a368d0:   0000000280a36910 957d000199b71578
0x0000000280a368e0:   0000000800c2a5c8 00000001380087c0
0x0000000280a368f0:   00000001139312e2 000000010421f3c0
0x0000000280a36900:   0000000280a369f0 00000000000000b9
0x0000000280a36910:   0000000280a36970 ed0b00013fb7c84c
0x0000000280a36920:   0000000786858138 0000000787ed70c8
0x0000000280a36930:   0000000280a36a98 0000000198bec530
0x0000000280a36940:   000000011b8b3600 00000001041fc130
0x0000000280a36950:   0000000280a36a00 0000000000000001
0x0000000280a36960:   0000000280a369a0 0000000780434f78
0x0000000280a36970:   0000000280a36a60 0000000138919d58
0x0000000280a36980:   0000000787ed70c8 00000007879c31d8
0x0000000280a36990:   0000000280a369f8 00000000000000b6 

Instructions: (pc=0x00000001380014f0)
0x00000001380013f0:   f2a083c9 f2c00029 6d425935 1e640886
0x0000000138001400:   0c402d31 1e6408c7 1f5654d0 1e6c1017
0x0000000138001410:   1f5050d0 1f504cd0 1f5048d0 1e650af6
0x0000000138001420:   1f50d8f6 1f5694d6 1f5158f6 1e762880
0x0000000138001430:   36000501 1e614000 14000026 2e251ca5
0x0000000138001440:   d2883009 f2a083c9 f2c00029 6d425d36
0x0000000138001450:   1e600806 0c402d32 1f5758c7 1e6c101a
0x0000000138001460:   1f4754c7 1e650805 1f4750c7 d2866668
0x0000000138001470:   f2a7fa68 1f474cc7 1e6608c0 1f4748c7
0x0000000138001480:   1e6e1019 eb08007f 540000ac 1f479400
0x0000000138001490:   1f460340 1e603b20 1400000e d2a7fd29
0x00000001380014a0:   eb09007f 540000ac 51480069 d3607d29
0x00000001380014b0:   9e670121 14000002 1e6a5001 1f679417
0x00000001380014c0:   1f668742 1e613b23 1e773857 1e773860
0x00000001380014d0:   a8c17ff3 910003bf a8c17bfd d65f03c0
0x00000001380014e0:   b9400001 aa0103e0 d65f03c0 f9400001
0x00000001380014f0:   aa0103e0 d65f03c0 00000000 00000000
0x0000000138001500:   00000000 00000000 00000000 00000000
0x0000000138001510:   00000000 00000000 00000000 00000000
0x0000000138001520:   00000000 00000000 00000000 00000000
0x0000000138001530:   00000000 00000000 00000000 00000000
0x0000000138001540:   00000000 00000000 00000000 00000000
0x0000000138001550:   00000000 00000000 00000000 00000000
0x0000000138001560:   00000000 00000000 00000000 00000000
0x0000000138001570:   00000000 00000000 00000000 00000000
0x0000000138001580:   00000000 00000000 00000000 00000000
0x0000000138001590:   00000000 00000000 00000000 00000000
0x00000001380015a0:   00000000 00000000 00000000 00000000
0x00000001380015b0:   00000000 00000000 00000000 00000000
0x00000001380015c0:   00000000 00000000 00000000 00000000
0x00000001380015d0:   00000000 00000000 00000000 00000000
0x00000001380015e0:   00000000 00000000 00000000 00000000 


Stack slot to memory mapping:
stack at sp + 0 slots: 0x0000000113931928 is pointing into metadata
stack at sp + 1 slots: 0x0000000000000001 is an unknown value
stack at sp + 2 slots: 0x0000000800c2a5c8 is a pointer to class: 
com.sun.glass.ui.mac.MacApplication {0x0000000800c2a5c8}
 - instance size:     5
 - klass size:        136
 - access:            final synchronized 
 - state:             fully_initialized
 - name:              'com/sun/glass/ui/mac/MacApplication'
 - super:             'com/sun/glass/ui/Application'
 - sub:               
 - arrays:            NULL
 - methods:           Array<T>(0x00000001139067b0)
 - method ordering:   Array<T>(0x0000000800926060)
 - default_methods:   Array<T>(0x0000000000000000)
 - local interfaces:  Array<T>(0x00000001139065a0)
 - trans. interfaces: Array<T>(0x00000001139065a0)
 - constants:         constant pool [608]/operands[69] {0x00000001139050e0} for 'com/sun/glass/ui/mac/MacApplication' cache=0x000000011392f1d0
 - class loader data:  loader data: 0x0000600002230280 for instance a 'jdk/internal/loader/ClassLoaders$PlatformClassLoader'{0x00000007868166f8}
 - source file:       'MacApplication.java'
 - class annotations:       Array<T>(0x0000000000000000)
 - class type annotations:  Array<T>(0x0000000000000000)
 - field annotations:       Array<T>(0x0000000000000000)
 - field type annotations:  Array<T>(0x0000000000000000)
 - inner classes:     Array<T>(0x0000000113903bc0)
 - nest members:     Array<T>(0x0000000113903c18)
 - permitted subclasses:     Array<T>(0x00000008005ca590)
 - java mirror:       a 'java/lang/Class'{0x0000000786820850} = 'com/sun/glass/ui/mac/MacApplication'
 - vtable length      72  (start addr: 0x0000000800c2a798)
 - itable length      5 (start addr: 0x0000000800c2a9d8)
 - ---- static fields (1 words):
 - static final 'BROWSER_PARENT_ID' 'J' @112 
 - ---- non-static fields (7 words):
 - private 'initialActiveEventReceived' 'Z' @12 
 - private 'terminateWhenLastWindowClosed' 'Z' @13 
 - protected 'name' 'Ljava/lang/String;' @16 
 - private 'eventHandler' 'Lcom/sun/glass/ui/Application$EventHandler;' @20 
 - private 'initialOpenedFiles' '[Ljava/lang/String;' @24 
 - private 'isTaskbarApplication' 'Z' @14 
 - private 'firstDidResignActive' 'Z' @15 
 - private final 'invokeLaterDispatcher' 'Lcom/sun/glass/ui/InvokeLaterDispatcher;' @28 
 - private 'appleMenu' 'Lcom/sun/glass/ui/Menu;' @32 
 - private final 'reactivationLatch' 'Ljava/util/concurrent/CountDownLatch;' @36 
 - non-static oop maps: 16-36 
stack at sp + 3 slots: 0x0 is NULL
stack at sp + 4 slots: 0x000000012c01a8a8 points into unknown readable memory: 0x00000001041d2878 | 78 28 1d 04 01 00 00 00
stack at sp + 5 slots: 0x000000011ae05360 is a global jni handle
stack at sp + 6 slots: 0x000000011ae05360 is a global jni handle
stack at sp + 7 slots: 0x000060000383c310 points into unknown readable memory: 0x0000600001130480 | 80 04 13 01 00 60 00 00

StubRoutines::SafeFetchN [0x00000001380014ec, 0x00000001380014f8] (12 bytes)
[MachCode]
  0x00000001380014ec: 0100 40f9 | e003 01aa | c003 5fd6 
[/MachCode]

---------------  P R O C E S S  ---------------

Threads class SMR info:
_java_thread_list=0x00006000013b6960, length=20, elements={
0x000000011b008e00, 0x000000012b80aa00, 0x000000012b80b000, 0x000000012b818400,
0x000000012b01be00, 0x000000012b015800, 0x000000012b015e00, 0x000000012b016400,
0x000000012b016a00, 0x000000011b8b0e00, 0x000000011b00e000, 0x0000000116020200,
0x000000011b00ba00, 0x000000011b8b3600, 0x000000012c01a600, 0x000000011b0d7400,
0x000000011ba0b000, 0x000000011b124e00, 0x000000012b8d7400, 0x000000011b525e00
}

Java Threads: ( => current thread )
  0x000000011b008e00 JavaThread "main" [_thread_blocked, id=6403, stack(0x000000016dd68000,0x000000016df6b000)]
  0x000000012b80aa00 JavaThread "Reference Handler" daemon [_thread_blocked, id=16387, stack(0x000000016ebbc000,0x000000016edbf000)]
  0x000000012b80b000 JavaThread "Finalizer" daemon [_thread_blocked, id=15363, stack(0x000000016edc8000,0x000000016efcb000)]
  0x000000012b818400 JavaThread "Signal Dispatcher" daemon [_thread_blocked, id=22787, stack(0x000000016f0ec000,0x000000016f2ef000)]
  0x000000012b01be00 JavaThread "Service Thread" daemon [_thread_blocked, id=42243, stack(0x000000016f2f8000,0x000000016f4fb000)]
  0x000000012b015800 JavaThread "Monitor Deflation Thread" daemon [_thread_blocked, id=23555, stack(0x000000016f504000,0x000000016f707000)]
  0x000000012b015e00 JavaThread "C2 CompilerThread0" daemon [_thread_blocked, id=23811, stack(0x000000016f710000,0x000000016f913000)]
  0x000000012b016400 JavaThread "C1 CompilerThread0" daemon [_thread_blocked, id=24067, stack(0x000000016f91c000,0x000000016fb1f000)]
  0x000000012b016a00 JavaThread "Sweeper thread" daemon [_thread_blocked, id=41475, stack(0x000000016fb28000,0x000000016fd2b000)]
  0x000000011b8b0e00 JavaThread "Common-Cleaner" daemon [_thread_blocked, id=40963, stack(0x000000016fd34000,0x000000016ff37000)]
  0x000000011b00e000 JavaThread "Monitor Ctrl-Break" daemon [_thread_in_native, id=40707, stack(0x0000000280004000,0x0000000280207000)]
  0x0000000116020200 JavaThread "Notification Thread" daemon [_thread_blocked, id=25091, stack(0x0000000280210000,0x0000000280413000)]
  0x000000011b00ba00 JavaThread "QuantumRenderer-0" daemon [_thread_blocked, id=39939, stack(0x0000000280628000,0x000000028082b000)]
=>0x000000011b8b3600 JavaThread "InvokeLaterDispatcher" daemon [_thread_in_native, id=35855, stack(0x0000000280834000,0x0000000280a37000)]
  0x000000012c01a600 JavaThread "JavaFX Application Thread" [_thread_in_native, id=259, stack(0x000000016d4e0000,0x000000016dcdc000)]
  0x000000011b0d7400 JavaThread "JavaFX-Launcher" [_thread_blocked, id=76291, stack(0x0000000280b58000,0x0000000280d5b000)]
  0x000000011ba0b000 JavaThread "PulseTimer-CVDisplayLink thread" daemon [_thread_in_native, id=78859, stack(0x0000000280a40000,0x0000000280ac3000)]
  0x000000011b124e00 JavaThread "Prism Font Disposer" daemon [_thread_blocked, id=73491, stack(0x00000002855a0000,0x00000002857a3000)]
  0x000000012b8d7400 JavaThread "Cleaner-0" daemon [_thread_blocked, id=60435, stack(0x0000000285950000,0x0000000285b53000)]
  0x000000011b525e00 JavaThread "Attach Listener" daemon [_thread_blocked, id=55327, stack(0x00000002871e0000,0x00000002873e3000)]

Other Threads:
  0x000000011af04080 VMThread "VM Thread" [stack: 0x000000016e9b0000,0x000000016ebb3000] [id=14339]
  0x0000000103404380 WatcherThread [stack: 0x000000028041c000,0x000000028061f000] [id=40451]
  0x000000012c8060c0 GCTaskThread "GC Thread#0" [stack: 0x000000016df74000,0x000000016e177000] [id=19715]
  0x000000012af3f4a0 GCTaskThread "GC Thread#1" [stack: 0x0000000285b5c000,0x0000000285d5f000] [id=60931]
  0x000000012ae3bfa0 GCTaskThread "GC Thread#2" [stack: 0x0000000285d68000,0x0000000285f6b000] [id=61187]
  0x000000012ae3c4c0 GCTaskThread "GC Thread#3" [stack: 0x0000000285f74000,0x0000000286177000] [id=70659]
  0x000000012ae3c940 GCTaskThread "GC Thread#4" [stack: 0x0000000286180000,0x0000000286383000] [id=70147]
  0x000000012ae3cdc0 GCTaskThread "GC Thread#5" [stack: 0x000000028638c000,0x000000028658f000] [id=69635]
  0x000000012af3fca0 GCTaskThread "GC Thread#6" [stack: 0x0000000286598000,0x000000028679b000] [id=61955]
  0x000000011ae2c9e0 GCTaskThread "GC Thread#7" [stack: 0x00000002867a4000,0x00000002869a7000] [id=69379]
  0x000000012c806770 ConcurrentGCThread "G1 Main Marker" [stack: 0x000000016e180000,0x000000016e383000] [id=19203]
  0x000000012c806ff0 ConcurrentGCThread "G1 Conc#0" [stack: 0x000000016e38c000,0x000000016e58f000] [id=18691]
  0x000000012c808e60 ConcurrentGCThread "G1 Refine#0" [stack: 0x000000016e598000,0x000000016e79b000] [id=18435]
  0x000000011c0087b0 ConcurrentGCThread "G1 Refine#1" [stack: 0x00000002869b0000,0x0000000286bb3000] [id=62467]
  0x0000000103308be0 ConcurrentGCThread "G1 Refine#2" [stack: 0x0000000286bbc000,0x0000000286dbf000] [id=68355]
  0x0000000103309b50 ConcurrentGCThread "G1 Refine#3" [stack: 0x0000000286dc8000,0x0000000286fcb000] [id=67587]
  0x000000010330a530 ConcurrentGCThread "G1 Refine#4" [stack: 0x0000000286fd4000,0x00000002871d7000] [id=67075]
  0x000000012c809700 ConcurrentGCThread "G1 Service" [stack: 0x000000016e7a4000,0x000000016e9a7000] [id=13315]

Threads with active compile tasks:

VM state: not at safepoint (normal execution)

VM Mutex/Monitor currently owned by a thread: None

Heap address: 0x0000000780000000, size: 2048 MB, Compressed Oops mode: Zero based, Oop shift amount: 3

CDS archive(s) mapped at: [0x0000000800000000-0x0000000800be0000-0x0000000800be0000), size 12451840, SharedBaseAddress: 0x0000000800000000, ArchiveRelocationMode: 0.
Compressed class space mapped at: 0x0000000800c00000-0x0000000840c00000, reserved size: 1073741824
Narrow klass base: 0x0000000800000000, Narrow klass shift: 0, Narrow klass range: 0x100000000

GC Precious Log:
 CPUs: 8 total, 8 available
 Memory: 8192M
 Large Page Support: Disabled
 NUMA Support: Disabled
 Compressed Oops: Enabled (Zero based)
 Heap Region Size: 1M
 Heap Min Capacity: 8M
 Heap Initial Capacity: 128M
 Heap Max Capacity: 2G
 Pre-touch: Disabled
 Parallel Workers: 8
 Concurrent Workers: 2
 Concurrent Refinement Workers: 8
 Periodic GC: Disabled

Heap:
 garbage-first heap   total 133120K, used 17267K [0x0000000780000000, 0x0000000800000000)
  region size 1024K, 10 young (10240K), 3 survivors (3072K)
 Metaspace       used 15935K, committed 16192K, reserved 1064960K
  class space    used 2185K, committed 2304K, reserved 1048576K

Heap Regions: E=young(eden), S=young(survivor), O=old, HS=humongous(starts), HC=humongous(continues), CS=collection set, F=free, OA=open archive, CA=closed archive, TAMS=top-at-mark-start (previous, next)
|   0|0x0000000780000000, 0x0000000780100000, 0x0000000780100000|100%|HS|  |TAMS 0x0000000780000000, 0x0000000780000000| Complete 
|   1|0x0000000780100000, 0x0000000780200000, 0x0000000780200000|100%|HC|  |TAMS 0x0000000780100000, 0x0000000780100000| Complete 
|   2|0x0000000780200000, 0x0000000780300000, 0x0000000780300000|100%|HS|  |TAMS 0x0000000780200000, 0x0000000780200000| Complete 
|   3|0x0000000780300000, 0x0000000780400000, 0x0000000780400000|100%|HC|  |TAMS 0x0000000780300000, 0x0000000780300000| Complete 
|   4|0x0000000780400000, 0x0000000780500000, 0x0000000780500000|100%| O|  |TAMS 0x0000000780400000, 0x0000000780400000| Untracked 
|   5|0x0000000780500000, 0x0000000780600000, 0x0000000780600000|100%| O|  |TAMS 0x0000000780500000, 0x0000000780500000| Untracked 
|   6|0x0000000780600000, 0x00000007806d8c00, 0x0000000780700000| 84%| O|  |TAMS 0x0000000780600000, 0x0000000780600000| Untracked 
|   7|0x0000000780700000, 0x0000000780700000, 0x0000000780800000|  0%| F|  |TAMS 0x0000000780700000, 0x0000000780700000| Untracked 
|   8|0x0000000780800000, 0x0000000780800000, 0x0000000780900000|  0%| F|  |TAMS 0x0000000780800000, 0x0000000780800000| Untracked 
|   9|0x0000000780900000, 0x0000000780900000, 0x0000000780a00000|  0%| F|  |TAMS 0x0000000780900000, 0x0000000780900000| Untracked 
|  10|0x0000000780a00000, 0x0000000780a00000, 0x0000000780b00000|  0%| F|  |TAMS 0x0000000780a00000, 0x0000000780a00000| Untracked 
|  11|0x0000000780b00000, 0x0000000780b00000, 0x0000000780c00000|  0%| F|  |TAMS 0x0000000780b00000, 0x0000000780b00000| Untracked 
|  12|0x0000000780c00000, 0x0000000780c00000, 0x0000000780d00000|  0%| F|  |TAMS 0x0000000780c00000, 0x0000000780c00000| Untracked 
|  13|0x0000000780d00000, 0x0000000780d00000, 0x0000000780e00000|  0%| F|  |TAMS 0x0000000780d00000, 0x0000000780d00000| Untracked 
|  14|0x0000000780e00000, 0x0000000780e00000, 0x0000000780f00000|  0%| F|  |TAMS 0x0000000780e00000, 0x0000000780e00000| Untracked 
|  15|0x0000000780f00000, 0x0000000780f00000, 0x0000000781000000|  0%| F|  |TAMS 0x0000000780f00000, 0x0000000780f00000| Untracked 
|  16|0x0000000781000000, 0x0000000781000000, 0x0000000781100000|  0%| F|  |TAMS 0x0000000781000000, 0x0000000781000000| Untracked 
|  17|0x0000000781100000, 0x0000000781100000, 0x0000000781200000|  0%| F|  |TAMS 0x0000000781100000, 0x0000000781100000| Untracked 
|  18|0x0000000781200000, 0x0000000781200000, 0x0000000781300000|  0%| F|  |TAMS 0x0000000781200000, 0x0000000781200000| Untracked 
|  19|0x0000000781300000, 0x0000000781300000, 0x0000000781400000|  0%| F|  |TAMS 0x0000000781300000, 0x0000000781300000| Untracked 
|  20|0x0000000781400000, 0x0000000781400000, 0x0000000781500000|  0%| F|  |TAMS 0x0000000781400000, 0x0000000781400000| Untracked 
|  21|0x0000000781500000, 0x0000000781500000, 0x0000000781600000|  0%| F|  |TAMS 0x0000000781500000, 0x0000000781500000| Untracked 
|  22|0x0000000781600000, 0x0000000781600000, 0x0000000781700000|  0%| F|  |TAMS 0x0000000781600000, 0x0000000781600000| Untracked 
|  23|0x0000000781700000, 0x0000000781700000, 0x0000000781800000|  0%| F|  |TAMS 0x0000000781700000, 0x0000000781700000| Untracked 
|  24|0x0000000781800000, 0x0000000781800000, 0x0000000781900000|  0%| F|  |TAMS 0x0000000781800000, 0x0000000781800000| Untracked 
|  25|0x0000000781900000, 0x0000000781900000, 0x0000000781a00000|  0%| F|  |TAMS 0x0000000781900000, 0x0000000781900000| Untracked 
|  26|0x0000000781a00000, 0x0000000781a00000, 0x0000000781b00000|  0%| F|  |TAMS 0x0000000781a00000, 0x0000000781a00000| Untracked 
|  27|0x0000000781b00000, 0x0000000781b00000, 0x0000000781c00000|  0%| F|  |TAMS 0x0000000781b00000, 0x0000000781b00000| Untracked 
|  28|0x0000000781c00000, 0x0000000781c00000, 0x0000000781d00000|  0%| F|  |TAMS 0x0000000781c00000, 0x0000000781c00000| Untracked 
|  29|0x0000000781d00000, 0x0000000781d00000, 0x0000000781e00000|  0%| F|  |TAMS 0x0000000781d00000, 0x0000000781d00000| Untracked 
|  30|0x0000000781e00000, 0x0000000781e00000, 0x0000000781f00000|  0%| F|  |TAMS 0x0000000781e00000, 0x0000000781e00000| Untracked 
|  31|0x0000000781f00000, 0x0000000781f00000, 0x0000000782000000|  0%| F|  |TAMS 0x0000000781f00000, 0x0000000781f00000| Untracked 
|  32|0x0000000782000000, 0x0000000782000000, 0x0000000782100000|  0%| F|  |TAMS 0x0000000782000000, 0x0000000782000000| Untracked 
|  33|0x0000000782100000, 0x0000000782100000, 0x0000000782200000|  0%| F|  |TAMS 0x0000000782100000, 0x0000000782100000| Untracked 
|  34|0x0000000782200000, 0x0000000782200000, 0x0000000782300000|  0%| F|  |TAMS 0x0000000782200000, 0x0000000782200000| Untracked 
|  35|0x0000000782300000, 0x0000000782300000, 0x0000000782400000|  0%| F|  |TAMS 0x0000000782300000, 0x0000000782300000| Untracked 
|  36|0x0000000782400000, 0x0000000782400000, 0x0000000782500000|  0%| F|  |TAMS 0x0000000782400000, 0x0000000782400000| Untracked 
|  37|0x0000000782500000, 0x0000000782500000, 0x0000000782600000|  0%| F|  |TAMS 0x0000000782500000, 0x0000000782500000| Untracked 
|  38|0x0000000782600000, 0x0000000782600000, 0x0000000782700000|  0%| F|  |TAMS 0x0000000782600000, 0x0000000782600000| Untracked 
|  39|0x0000000782700000, 0x0000000782700000, 0x0000000782800000|  0%| F|  |TAMS 0x0000000782700000, 0x0000000782700000| Untracked 
|  40|0x0000000782800000, 0x0000000782800000, 0x0000000782900000|  0%| F|  |TAMS 0x0000000782800000, 0x0000000782800000| Untracked 
|  41|0x0000000782900000, 0x0000000782900000, 0x0000000782a00000|  0%| F|  |TAMS 0x0000000782900000, 0x0000000782900000| Untracked 
|  42|0x0000000782a00000, 0x0000000782a00000, 0x0000000782b00000|  0%| F|  |TAMS 0x0000000782a00000, 0x0000000782a00000| Untracked 
|  43|0x0000000782b00000, 0x0000000782b00000, 0x0000000782c00000|  0%| F|  |TAMS 0x0000000782b00000, 0x0000000782b00000| Untracked 
|  44|0x0000000782c00000, 0x0000000782c00000, 0x0000000782d00000|  0%| F|  |TAMS 0x0000000782c00000, 0x0000000782c00000| Untracked 
|  45|0x0000000782d00000, 0x0000000782d00000, 0x0000000782e00000|  0%| F|  |TAMS 0x0000000782d00000, 0x0000000782d00000| Untracked 
|  46|0x0000000782e00000, 0x0000000782e00000, 0x0000000782f00000|  0%| F|  |TAMS 0x0000000782e00000, 0x0000000782e00000| Untracked 
|  47|0x0000000782f00000, 0x0000000782f00000, 0x0000000783000000|  0%| F|  |TAMS 0x0000000782f00000, 0x0000000782f00000| Untracked 
|  48|0x0000000783000000, 0x0000000783000000, 0x0000000783100000|  0%| F|  |TAMS 0x0000000783000000, 0x0000000783000000| Untracked 
|  49|0x0000000783100000, 0x0000000783100000, 0x0000000783200000|  0%| F|  |TAMS 0x0000000783100000, 0x0000000783100000| Untracked 
|  50|0x0000000783200000, 0x0000000783200000, 0x0000000783300000|  0%| F|  |TAMS 0x0000000783200000, 0x0000000783200000| Untracked 
|  51|0x0000000783300000, 0x0000000783300000, 0x0000000783400000|  0%| F|  |TAMS 0x0000000783300000, 0x0000000783300000| Untracked 
|  52|0x0000000783400000, 0x0000000783400000, 0x0000000783500000|  0%| F|  |TAMS 0x0000000783400000, 0x0000000783400000| Untracked 
|  53|0x0000000783500000, 0x0000000783500000, 0x0000000783600000|  0%| F|  |TAMS 0x0000000783500000, 0x0000000783500000| Untracked 
|  54|0x0000000783600000, 0x0000000783600000, 0x0000000783700000|  0%| F|  |TAMS 0x0000000783600000, 0x0000000783600000| Untracked 
|  55|0x0000000783700000, 0x0000000783700000, 0x0000000783800000|  0%| F|  |TAMS 0x0000000783700000, 0x0000000783700000| Untracked 
|  56|0x0000000783800000, 0x0000000783800000, 0x0000000783900000|  0%| F|  |TAMS 0x0000000783800000, 0x0000000783800000| Untracked 
|  57|0x0000000783900000, 0x0000000783900000, 0x0000000783a00000|  0%| F|  |TAMS 0x0000000783900000, 0x0000000783900000| Untracked 
|  58|0x0000000783a00000, 0x0000000783a00000, 0x0000000783b00000|  0%| F|  |TAMS 0x0000000783a00000, 0x0000000783a00000| Untracked 
|  59|0x0000000783b00000, 0x0000000783b00000, 0x0000000783c00000|  0%| F|  |TAMS 0x0000000783b00000, 0x0000000783b00000| Untracked 
|  60|0x0000000783c00000, 0x0000000783c00000, 0x0000000783d00000|  0%| F|  |TAMS 0x0000000783c00000, 0x0000000783c00000| Untracked 
|  61|0x0000000783d00000, 0x0000000783d00000, 0x0000000783e00000|  0%| F|  |TAMS 0x0000000783d00000, 0x0000000783d00000| Untracked 
|  62|0x0000000783e00000, 0x0000000783e00000, 0x0000000783f00000|  0%| F|  |TAMS 0x0000000783e00000, 0x0000000783e00000| Untracked 
|  63|0x0000000783f00000, 0x0000000783f00000, 0x0000000784000000|  0%| F|  |TAMS 0x0000000783f00000, 0x0000000783f00000| Untracked 
|  64|0x0000000784000000, 0x0000000784000000, 0x0000000784100000|  0%| F|  |TAMS 0x0000000784000000, 0x0000000784000000| Untracked 
|  65|0x0000000784100000, 0x0000000784100000, 0x0000000784200000|  0%| F|  |TAMS 0x0000000784100000, 0x0000000784100000| Untracked 
|  66|0x0000000784200000, 0x0000000784200000, 0x0000000784300000|  0%| F|  |TAMS 0x0000000784200000, 0x0000000784200000| Untracked 
|  67|0x0000000784300000, 0x0000000784300000, 0x0000000784400000|  0%| F|  |TAMS 0x0000000784300000, 0x0000000784300000| Untracked 
|  68|0x0000000784400000, 0x0000000784400000, 0x0000000784500000|  0%| F|  |TAMS 0x0000000784400000, 0x0000000784400000| Untracked 
|  69|0x0000000784500000, 0x0000000784500000, 0x0000000784600000|  0%| F|  |TAMS 0x0000000784500000, 0x0000000784500000| Untracked 
|  70|0x0000000784600000, 0x0000000784600000, 0x0000000784700000|  0%| F|  |TAMS 0x0000000784600000, 0x0000000784600000| Untracked 
|  71|0x0000000784700000, 0x0000000784700000, 0x0000000784800000|  0%| F|  |TAMS 0x0000000784700000, 0x0000000784700000| Untracked 
|  72|0x0000000784800000, 0x0000000784800000, 0x0000000784900000|  0%| F|  |TAMS 0x0000000784800000, 0x0000000784800000| Untracked 
|  73|0x0000000784900000, 0x0000000784900000, 0x0000000784a00000|  0%| F|  |TAMS 0x0000000784900000, 0x0000000784900000| Untracked 
|  74|0x0000000784a00000, 0x0000000784a00000, 0x0000000784b00000|  0%| F|  |TAMS 0x0000000784a00000, 0x0000000784a00000| Untracked 
|  75|0x0000000784b00000, 0x0000000784b00000, 0x0000000784c00000|  0%| F|  |TAMS 0x0000000784b00000, 0x0000000784b00000| Untracked 
|  76|0x0000000784c00000, 0x0000000784c00000, 0x0000000784d00000|  0%| F|  |TAMS 0x0000000784c00000, 0x0000000784c00000| Untracked 
|  77|0x0000000784d00000, 0x0000000784d00000, 0x0000000784e00000|  0%| F|  |TAMS 0x0000000784d00000, 0x0000000784d00000| Untracked 
|  78|0x0000000784e00000, 0x0000000784e00000, 0x0000000784f00000|  0%| F|  |TAMS 0x0000000784e00000, 0x0000000784e00000| Untracked 
|  79|0x0000000784f00000, 0x0000000784f00000, 0x0000000785000000|  0%| F|  |TAMS 0x0000000784f00000, 0x0000000784f00000| Untracked 
|  80|0x0000000785000000, 0x0000000785000000, 0x0000000785100000|  0%| F|  |TAMS 0x0000000785000000, 0x0000000785000000| Untracked 
|  81|0x0000000785100000, 0x0000000785100000, 0x0000000785200000|  0%| F|  |TAMS 0x0000000785100000, 0x0000000785100000| Untracked 
|  82|0x0000000785200000, 0x0000000785200000, 0x0000000785300000|  0%| F|  |TAMS 0x0000000785200000, 0x0000000785200000| Untracked 
|  83|0x0000000785300000, 0x0000000785300000, 0x0000000785400000|  0%| F|  |TAMS 0x0000000785300000, 0x0000000785300000| Untracked 
|  84|0x0000000785400000, 0x0000000785400000, 0x0000000785500000|  0%| F|  |TAMS 0x0000000785400000, 0x0000000785400000| Untracked 
|  85|0x0000000785500000, 0x0000000785500000, 0x0000000785600000|  0%| F|  |TAMS 0x0000000785500000, 0x0000000785500000| Untracked 
|  86|0x0000000785600000, 0x0000000785600000, 0x0000000785700000|  0%| F|  |TAMS 0x0000000785600000, 0x0000000785600000| Untracked 
|  87|0x0000000785700000, 0x0000000785700000, 0x0000000785800000|  0%| F|  |TAMS 0x0000000785700000, 0x0000000785700000| Untracked 
|  88|0x0000000785800000, 0x0000000785800000, 0x0000000785900000|  0%| F|  |TAMS 0x0000000785800000, 0x0000000785800000| Untracked 
|  89|0x0000000785900000, 0x0000000785900000, 0x0000000785a00000|  0%| F|  |TAMS 0x0000000785900000, 0x0000000785900000| Untracked 
|  90|0x0000000785a00000, 0x0000000785a00000, 0x0000000785b00000|  0%| F|  |TAMS 0x0000000785a00000, 0x0000000785a00000| Untracked 
|  91|0x0000000785b00000, 0x0000000785b00000, 0x0000000785c00000|  0%| F|  |TAMS 0x0000000785b00000, 0x0000000785b00000| Untracked 
|  92|0x0000000785c00000, 0x0000000785c00000, 0x0000000785d00000|  0%| F|  |TAMS 0x0000000785c00000, 0x0000000785c00000| Untracked 
|  93|0x0000000785d00000, 0x0000000785d00000, 0x0000000785e00000|  0%| F|  |TAMS 0x0000000785d00000, 0x0000000785d00000| Untracked 
|  94|0x0000000785e00000, 0x0000000785e00000, 0x0000000785f00000|  0%| F|  |TAMS 0x0000000785e00000, 0x0000000785e00000| Untracked 
|  95|0x0000000785f00000, 0x0000000785f00000, 0x0000000786000000|  0%| F|  |TAMS 0x0000000785f00000, 0x0000000785f00000| Untracked 
|  96|0x0000000786000000, 0x0000000786000000, 0x0000000786100000|  0%| F|  |TAMS 0x0000000786000000, 0x0000000786000000| Untracked 
|  97|0x0000000786100000, 0x0000000786100000, 0x0000000786200000|  0%| F|  |TAMS 0x0000000786100000, 0x0000000786100000| Untracked 
|  98|0x0000000786200000, 0x0000000786200000, 0x0000000786300000|  0%| F|  |TAMS 0x0000000786200000, 0x0000000786200000| Untracked 
|  99|0x0000000786300000, 0x0000000786300000, 0x0000000786400000|  0%| F|  |TAMS 0x0000000786300000, 0x0000000786300000| Untracked 
| 100|0x0000000786400000, 0x0000000786400000, 0x0000000786500000|  0%| F|  |TAMS 0x0000000786400000, 0x0000000786400000| Untracked 
| 101|0x0000000786500000, 0x0000000786500000, 0x0000000786600000|  0%| F|  |TAMS 0x0000000786500000, 0x0000000786500000| Untracked 
| 102|0x0000000786600000, 0x0000000786700000, 0x0000000786700000|100%| S|CS|TAMS 0x0000000786600000, 0x0000000786600000| Complete 
| 103|0x0000000786700000, 0x0000000786800000, 0x0000000786800000|100%| S|CS|TAMS 0x0000000786700000, 0x0000000786700000| Complete 
| 104|0x0000000786800000, 0x0000000786900000, 0x0000000786900000|100%| S|CS|TAMS 0x0000000786800000, 0x0000000786800000| Complete 
| 105|0x0000000786900000, 0x0000000786900000, 0x0000000786a00000|  0%| F|  |TAMS 0x0000000786900000, 0x0000000786900000| Untracked 
| 106|0x0000000786a00000, 0x0000000786a00000, 0x0000000786b00000|  0%| F|  |TAMS 0x0000000786a00000, 0x0000000786a00000| Untracked 
| 107|0x0000000786b00000, 0x0000000786b00000, 0x0000000786c00000|  0%| F|  |TAMS 0x0000000786b00000, 0x0000000786b00000| Untracked 
| 108|0x0000000786c00000, 0x0000000786c00000, 0x0000000786d00000|  0%| F|  |TAMS 0x0000000786c00000, 0x0000000786c00000| Untracked 
| 109|0x0000000786d00000, 0x0000000786d00000, 0x0000000786e00000|  0%| F|  |TAMS 0x0000000786d00000, 0x0000000786d00000| Untracked 
| 110|0x0000000786e00000, 0x0000000786e00000, 0x0000000786f00000|  0%| F|  |TAMS 0x0000000786e00000, 0x0000000786e00000| Untracked 
| 111|0x0000000786f00000, 0x0000000786f00000, 0x0000000787000000|  0%| F|  |TAMS 0x0000000786f00000, 0x0000000786f00000| Untracked 
| 112|0x0000000787000000, 0x0000000787000000, 0x0000000787100000|  0%| F|  |TAMS 0x0000000787000000, 0x0000000787000000| Untracked 
| 113|0x0000000787100000, 0x0000000787100000, 0x0000000787200000|  0%| F|  |TAMS 0x0000000787100000, 0x0000000787100000| Untracked 
| 114|0x0000000787200000, 0x0000000787200000, 0x0000000787300000|  0%| F|  |TAMS 0x0000000787200000, 0x0000000787200000| Untracked 
| 115|0x0000000787300000, 0x0000000787300000, 0x0000000787400000|  0%| F|  |TAMS 0x0000000787300000, 0x0000000787300000| Untracked 
| 116|0x0000000787400000, 0x0000000787400000, 0x0000000787500000|  0%| F|  |TAMS 0x0000000787400000, 0x0000000787400000| Untracked 
| 117|0x0000000787500000, 0x0000000787500000, 0x0000000787600000|  0%| F|  |TAMS 0x0000000787500000, 0x0000000787500000| Untracked 
| 118|0x0000000787600000, 0x0000000787600000, 0x0000000787700000|  0%| F|  |TAMS 0x0000000787600000, 0x0000000787600000| Untracked 
| 119|0x0000000787700000, 0x0000000787700000, 0x0000000787800000|  0%| F|  |TAMS 0x0000000787700000, 0x0000000787700000| Untracked 
| 120|0x0000000787800000, 0x0000000787800000, 0x0000000787900000|  0%| F|  |TAMS 0x0000000787800000, 0x0000000787800000| Untracked 
| 121|0x0000000787900000, 0x00000007879fe1f0, 0x0000000787a00000| 99%| E|  |TAMS 0x0000000787900000, 0x0000000787900000| Complete 
| 122|0x0000000787a00000, 0x0000000787b00000, 0x0000000787b00000|100%| E|CS|TAMS 0x0000000787a00000, 0x0000000787a00000| Complete 
| 123|0x0000000787b00000, 0x0000000787c00000, 0x0000000787c00000|100%| E|CS|TAMS 0x0000000787b00000, 0x0000000787b00000| Complete 
| 124|0x0000000787c00000, 0x0000000787d00000, 0x0000000787d00000|100%| E|CS|TAMS 0x0000000787c00000, 0x0000000787c00000| Complete 
| 125|0x0000000787d00000, 0x0000000787e00000, 0x0000000787e00000|100%| E|CS|TAMS 0x0000000787d00000, 0x0000000787d00000| Complete 
| 126|0x0000000787e00000, 0x0000000787f00000, 0x0000000787f00000|100%| E|CS|TAMS 0x0000000787e00000, 0x0000000787e00000| Complete 
| 127|0x0000000787f00000, 0x0000000788000000, 0x0000000788000000|100%| E|CS|TAMS 0x0000000787f00000, 0x0000000787f00000| Complete 
|2046|0x00000007ffe00000, 0x00000007ffe80000, 0x00000007fff00000| 50%|OA|  |TAMS 0x00000007ffe00000, 0x00000007ffe00000| Untracked 
|2047|0x00000007fff00000, 0x00000007fff84000, 0x0000000800000000| 51%|CA|  |TAMS 0x00000007fff00000, 0x00000007fff00000| Untracked 

Card table byte_map: [0x0000000102abc000,0x0000000102ebc000] _byte_map_base: 0x00000000feebc000

Marking Bits (Prev, Next): (CMBitMap*) 0x000000011b82ce10, (CMBitMap*) 0x000000011b82ce50
 Prev Bits: [0x000000010d400000, 0x000000010f400000)
 Next Bits: [0x000000010f400000, 0x0000000111400000)

Polling page: 0x00000001022a8000

Metaspace:

Usage:
  Non-class:     13.43 MB used.
      Class:      2.13 MB used.
       Both:     15.56 MB used.

Virtual space:
  Non-class space:       16.00 MB reserved,      13.56 MB ( 85%) committed,  2 nodes.
      Class space:        1.00 GB reserved,       2.25 MB ( <1%) committed,  1 nodes.
             Both:        1.02 GB reserved,      15.81 MB (  2%) committed. 

Chunk freelists:
   Non-Class:  2.11 MB
       Class:  1.73 MB
        Both:  3.84 MB

MaxMetaspaceSize: unlimited
CompressedClassSpaceSize: 1.00 GB
Initial GC threshold: 21.00 MB
Current GC threshold: 21.00 MB
CDS: on
MetaspaceReclaimPolicy: balanced
 - commit_granule_bytes: 65536.
 - commit_granule_words: 8192.
 - virtual_space_node_default_size: 1048576.
 - enlarge_chunks_in_place: 1.
 - new_chunks_are_fully_committed: 0.
 - uncommit_free_chunks: 1.
 - use_allocation_guard: 0.
 - handle_deallocations: 1.


Internal statistics:

num_allocs_failed_limit: 0.
num_arena_births: 204.
num_arena_deaths: 0.
num_vsnodes_births: 3.
num_vsnodes_deaths: 0.
num_space_committed: 253.
num_space_uncommitted: 0.
num_chunks_returned_to_freelist: 0.
num_chunks_taken_from_freelist: 708.
num_chunk_merges: 0.
num_chunk_splits: 501.
num_chunks_enlarged: 392.
num_purges: 0.
num_inconsistent_stats: 0.

CodeHeap 'non-profiled nmethods': size=120032Kb used=863Kb max_used=863Kb free=119168Kb
 bounds [0x000000013fac8000, 0x000000013fd38000, 0x0000000147000000]
CodeHeap 'profiled nmethods': size=120016Kb used=4969Kb max_used=4969Kb free=115046Kb
 bounds [0x0000000138594000, 0x0000000138a74000, 0x000000013fac8000]
CodeHeap 'non-nmethods': size=5712Kb used=1360Kb max_used=1478Kb free=4351Kb
 bounds [0x0000000138000000, 0x0000000138270000, 0x0000000138594000]
 total_blobs=3245 nmethods=2491 adapters=670
 compilation: enabled
              stopped_count=0, restarted_count=0
 full_count=0

Compilation events (20 events):
Event: 9.946 Thread 0x000000012b016400 nmethod 2491 0x0000000138a50e90 code [0x0000000138a51040, 0x0000000138a51168]
Event: 9.986 Thread 0x000000012b016400 2492       3       com.sun.javafx.scene.input.PickResultChooser::toPickResult (41 bytes)
Event: 9.987 Thread 0x000000012b016400 nmethod 2492 0x0000000138a51210 code [0x0000000138a513c0, 0x0000000138a51618]
Event: 9.987 Thread 0x000000012b016400 2494       3       javafx.scene.Scene$MouseHandler::handleEnterExit (369 bytes)
Event: 9.990 Thread 0x000000012b016400 nmethod 2494 0x0000000138a51710 code [0x0000000138a51c00, 0x0000000138a53dd8]
Event: 9.990 Thread 0x000000012b016400 2495   !   3       com.sun.javafx.event.EventQueue::fire (66 bytes)
Event: 9.990 Thread 0x000000012b016400 nmethod 2495 0x0000000138a54710 code [0x0000000138a54980, 0x0000000138a55258]
Event: 9.990 Thread 0x000000012b016400 2493       3       javafx.scene.input.PickResult::<init> (50 bytes)
Event: 9.991 Thread 0x000000012b016400 nmethod 2493 0x0000000138a55690 code [0x0000000138a55880, 0x0000000138a55ba8]
Event: 9.995 Thread 0x000000012b015e00 2496       4       java.util.EnumMap$EnumMapIterator::hasNext (64 bytes)
Event: 9.995 Thread 0x000000012b016400 2497       3       com.sun.javafx.logging.PlatformLogger::getSystemLoggerLevel (92 bytes)
Event: 9.995 Thread 0x000000012b016400 nmethod 2497 0x0000000138a55c90 code [0x0000000138a55e80, 0x0000000138a562e8]
Event: 9.999 Thread 0x000000012b015e00 nmethod 2496 0x000000013fb9d790 code [0x000000013fb9d940, 0x000000013fb9db30]
Event: 10.003 Thread 0x000000012b016400 2498       3       javafx.scene.Scene$MouseHandler::process (793 bytes)
Event: 10.008 Thread 0x000000012b016400 nmethod 2498 0x0000000138a56410 code [0x0000000138a56c80, 0x0000000138a5a768]
Event: 10.008 Thread 0x000000012b016400 2499       3       javafx.scene.Scene$TargetWrapper::getCursor (61 bytes)
Event: 10.009 Thread 0x000000012b016400 nmethod 2499 0x0000000138a5b890 code [0x0000000138a5bbc0, 0x0000000138a5cea8]
Event: 10.064 Thread 0x000000012b016400 2500       1       javafx.scene.text.Font::getFamily (5 bytes)
Event: 10.065 Thread 0x000000012b016400 nmethod 2500 0x000000013fb9dc90 code [0x000000013fb9de00, 0x000000013fb9dee8]
Event: 10.065 Thread 0x000000012b016400 2501       3       javafx.scene.CssStyleHelper::resolveLookups (463 bytes)

GC Heap History (2 events):
Event: 0.862 GC heap before
{Heap before GC invocations=0 (full 0):
 garbage-first heap   total 133120K, used 27664K [0x0000000780000000, 0x0000000800000000)
  region size 1024K, 23 young (23552K), 0 survivors (0K)
 Metaspace       used 14605K, committed 14848K, reserved 1064960K
  class space    used 2114K, committed 2240K, reserved 1048576K
}
Event: 0.866 GC heap after
{Heap after GC invocations=1 (full 0):
 garbage-first heap   total 133120K, used 9075K [0x0000000780000000, 0x0000000800000000)
  region size 1024K, 3 young (3072K), 3 survivors (3072K)
 Metaspace       used 14605K, committed 14848K, reserved 1064960K
  class space    used 2114K, committed 2240K, reserved 1048576K
}

Deoptimization events (20 events):
Event: 8.624 Thread 0x000000011b00ba00 DEOPT PACKING pc=0x000000013885c5b8 sp=0x0000000280829370
Event: 8.624 Thread 0x000000011b00ba00 DEOPT UNPACKING pc=0x000000013803eb7c sp=0x0000000280828fc0 mode 0
Event: 9.002 Thread 0x000000011b00ba00 DEOPT PACKING pc=0x000000013885c5b8 sp=0x0000000280828fc0
Event: 9.002 Thread 0x000000011b00ba00 DEOPT UNPACKING pc=0x000000013803eb7c sp=0x0000000280828c10 mode 0
Event: 9.002 Thread 0x000000011b00ba00 DEOPT PACKING pc=0x000000013885c5b8 sp=0x0000000280828fc0
Event: 9.002 Thread 0x000000011b00ba00 DEOPT UNPACKING pc=0x000000013803eb7c sp=0x0000000280828c10 mode 0
Event: 9.002 Thread 0x000000011b00ba00 DEOPT PACKING pc=0x000000013885c5b8 sp=0x0000000280828fc0
Event: 9.002 Thread 0x000000011b00ba00 DEOPT UNPACKING pc=0x000000013803eb7c sp=0x0000000280828c10 mode 0
Event: 9.005 Thread 0x000000011b00ba00 DEOPT PACKING pc=0x000000013885c4cc sp=0x0000000280829370
Event: 9.005 Thread 0x000000011b00ba00 DEOPT UNPACKING pc=0x000000013803eb7c sp=0x0000000280828fc0 mode 0
Event: 9.006 Thread 0x000000011b00ba00 DEOPT PACKING pc=0x000000013885c4cc sp=0x0000000280829370
Event: 9.006 Thread 0x000000011b00ba00 DEOPT UNPACKING pc=0x000000013803eb7c sp=0x0000000280828fc0 mode 0
Event: 9.119 Thread 0x000000012c01a600 DEOPT PACKING pc=0x000000013893d24c sp=0x000000016dcd4b10
Event: 9.119 Thread 0x000000012c01a600 DEOPT UNPACKING pc=0x000000013803eb7c sp=0x000000016dcd4800 mode 3
Event: 9.124 Thread 0x000000012c01a600 DEOPT PACKING pc=0x00000001389aabbc sp=0x000000016dcd4e80
Event: 9.124 Thread 0x000000012c01a600 DEOPT UNPACKING pc=0x000000013803eb7c sp=0x000000016dcd4b70 mode 0
Event: 9.130 Thread 0x000000012c01a600 Uncommon trap: trap_request=0xffffff45 fr.pc=0x000000013fb78ae4 relative=0x0000000000000064
Event: 9.130 Thread 0x000000012c01a600 Uncommon trap: reason=unstable_if action=reinterpret pc=0x000000013fb78ae4 method=javafx.scene.Node.updateLocalToParentTransform()V @ 4 c2
Event: 9.130 Thread 0x000000012c01a600 DEOPT PACKING pc=0x000000013fb78ae4 sp=0x000000016dcd5140
Event: 9.130 Thread 0x000000012c01a600 DEOPT UNPACKING pc=0x000000013803ed1c sp=0x000000016dcd5050 mode 2

Classes unloaded (0 events):
No events

Classes redefined (0 events):
No events

Internal exceptions (20 events):
Event: 0.449 Thread 0x000000012c01a600 Exception <a 'sun/nio/fs/UnixException'{0x0000000787460e28}> (0x0000000787460e28) 
thrown [src/hotspot/share/prims/jni.cpp, line 516]
Event: 0.483 Thread 0x000000012c01a600 Exception <a 'java/lang/NoSuchMethodError'{0x0000000787317360}: 'java.lang.Object java.lang.invoke.DirectMethodHandle$Holder.invokeStaticInit(java.lang.Object, java.lang.Object, java.lang.Object, java.lang.Object)'> (0x0000000787317360) 
thrown [src/hotspot/share/interpreter/linkResolver.cpp, line 766]
Event: 0.483 Thread 0x000000012c01a600 Exception <a 'java/lang/NullPointerException'{0x000000078731ff58}> (0x000000078731ff58) 
thrown [src/hotspot/share/interpreter/linkResolver.cpp, line 1357]
Event: 0.493 Thread 0x000000012c01a600 Exception <a 'java/lang/NoSuchMethodError'{0x00000007873ab3f8}: 'java.lang.Object java.lang.invoke.DirectMethodHandle$Holder.invokeSpecial(java.lang.Object, java.lang.Object, java.lang.Object, int, java.lang.Object)'> (0x00000007873ab3f8) 
thrown [src/hotspot/share/interpreter/linkResolver.cpp, line 766]
Event: 0.532 Thread 0x000000012c01a600 Exception <a 'java/lang/NoSuchMethodError'{0x0000000787065330}: 'void java.lang.invoke.DirectMethodHandle$Holder.invokeStaticInit(java.lang.Object, java.lang.Object)'> (0x0000000787065330) 
thrown [src/hotspot/share/interpreter/linkResolver.cpp, line 766]
Event: 0.559 Thread 0x000000012c01a600 Exception <a 'sun/nio/fs/UnixException'{0x0000000786f51b88}> (0x0000000786f51b88) 
thrown [src/hotspot/share/prims/jni.cpp, line 516]
Event: 0.561 Thread 0x000000012c01a600 Exception <a 'java/io/FileNotFoundException'{0x0000000786f571b0}> (0x0000000786f571b0) 
thrown [src/hotspot/share/prims/jni.cpp, line 516]
Event: 0.662 Thread 0x000000012c01a600 Exception <a 'java/lang/ClassNotFoundException'{0x0000000786d46320}: com/sun/javafx/scene/control/skin/resources/controls> (0x0000000786d46320) 
thrown [src/hotspot/share/prims/jni.cpp, line 535]
Event: 0.662 Thread 0x000000012c01a600 Exception <a 'java/lang/ClassNotFoundException'{0x0000000786d53fa0}: com/sun/javafx/scene/control/skin/resources/controls_it> (0x0000000786d53fa0) 
thrown [src/hotspot/share/prims/jni.cpp, line 535]
Event: 0.663 Thread 0x000000012c01a600 Exception <a 'java/lang/ClassNotFoundException'{0x0000000786d618b8}: com/sun/javafx/scene/control/skin/resources/controls_it_IT> (0x0000000786d618b8) 
thrown [src/hotspot/share/prims/jni.cpp, line 535]
Event: 0.676 Thread 0x000000012c01a600 Implicit null exception at 0x000000013fb14654 to 0x000000013fb149b0
Event: 0.677 Thread 0x000000012c01a600 Exception <a 'java/lang/NoSuchMethodError'{0x0000000786c92030}: 'void java.lang.invoke.DirectMethodHandle$Holder.invokeSpecial(java.lang.Object, java.lang.Object, java.lang.Object, java.lang.Object, java.lang.Object, java.lang.Object)'> (0x0000000786c92030) 
thrown [src/hotspot/share/interpreter/linkResolver.cpp, line 766]
Event: 0.755 Thread 0x000000012c01a600 Exception <a 'java/lang/NoSuchMethodError'{0x0000000786b96b60}: 'java.lang.Object java.lang.invoke.DirectMethodHandle$Holder.invokeInterface(java.lang.Object, java.lang.Object, java.lang.Object)'> (0x0000000786b96b60) 
thrown [src/hotspot/share/interpreter/linkResolver.cpp, line 766]
Event: 0.755 Thread 0x000000012c01a600 Exception <a 'java/lang/IncompatibleClassChangeError'{0x0000000786b9a4e8}: Found class java.lang.Object, but interface was expected> (0x0000000786b9a4e8) 
thrown [src/hotspot/share/interpreter/linkResolver.cpp, line 833]
Event: 0.786 Thread 0x000000012c01a600 Exception <a 'java/lang/NoSuchMethodError'{0x0000000786adb1f8}: 'java.lang.Object java.lang.invoke.DirectMethodHandle$Holder.newInvokeSpecial(java.lang.Object, java.lang.Object, int)'> (0x0000000786adb1f8) 
thrown [src/hotspot/share/interpreter/linkResolver.cpp, line 766]
Event: 0.847 Thread 0x000000011b00ba00 Exception <a 'java/lang/NoSuchMethodError'{0x000000078698ed48}: 'int java.lang.invoke.DirectMethodHandle$Holder.invokeStaticInit(java.lang.Object, java.lang.Object)'> (0x000000078698ed48) 
thrown [src/hotspot/share/interpreter/linkResolver.cpp, line 766]
Event: 0.848 Thread 0x000000012c01a600 Exception <a 'java/lang/NoSuchMethodError'{0x0000000786925320}: 'long java.lang.invoke.DirectMethodHandle$Holder.invokeStatic(java.lang.Object, java.lang.Object, java.lang.Object)'> (0x0000000786925320) 
thrown [src/hotspot/share/interpreter/linkResolver.cpp, line 766]
Event: 0.848 Thread 0x000000012c01a600 Exception <a 'java/lang/NoSuchMethodError'{0x0000000786928ac8}: 'long java.lang.invoke.DirectMethodHandle$Holder.invokeStaticInit(java.lang.Object, java.lang.Object, java.lang.Object)'> (0x0000000786928ac8) 
thrown [src/hotspot/share/interpreter/linkResolver.cpp, line 766]
Event: 0.848 Thread 0x000000012c01a600 Exception <a 'java/lang/NoSuchMethodError'{0x00000007869406d0}: 'java.lang.Object java.lang.invoke.DirectMethodHandle$Holder.newInvokeSpecial(java.lang.Object, java.lang.Object, long)'> (0x00000007869406d0) 
thrown [src/hotspot/share/interpreter/linkResolver.cpp, line 766]
Event: 0.848 Thread 0x000000012c01a600 Exception <a 'java/lang/NoSuchMethodError'{0x0000000786943f98}: 'java.lang.Object java.lang.invoke.Invokers$Holder.linkToTargetMethod(java.lang.Object, long, java.lang.Object)'> (0x0000000786943f98) 
thrown [src/hotspot/share/interpreter/linkResolver.cpp, line 766]

VM Operations (20 events):
Event: 0.862 Executing VM operation: G1CollectForAllocation
Event: 0.866 Executing VM operation: G1CollectForAllocation done
Event: 2.040 Executing VM operation: Cleanup
Event: 2.040 Executing VM operation: Cleanup done
Event: 3.045 Executing VM operation: Cleanup
Event: 3.045 Executing VM operation: Cleanup done
Event: 4.046 Executing VM operation: Cleanup
Event: 4.047 Executing VM operation: Cleanup done
Event: 5.052 Executing VM operation: Cleanup
Event: 5.052 Executing VM operation: Cleanup done
Event: 6.057 Executing VM operation: Cleanup
Event: 6.057 Executing VM operation: Cleanup done
Event: 8.067 Executing VM operation: Cleanup
Event: 8.067 Executing VM operation: Cleanup done
Event: 9.072 Executing VM operation: Cleanup
Event: 9.072 Executing VM operation: Cleanup done
Event: 9.141 Executing VM operation: ICBufferFull
Event: 9.141 Executing VM operation: ICBufferFull done
Event: 9.172 Executing VM operation: ICBufferFull
Event: 9.172 Executing VM operation: ICBufferFull done

Events (20 events):
Event: 5.899 loading class sun/text/resources/BreakIteratorResources
Event: 5.899 loading class sun/util/resources/BreakIteratorResourceBundle
Event: 5.899 loading class sun/util/resources/BreakIteratorResourceBundle done
Event: 5.899 loading class sun/text/resources/BreakIteratorResources done
Event: 5.899 loading class sun/util/resources/Bundles$2
Event: 5.899 loading class sun/util/resources/Bundles$2 done
Event: 5.900 loading class sun/text/RuleBasedBreakIterator
Event: 5.901 loading class sun/text/RuleBasedBreakIterator done
Event: 5.902 loading class sun/text/CompactByteArray
Event: 5.902 loading class sun/text/CompactByteArray done
Event: 5.902 loading class sun/text/SupplementaryCharacterData
Event: 5.902 loading class sun/text/SupplementaryCharacterData done
Event: 5.902 loading class java/text/BreakIterator$BreakIteratorCache
Event: 5.902 loading class java/text/BreakIterator$BreakIteratorCache done
Event: 9.096 loading class javax/xml/transform/Source
Event: 9.096 loading class javax/xml/transform/Source done
Event: 9.096 loading class org/w3c/dom/Node
Event: 9.096 loading class org/w3c/dom/Node done
Event: 9.119 loading class jdk/internal/reflect/BootstrapConstructorAccessorImpl
Event: 9.119 loading class jdk/internal/reflect/BootstrapConstructorAccessorImpl done


Dynamic libraries:
0x0000000102258000 	/Users/tom/Library/Java/JavaVirtualMachines/liberica-17.0.1/lib/libjli.dylib
0x00000001a358b000 	/usr/lib/libz.1.dylib
0x00000001a363b000 	/usr/lib/libSystem.B.dylib
0x00000001a3635000 	/usr/lib/system/libcache.dylib
0x00000001a35f3000 	/usr/lib/system/libcommonCrypto.dylib
0x00000001a361c000 	/usr/lib/system/libcompiler_rt.dylib
0x00000001a3613000 	/usr/lib/system/libcopyfile.dylib
0x000000019897e000 	/usr/lib/system/libcorecrypto.dylib
0x0000000198a23000 	/usr/lib/system/libdispatch.dylib
0x0000000198beb000 	/usr/lib/system/libdyld.dylib
0x00000001a362b000 	/usr/lib/system/libkeymgr.dylib
0x00000001a35d5000 	/usr/lib/system/libmacho.dylib
0x00000001a2cd9000 	/usr/lib/system/libquarantine.dylib
0x00000001a3628000 	/usr/lib/system/libremovefile.dylib
0x000000019dd7a000 	/usr/lib/system/libsystem_asl.dylib
0x0000000198928000 	/usr/lib/system/libsystem_blocks.dylib
0x0000000198aa9000 	/usr/lib/system/libsystem_c.dylib
0x00000001a3620000 	/usr/lib/system/libsystem_collections.dylib
0x00000001a2198000 	/usr/lib/system/libsystem_configuration.dylib
0x00000001a141c000 	/usr/lib/system/libsystem_containermanager.dylib
0x00000001a333c000 	/usr/lib/system/libsystem_coreservices.dylib
0x000000019b30f000 	/usr/lib/system/libsystem_darwin.dylib
0x00000001a362c000 	/usr/lib/system/libsystem_dnssd.dylib
0x0000000198aa6000 	/usr/lib/system/libsystem_featureflags.dylib
0x0000000198c00000 	/usr/lib/system/libsystem_info.dylib
0x00000001a359d000 	/usr/lib/system/libsystem_m.dylib
0x00000001989f8000 	/usr/lib/system/libsystem_malloc.dylib
0x000000019dd0b000 	/usr/lib/system/libsystem_networkextension.dylib
0x000000019b763000 	/usr/lib/system/libsystem_notify.dylib
0x00000001a9841000 	/usr/lib/system/libsystem_product_info_filter.dylib
0x00000001a219d000 	/usr/lib/system/libsystem_sandbox.dylib
0x00000001a3625000 	/usr/lib/system/libsystem_secinit.dylib
0x0000000198ba8000 	/usr/lib/system/libsystem_kernel.dylib
0x0000000198bf8000 	/usr/lib/system/libsystem_platform.dylib
0x0000000198bde000 	/usr/lib/system/libsystem_pthread.dylib
0x000000019f4b4000 	/usr/lib/system/libsystem_symptoms.dylib
0x0000000198964000 	/usr/lib/system/libsystem_trace.dylib
0x00000001a3600000 	/usr/lib/system/libunwind.dylib
0x000000019892a000 	/usr/lib/system/libxpc.dylib
0x0000000198b8e000 	/usr/lib/libc++abi.dylib
0x0000000198a6a000 	/usr/lib/libobjc.A.dylib
0x00000001a360b000 	/usr/lib/liboah.dylib
0x0000000198b2a000 	/usr/lib/libc++.1.dylib
0x00000001af23c000 	/System/Library/Frameworks/Cocoa.framework/Versions/A/Cocoa
0x000000019b7c3000 	/System/Library/Frameworks/AppKit.framework/Versions/C/AppKit
0x000000019ecf3000 	/System/Library/Frameworks/CoreData.framework/Versions/A/CoreData
0x0000000199b20000 	/System/Library/Frameworks/Foundation.framework/Versions/C/Foundation
0x000000019c677000 	/System/Library/PrivateFrameworks/UIFoundation.framework/Versions/A/UIFoundation
0x00000001a953b000 	/System/Library/PrivateFrameworks/RemoteViewServices.framework/Versions/A/RemoteViewServices
0x00000001a1b56000 	/System/Library/PrivateFrameworks/XCTTargetBootstrap.framework/Versions/A/XCTTargetBootstrap
0x00000001a533c000 	/System/Library/PrivateFrameworks/InternationalSupport.framework/Versions/A/InternationalSupport
0x00000001a53c5000 	/System/Library/PrivateFrameworks/UserActivity.framework/Versions/A/UserActivity
0x00000001a486a000 	/usr/lib/libspindump.dylib
0x000000019c8e7000 	/System/Library/Frameworks/UniformTypeIdentifiers.framework/Versions/A/UniformTypeIdentifiers
0x00000001a00e3000 	/usr/lib/libapp_launch_measurement.dylib
0x000000019f65b000 	/System/Library/PrivateFrameworks/CoreAnalytics.framework/Versions/A/CoreAnalytics
0x00000001a00e6000 	/System/Library/PrivateFrameworks/CoreAutoLayout.framework/Versions/A/CoreAutoLayout
0x00000001a1459000 	/System/Library/Frameworks/Metal.framework/Versions/A/Metal
0x00000001a21a8000 	/usr/lib/liblangid.dylib
0x00000001a1b5a000 	/System/Library/PrivateFrameworks/CoreSVG.framework/Versions/A/CoreSVG
0x000000019ddae000 	/System/Library/PrivateFrameworks/SkyLight.framework/Versions/A/SkyLight
0x000000019e178000 	/System/Library/Frameworks/CoreGraphics.framework/Versions/A/CoreGraphics
0x00000001a9bb8000 	/System/Library/Frameworks/Accelerate.framework/Versions/A/Accelerate
0x00000001a42de000 	/System/Library/PrivateFrameworks/IconServices.framework/Versions/A/IconServices
0x00000001a143b000 	/System/Library/Frameworks/IOSurface.framework/Versions/A/IOSurface
0x000000019f68b000 	/usr/lib/libDiagnosticMessagesClient.dylib
0x00000001acfff000 	/System/Library/Frameworks/ApplicationServices.framework/Versions/A/ApplicationServices
0x00000001a1b3e000 	/System/Library/PrivateFrameworks/DFRFoundation.framework/Versions/A/DFRFoundation
0x000000019b064000 	/usr/lib/libicucore.A.dylib
0x00000001a613d000 	/System/Library/Frameworks/AudioToolbox.framework/Versions/A/AudioToolbox
0x00000001a5348000 	/System/Library/PrivateFrameworks/DataDetectorsCore.framework/Versions/A/DataDetectorsCore
0x00000001bb47a000 	/System/Library/PrivateFrameworks/TextInput.framework/Versions/A/TextInput
0x000000019dd25000 	/usr/lib/libMobileGestalt.dylib
0x00000001a180e000 	/System/Library/Frameworks/Carbon.framework/Versions/A/Frameworks/HIToolbox.framework/Versions/A/HIToolbox
0x000000019faec000 	/System/Library/Frameworks/QuartzCore.framework/Versions/A/QuartzCore
0x000000019ace1000 	/System/Library/Frameworks/Security.framework/Versions/A/Security
0x00000001a957b000 	/System/Library/Frameworks/Carbon.framework/Versions/A/Frameworks/SpeechRecognition.framework/Versions/A/SpeechRecognition
0x000000019fe3a000 	/System/Library/PrivateFrameworks/CoreUI.framework/Versions/A/CoreUI
0x000000019a5b2000 	/System/Library/Frameworks/CoreAudio.framework/Versions/A/CoreAudio
0x000000019f77f000 	/System/Library/Frameworks/DiskArbitration.framework/Versions/A/DiskArbitration
0x00000001a4c4f000 	/System/Library/PrivateFrameworks/MultitouchSupport.framework/Versions/A/MultitouchSupport
0x000000019dd23000 	/usr/lib/libenergytrace.dylib
0x000000019b68d000 	/System/Library/Frameworks/IOKit.framework/Versions/A/IOKit
0x00000001a9964000 	/System/Library/Frameworks/CoreServices.framework/Versions/A/CoreServices
0x00000001a0073000 	/System/Library/PrivateFrameworks/PerformanceAnalysis.framework/Versions/A/PerformanceAnalysis
0x00000001f9fed000 	/System/Library/Frameworks/OpenGL.framework/Versions/A/OpenGL
0x00000001a2bf9000 	/System/Library/PrivateFrameworks/MobileKeyBag.framework/Versions/A/MobileKeyBag
0x000000019e788000 	/System/Library/Frameworks/ColorSync.framework/Versions/A/ColorSync
0x0000000198c2c000 	/System/Library/Frameworks/CoreFoundation.framework/Versions/A/CoreFoundation
0x00000001a1ddb000 	/System/Library/Frameworks/CoreImage.framework/Versions/A/CoreImage
0x000000019a3d5000 	/System/Library/Frameworks/CoreText.framework/Versions/A/CoreText
0x00000001a1b8a000 	/System/Library/Frameworks/ImageIO.framework/Versions/A/ImageIO
0x00000001a3641000 	/System/Library/PrivateFrameworks/SoftLinking.framework/Versions/A/SoftLinking
0x00000001a0130000 	/usr/lib/libxml2.2.dylib
0x00000001a38da000 	/usr/lib/libcompression.dylib
0x00000001a5295000 	/System/Library/PrivateFrameworks/TextureIO.framework/Versions/A/TextureIO
0x00000001a3ff8000 	/usr/lib/libate.dylib
0x00000001a3ec0000 	/usr/lib/liblzma.5.dylib
0x0000000199814000 	/System/Library/Frameworks/SystemConfiguration.framework/Versions/A/SystemConfiguration
0x00000001a363d000 	/usr/lib/libfakelink.dylib
0x000000019d852000 	/System/Library/Frameworks/CFNetwork.framework/Versions/A/CFNetwork
0x00000001a3784000 	/usr/lib/libarchive.2.dylib
0x00000001a21a4000 	/System/Library/PrivateFrameworks/AppleSystemInfo.framework/Versions/A/AppleSystemInfo
0x00000001a2d04000 	/usr/lib/libbsm.0.dylib
0x000000019cd8a000 	/usr/lib/libnetwork.dylib
0x00000001a35db000 	/usr/lib/system/libkxld.dylib
0x00000001a291b000 	/System/Library/PrivateFrameworks/IOMobileFramebuffer.framework/Versions/A/IOMobileFramebuffer
0x0000000215d52000 	/usr/lib/libCoreEntitlements.dylib
0x00000001a331e000 	/System/Library/PrivateFrameworks/AppleFSCompression.framework/Versions/A/AppleFSCompression
0x00000001a2cec000 	/usr/lib/libcoretls.dylib
0x00000001a3ed9000 	/usr/lib/libcoretls_cfhelpers.dylib
0x00000001a38d5000 	/usr/lib/libpam.2.dylib
0x000000019f0dc000 	/usr/lib/libsqlite3.dylib
0x00000001a3f41000 	/usr/lib/libxar.1.dylib
0x00000001a332f000 	/usr/lib/libbz2.1.0.dylib
0x00000001a3642000 	/usr/lib/libpcap.A.dylib
0x000000019f4ab000 	/usr/lib/libdns_services.dylib
0x00000001a38a8000 	/usr/lib/libapple_nghttp2.dylib
0x00000001a367f000 	/usr/lib/libiconv.2.dylib
0x00000001a35d4000 	/usr/lib/libcharset.1.dylib
0x00000001a00af000 	/System/Library/Frameworks/CoreServices.framework/Versions/A/Frameworks/FSEvents.framework/Versions/A/FSEvents
0x000000019b31a000 	/System/Library/Frameworks/CoreServices.framework/Versions/A/Frameworks/CarbonCore.framework/Versions/A/CarbonCore
0x000000019f6e2000 	/System/Library/Frameworks/CoreServices.framework/Versions/A/Frameworks/Metadata.framework/Versions/A/Metadata
0x00000001a3342000 	/System/Library/Frameworks/CoreServices.framework/Versions/A/Frameworks/OSServices.framework/Versions/A/OSServices
0x00000001a380a000 	/System/Library/Frameworks/CoreServices.framework/Versions/A/Frameworks/SearchKit.framework/Versions/A/SearchKit
0x000000019f439000 	/System/Library/Frameworks/CoreServices.framework/Versions/A/Frameworks/AE.framework/Versions/A/AE
0x0000000199170000 	/System/Library/Frameworks/CoreServices.framework/Versions/A/Frameworks/LaunchServices.framework/Versions/A/LaunchServices
0x00000001a3e69000 	/System/Library/Frameworks/CoreServices.framework/Versions/A/Frameworks/DictionaryServices.framework/Versions/A/DictionaryServices
0x00000001a00bc000 	/System/Library/Frameworks/CoreServices.framework/Versions/A/Frameworks/SharedFileList.framework/Versions/A/SharedFileList
0x00000001a2cdc000 	/usr/lib/libCheckFix.dylib
0x000000019dd92000 	/System/Library/PrivateFrameworks/TCC.framework/Versions/A/TCC
0x00000001a21aa000 	/System/Library/PrivateFrameworks/CoreNLP.framework/Versions/A/CoreNLP
0x000000019f68e000 	/System/Library/PrivateFrameworks/MetadataUtilities.framework/Versions/A/MetadataUtilities
0x00000001998cd000 	/usr/lib/libmecabra.dylib
0x00000001a2d15000 	/usr/lib/libmecab.dylib
0x0000000199899000 	/usr/lib/libCRFSuite.dylib
0x00000001a2d73000 	/usr/lib/libgermantok.dylib
0x00000001a3881000 	/usr/lib/libThaiTokenizer.dylib
0x000000019f787000 	/System/Library/Frameworks/Accelerate.framework/Versions/A/Frameworks/vImage.framework/Versions/A/vImage
0x00000001a993b000 	/System/Library/Frameworks/Accelerate.framework/Versions/A/Frameworks/vecLib.framework/Versions/A/vecLib
0x00000001a3f85000 	/System/Library/Frameworks/Accelerate.framework/Versions/A/Frameworks/vecLib.framework/Versions/A/libvMisc.dylib
0x00000001a2825000 	/System/Library/Frameworks/Accelerate.framework/Versions/A/Frameworks/vecLib.framework/Versions/A/libvDSP.dylib
0x00000001994f3000 	/System/Library/Frameworks/Accelerate.framework/Versions/A/Frameworks/vecLib.framework/Versions/A/libBLAS.dylib
0x00000001a39a9000 	/System/Library/Frameworks/Accelerate.framework/Versions/A/Frameworks/vecLib.framework/Versions/A/libLAPACK.dylib
0x00000001a2d76000 	/System/Library/Frameworks/Accelerate.framework/Versions/A/Frameworks/vecLib.framework/Versions/A/libLinearAlgebra.dylib
0x00000001a38c0000 	/System/Library/Frameworks/Accelerate.framework/Versions/A/Frameworks/vecLib.framework/Versions/A/libSparseBLAS.dylib
0x00000001a39a4000 	/System/Library/Frameworks/Accelerate.framework/Versions/A/Frameworks/vecLib.framework/Versions/A/libQuadrature.dylib
0x00000001a22a1000 	/System/Library/Frameworks/Accelerate.framework/Versions/A/Frameworks/vecLib.framework/Versions/A/libBNNS.dylib
0x00000001997b1000 	/System/Library/Frameworks/Accelerate.framework/Versions/A/Frameworks/vecLib.framework/Versions/A/libSparse.dylib
0x00000001a2299000 	/System/Library/PrivateFrameworks/LinguisticData.framework/Versions/A/LinguisticData
0x0000000199767000 	/System/Library/PrivateFrameworks/Lexicon.framework/Versions/A/Lexicon
0x00000001a3f7d000 	/usr/lib/libChineseTokenizer.dylib
0x0000000199f0e000 	/System/Library/PrivateFrameworks/LanguageModeling.framework/Versions/A/LanguageModeling
0x00000001a3883000 	/System/Library/PrivateFrameworks/AppleSauce.framework/Versions/A/AppleSauce
0x00000001a2908000 	/System/Library/PrivateFrameworks/CoreEmoji.framework/Versions/A/CoreEmoji
0x00000001a3772000 	/usr/lib/libcmph.dylib
0x00000001a008f000 	/System/Library/Frameworks/OpenDirectory.framework/Versions/A/Frameworks/CFOpenDirectory.framework/Versions/A/CFOpenDirectory
0x00000001a007f000 	/System/Library/Frameworks/OpenDirectory.framework/Versions/A/OpenDirectory
0x00000001a3edb000 	/System/Library/PrivateFrameworks/APFS.framework/Versions/A/APFS
0x00000001a2c34000 	/System/Library/Frameworks/SecurityFoundation.framework/Versions/A/SecurityFoundation
0x00000001a3f4f000 	/usr/lib/libutil.dylib
0x000000019b64f000 	/System/Library/PrivateFrameworks/CoreServicesStore.framework/Versions/A/CoreServicesStore
0x00000001a3f53000 	/usr/lib/libxslt.1.dylib
0x00000001a2cc8000 	/System/Library/PrivateFrameworks/BackgroundTaskManagement.framework/Versions/A/BackgroundTaskManagement
0x00000001a51b6000 	/System/Library/Frameworks/ImageIO.framework/Versions/A/Resources/libRadiance.dylib
0x00000001a51bf000 	/System/Library/Frameworks/ImageIO.framework/Versions/A/Resources/libJPEG.dylib
0x00000001a5111000 	/System/Library/Frameworks/ImageIO.framework/Versions/A/Resources/libPng.dylib
0x00000001a5133000 	/System/Library/Frameworks/ImageIO.framework/Versions/A/Resources/libTIFF.dylib
0x00000001a521a000 	/System/Library/Frameworks/ImageIO.framework/Versions/A/Resources/libGIF.dylib
0x00000001a4b5f000 	/System/Library/Frameworks/ImageIO.framework/Versions/A/Resources/libJP2.dylib
0x00000001a42a4000 	/usr/lib/libexpat.1.dylib
0x00000001a4b1a000 	/System/Library/PrivateFrameworks/AppleJPEG.framework/Versions/A/AppleJPEG
0x00000001a16cd000 	/System/Library/PrivateFrameworks/FontServices.framework/libFontParser.dylib
0x000000019f3de000 	/System/Library/PrivateFrameworks/RunningBoardServices.framework/Versions/A/RunningBoardServices
0x00000001af8af000 	/System/Library/PrivateFrameworks/IOSurfaceAccelerator.framework/Versions/A/IOSurfaceAccelerator
0x00000001a4c4b000 	/System/Library/PrivateFrameworks/WatchdogClient.framework/Versions/A/WatchdogClient
0x000000019a012000 	/System/Library/Frameworks/CoreDisplay.framework/Versions/A/CoreDisplay
0x00000001a15bb000 	/System/Library/Frameworks/CoreMedia.framework/Versions/A/CoreMedia
0x00000001a144f000 	/System/Library/PrivateFrameworks/IOAccelerator.framework/Versions/A/IOAccelerator
0x00000001a021d000 	/System/Library/Frameworks/CoreVideo.framework/Versions/A/CoreVideo
0x00000001a38d3000 	/System/Library/Frameworks/MetalPerformanceShaders.framework/Versions/A/MetalPerformanceShaders
0x00000001a4c88000 	/System/Library/Frameworks/VideoToolbox.framework/Versions/A/VideoToolbox
0x000000019f322000 	/System/Library/PrivateFrameworks/BaseBoard.framework/Versions/A/BaseBoard
0x000000019f0c1000 	/System/Library/PrivateFrameworks/ProtocolBuffer.framework/Versions/A/ProtocolBuffer
0x00000001a51b1000 	/System/Library/PrivateFrameworks/GPUWrangler.framework/Versions/A/GPUWrangler
0x00000001a5190000 	/System/Library/PrivateFrameworks/IOPresentment.framework/Versions/A/IOPresentment
0x00000001a51b9000 	/System/Library/PrivateFrameworks/DSExternalDisplay.framework/Versions/A/DSExternalDisplay
0x00000001f9fe0000 	/System/Library/Frameworks/OpenGL.framework/Versions/A/Libraries/libCoreFSCache.dylib
0x00000002037a1000 	/System/Library/PrivateFrameworks/GPUCompiler.framework/Versions/31001/Libraries/libGPUCompilerUtils.dylib
0x00000001a521f000 	/System/Library/PrivateFrameworks/CMCaptureCore.framework/Versions/A/CMCaptureCore
0x00000001a4858000 	/System/Library/PrivateFrameworks/AppServerSupport.framework/Versions/A/AppServerSupport
0x00000001a69f8000 	/System/Library/PrivateFrameworks/perfdata.framework/Versions/A/perfdata
0x000000019a132000 	/System/Library/PrivateFrameworks/AudioToolboxCore.framework/Versions/A/AudioToolboxCore
0x00000001a1593000 	/System/Library/PrivateFrameworks/caulk.framework/Versions/A/caulk
0x00000001a62ed000 	/usr/lib/libAudioStatistics.dylib
0x00000001b7bf3000 	/System/Library/PrivateFrameworks/SystemPolicy.framework/Versions/A/SystemPolicy
0x00000001a654d000 	/usr/lib/libSMC.dylib
0x00000001af11e000 	/System/Library/Frameworks/CoreMIDI.framework/Versions/A/CoreMIDI
0x00000001a50df000 	/usr/lib/libAudioToolboxUtility.dylib
0x00000001b402c000 	/System/Library/PrivateFrameworks/OSAServicesClient.framework/Versions/A/OSAServicesClient
0x00000001a6a05000 	/usr/lib/libperfcheck.dylib
0x00000001b86f6000 	/usr/lib/libmis.dylib
0x00000001fa041000 	/System/Library/Frameworks/OpenGL.framework/Versions/A/Libraries/libGLU.dylib
0x00000001fa000000 	/System/Library/Frameworks/OpenGL.framework/Versions/A/Libraries/libGFXShared.dylib
0x00000001fa1ea000 	/System/Library/Frameworks/OpenGL.framework/Versions/A/Libraries/libGL.dylib
0x00000001fa009000 	/System/Library/Frameworks/OpenGL.framework/Versions/A/Libraries/libGLImage.dylib
0x00000001f9ffd000 	/System/Library/Frameworks/OpenGL.framework/Versions/A/Libraries/libCVMSPluginSupport.dylib
0x00000001f9fe7000 	/System/Library/Frameworks/OpenGL.framework/Versions/A/Libraries/libCoreVMClient.dylib
0x00000001a2125000 	/System/Library/Frameworks/MetalPerformanceShaders.framework/Versions/A/Frameworks/MPSCore.framework/Versions/A/MPSCore
0x00000001a3291000 	/System/Library/Frameworks/MetalPerformanceShaders.framework/Versions/A/Frameworks/MPSImage.framework/Versions/A/MPSImage
0x00000001a2d8b000 	/System/Library/Frameworks/MetalPerformanceShaders.framework/Versions/A/Frameworks/MPSNeuralNetwork.framework/Versions/A/MPSNeuralNetwork
0x00000001a31c8000 	/System/Library/Frameworks/MetalPerformanceShaders.framework/Versions/A/Frameworks/MPSMatrix.framework/Versions/A/MPSMatrix
0x00000001a2fa3000 	/System/Library/Frameworks/MetalPerformanceShaders.framework/Versions/A/Frameworks/MPSRayIntersector.framework/Versions/A/MPSRayIntersector
0x00000001a31f9000 	/System/Library/Frameworks/MetalPerformanceShaders.framework/Versions/A/Frameworks/MPSNDArray.framework/Versions/A/MPSNDArray
0x00000001fbd17000 	/System/Library/Frameworks/MetalPerformanceShaders.framework/Versions/A/Frameworks/MPSFunctions.framework/Versions/A/MPSFunctions
0x00000001993d1000 	/System/Library/PrivateFrameworks/MetalTools.framework/Versions/A/MetalTools
0x00000001a21a2000 	/System/Library/PrivateFrameworks/AggregateDictionary.framework/Versions/A/AggregateDictionary
0x00000001a408a000 	/usr/lib/libIOReport.dylib
0x00000001ae105000 	/System/Library/PrivateFrameworks/ASEProcessing.framework/Versions/A/ASEProcessing
0x00000001a43fd000 	/System/Library/PrivateFrameworks/FaceCore.framework/Versions/A/FaceCore
0x00000001a43ef000 	/System/Library/PrivateFrameworks/GraphVisualizer.framework/Versions/A/GraphVisualizer
0x00000002036b8000 	/System/Library/PrivateFrameworks/FontServices.framework/Versions/A/FontServices
0x00000001a4812000 	/System/Library/PrivateFrameworks/OTSVG.framework/Versions/A/OTSVG
0x000000019fdeb000 	/System/Library/Frameworks/ApplicationServices.framework/Versions/A/Frameworks/ATS.framework/Versions/A/Resources/libFontRegistry.dylib
0x00000001a4861000 	/System/Library/PrivateFrameworks/FontServices.framework/libhvf.dylib
0x00000002036b9000 	/System/Library/PrivateFrameworks/FontServices.framework/libXTFontStaticRegistryData.dylib
0x00000001fa38c000 	/System/Library/Frameworks/OpenCL.framework/Versions/A/OpenCL
0x00000001a4258000 	/System/Library/PrivateFrameworks/AppleVA.framework/Versions/A/AppleVA
0x00000001a6315000 	/System/Library/Frameworks/ApplicationServices.framework/Versions/A/Frameworks/ATS.framework/Versions/A/ATS
0x000000019e885000 	/System/Library/Frameworks/ApplicationServices.framework/Versions/A/Frameworks/HIServices.framework/Versions/A/HIServices
0x00000001a5229000 	/System/Library/Frameworks/ApplicationServices.framework/Versions/A/Frameworks/PrintCore.framework/Versions/A/PrintCore
0x00000001a66a0000 	/System/Library/Frameworks/ApplicationServices.framework/Versions/A/Frameworks/QD.framework/Versions/A/QD
0x00000001a6698000 	/System/Library/Frameworks/ApplicationServices.framework/Versions/A/Frameworks/ColorSyncLegacy.framework/Versions/A/ColorSyncLegacy
0x00000001a6301000 	/System/Library/Frameworks/ApplicationServices.framework/Versions/A/Frameworks/SpeechSynthesis.framework/Versions/A/SpeechSynthesis
0x00000001a51ea000 	/System/Library/Frameworks/ApplicationServices.framework/Versions/A/Frameworks/ATSUI.framework/Versions/A/ATSUI
0x00000001a662d000 	/usr/lib/libcups.2.dylib
0x00000001a6a13000 	/System/Library/Frameworks/Kerberos.framework/Versions/A/Kerberos
0x00000001a6a24000 	/System/Library/Frameworks/GSS.framework/Versions/A/GSS
0x00000001a6384000 	/usr/lib/libresolv.9.dylib
0x00000001a486f000 	/System/Library/PrivateFrameworks/Heimdal.framework/Versions/A/Heimdal
0x00000001ad375000 	/System/Library/Frameworks/Kerberos.framework/Versions/A/Libraries/libHeimdalProxy.dylib
0x000000019f4bd000 	/System/Library/Frameworks/Network.framework/Versions/A/Network
0x00000001a42bf000 	/usr/lib/libheimdal-asn1.dylib
0x00000001a6a6a000 	/System/Library/PrivateFrameworks/CommonAuth.framework/Versions/A/CommonAuth
0x00000001a627b000 	/System/Library/PrivateFrameworks/AudioSession.framework/Versions/A/AudioSession
0x00000001a4350000 	/System/Library/PrivateFrameworks/MediaExperience.framework/Versions/A/MediaExperience
0x00000001a6103000 	/System/Library/PrivateFrameworks/AudioSession.framework/libSessionUtility.dylib
0x00000001a66ac000 	/System/Library/PrivateFrameworks/AudioResourceArbitration.framework/Versions/A/AudioResourceArbitration
0x00000001aa7b7000 	/System/Library/PrivateFrameworks/PowerLog.framework/Versions/A/PowerLog
0x00000001a42c8000 	/System/Library/PrivateFrameworks/IconFoundation.framework/Versions/A/IconFoundation
0x00000001a9567000 	/System/Library/PrivateFrameworks/SpeechRecognitionCore.framework/Versions/A/SpeechRecognitionCore
0x00000001035c4000 	/Users/tom/Library/Java/JavaVirtualMachines/liberica-17.0.1/lib/server/libjvm.dylib
0x00000001022bc000 	/Users/tom/Library/Java/JavaVirtualMachines/liberica-17.0.1/lib/libjimage.dylib
0x00000001022e8000 	/Users/tom/Library/Java/JavaVirtualMachines/liberica-17.0.1/lib/libinstrument.dylib
0x0000000102334000 	/Users/tom/Library/Java/JavaVirtualMachines/liberica-17.0.1/lib/libjava.dylib
0x00000001024fc000 	/Users/tom/Library/Java/JavaVirtualMachines/liberica-17.0.1/lib/libnio.dylib
0x00000001032bc000 	/Users/tom/Library/Java/JavaVirtualMachines/liberica-17.0.1/lib/libnet.dylib
0x000000010231c000 	/Users/tom/Library/Java/JavaVirtualMachines/liberica-17.0.1/lib/libzip.dylib
0x0000000103500000 	/Users/tom/Library/Java/JavaVirtualMachines/liberica-17.0.1/lib/libprism_es2.dylib
0x000000019b612000 	/System/Library/PrivateFrameworks/CoreServicesInternal.framework/Versions/A/CoreServicesInternal
0x00000001fa1f4000 	/System/Library/Frameworks/OpenGL.framework/Versions/A/Resources/GLEngine.bundle/GLEngine
0x00000001fa07b000 	/System/Library/Frameworks/OpenGL.framework/Versions/A/Libraries/libGLProgrammability.dylib
0x0000000115984000 	/System/Library/Extensions/AppleMetalOpenGLRenderer.bundle/Contents/MacOS/AppleMetalOpenGLRenderer
0x00000001fa363000 	/System/Library/Frameworks/OpenGL.framework/Versions/A/Resources/GLRendererFloat.bundle/GLRendererFloat
0x00000001fa404000 	/System/Library/Extensions/AGXMetal13_3.bundle/Contents/MacOS/AGXMetal13_3
0x00000001b8712000 	/System/Library/PrivateFrameworks/GPURawCounter.framework/Versions/A/GPURawCounter
0x00000001b31b3000 	/System/Library/PrivateFrameworks/IOGPU.framework/Versions/A/IOGPU
0x0000000115a1c000 	/Users/tom/Library/Java/JavaVirtualMachines/liberica-17.0.1/lib/libglass.dylib
0x00000001aaa0b000 	/System/Library/Frameworks/FileProvider.framework/Versions/A/FileProvider
0x000000019f28a000 	/System/Library/Frameworks/Accounts.framework/Versions/A/Accounts
0x00000001aab8b000 	/System/Library/PrivateFrameworks/GenerationalStorage.framework/Versions/A/GenerationalStorage
0x00000001ab741000 	/System/Library/PrivateFrameworks/CoreSymbolication.framework/Versions/A/CoreSymbolication
0x00000001aa7ab000 	/System/Library/PrivateFrameworks/SymptomDiagnosticReporter.framework/Versions/A/SymptomDiagnosticReporter
0x000000019c8fb000 	/System/Library/PrivateFrameworks/DesktopServicesPriv.framework/Versions/A/DesktopServicesPriv
0x000000019b772000 	/usr/lib/libsandbox.1.dylib
0x00000001a02aa000 	/System/Library/PrivateFrameworks/UserManagement.framework/Versions/A/UserManagement
0x00000001ab702000 	/System/Library/PrivateFrameworks/DebugSymbols.framework/Versions/A/DebugSymbols
0x00000001a668b000 	/System/Library/PrivateFrameworks/NetAuth.framework/Versions/A/NetAuth
0x00000001a7590000 	/System/Library/PrivateFrameworks/Sharing.framework/Versions/A/Sharing
0x00000001a027a000 	/System/Library/PrivateFrameworks/login.framework/Versions/A/Frameworks/loginsupport.framework/Versions/A/loginsupport
0x00000001ac8b9000 	/System/Library/PrivateFrameworks/Apple80211.framework/Versions/A/Apple80211
0x00000001a3375000 	/System/Library/PrivateFrameworks/AuthKit.framework/Versions/A/AuthKit
0x00000001a2a07000 	/System/Library/PrivateFrameworks/CoreUtils.framework/Versions/A/CoreUtils
0x00000001a2927000 	/System/Library/Frameworks/CoreWLAN.framework/Versions/A/CoreWLAN
0x00000001a76fa000 	/System/Library/Frameworks/IOBluetooth.framework/Versions/A/IOBluetooth
0x00000001ac919000 	/System/Library/PrivateFrameworks/CoreWiFi.framework/Versions/A/CoreWiFi
0x00000001ab2e9000 	/System/Library/PrivateFrameworks/FrontBoardServices.framework/Versions/A/FrontBoardServices
0x00000001ab381000 	/System/Library/PrivateFrameworks/BoardServices.framework/Versions/A/BoardServices
0x00000001a2c22000 	/System/Library/PrivateFrameworks/AssertionServices.framework/Versions/A/AssertionServices
0x00000001aca87000 	/System/Library/PrivateFrameworks/BackBoardServices.framework/Versions/A/BackBoardServices
0x00000001a6afd000 	/System/Library/PrivateFrameworks/CorePhoneNumbers.framework/Versions/A/CorePhoneNumbers
0x00000001aa8db000 	/System/Library/PrivateFrameworks/DiskManagement.framework/Versions/A/DiskManagement
0x00000001aa7de000 	/System/Library/PrivateFrameworks/AppleIDAuthSupport.framework/Versions/A/AppleIDAuthSupport
0x00000001fdfe0000 	/System/Library/PrivateFrameworks/AAAFoundation.framework/Versions/A/AAAFoundation
0x00000001a6adc000 	/System/Library/PrivateFrameworks/KeychainCircle.framework/Versions/A/KeychainCircle
0x00000001aa8a7000 	/System/Library/PrivateFrameworks/MediaKit.framework/Versions/A/MediaKit
0x00000001aa7eb000 	/System/Library/Frameworks/DiscRecording.framework/Versions/A/DiscRecording
0x00000001a41d4000 	/usr/lib/libCoreStorage.dylib
0x00000001acd83000 	/usr/lib/libcsfde.dylib
0x00000001a77cf000 	/System/Library/PrivateFrameworks/ProtectedCloudStorage.framework/Versions/A/ProtectedCloudStorage
0x00000001acd7b000 	/System/Library/PrivateFrameworks/EFILogin.framework/Versions/A/EFILogin
0x00000001aabb2000 	/System/Library/PrivateFrameworks/OctagonTrust.framework/Versions/A/OctagonTrust
0x0000000202904000 	/System/Library/PrivateFrameworks/CoreUtilsExtras.framework/Versions/A/CoreUtilsExtras
0x00000001aa721000 	/System/Library/Frameworks/CoreBluetooth.framework/Versions/A/CoreBluetooth
0x00000001ad3fa000 	/System/Library/Frameworks/AudioUnit.framework/Versions/A/AudioUnit
0x00000001a41cc000 	/usr/lib/libMatch.1.dylib
0x00000001bc9f5000 	/System/Library/Frameworks/Accelerate.framework/Versions/A/Frameworks/vImage.framework/Versions/A/Libraries/libCGInterfaces.dylib
0x0000000115fdc000 	/usr/lib/libobjc-trampolines.dylib
0x000000019ff77000 	/System/Library/PrivateFrameworks/ViewBridge.framework/Versions/A/ViewBridge
0x00000001a4093000 	/System/Library/PrivateFrameworks/CrashReporterSupport.framework/Versions/A/CrashReporterSupport
0x00000001c43b5000 	/System/Library/PrivateFrameworks/OSAnalytics.framework/Versions/A/OSAnalytics
0x00000001cf3f9000 	/System/Library/PrivateFrameworks/Symbolication.framework/Versions/A/Symbolication
0x00000001b86d3000 	/System/Library/PrivateFrameworks/MallocStackLogging.framework/Versions/A/MallocStackLogging
0x000000011a528000 	/Users/tom/Library/Java/JavaVirtualMachines/liberica-17.0.1/lib/libjavafx_font.dylib
0x0000000215ecc000 	/usr/lib/libRosetta.dylib
0x00000001a491d000 	/System/Library/PrivateFrameworks/login.framework/Versions/A/login
0x000000011a50c000 	/System/Library/Frameworks/FileProvider.framework/OverrideBundles/CloudDocsFileProvider.bundle/Contents/MacOS/CloudDocsFileProvider
0x00000001a04b4000 	/System/Library/PrivateFrameworks/CloudDocs.framework/Versions/A/CloudDocs
0x00000001ad0af000 	/System/Library/PrivateFrameworks/AppleAccount.framework/Versions/A/AppleAccount
0x00000001a77b6000 	/System/Library/PrivateFrameworks/AppContainer.framework/Versions/A/AppContainer
0x00000001a726c000 	/System/Library/PrivateFrameworks/IDS.framework/Versions/A/IDS
0x00000001ad1f6000 	/System/Library/PrivateFrameworks/AppleIDSSOAuthentication.framework/Versions/A/AppleIDSSOAuthentication
0x00000001a027d000 	/System/Library/PrivateFrameworks/ApplePushService.framework/Versions/A/ApplePushService
0x00000001acdfe000 	/System/Library/PrivateFrameworks/AppSupport.framework/Versions/A/AppSupport
0x00000001a6061000 	/System/Library/PrivateFrameworks/IMFoundation.framework/Versions/A/IMFoundation
0x00000001b384b000 	/System/Library/PrivateFrameworks/Marco.framework/Versions/A/Marco
0x00000001a73e5000 	/System/Library/PrivateFrameworks/IDSFoundation.framework/Versions/A/IDSFoundation
0x000000019f308000 	/System/Library/PrivateFrameworks/CommonUtilities.framework/Versions/A/CommonUtilities
0x00000001b82e3000 	/System/Library/PrivateFrameworks/FTServices.framework/Versions/A/FTServices
0x00000001b0c19000 	/System/Library/PrivateFrameworks/Engram.framework/Versions/A/Engram
0x00000001b0bbb000 	/usr/lib/libtidy.A.dylib
0x00000001a4ad7000 	/System/Library/PrivateFrameworks/Bom.framework/Versions/A/Bom
0x00000001c22a7000 	/System/Library/PrivateFrameworks/FTAWD.framework/Versions/A/FTAWD
0x00000001a9c36000 	/System/Library/PrivateFrameworks/CoreDaemon.framework/Versions/B/CoreDaemon
0x00000001a9c30000 	/System/Library/PrivateFrameworks/AppleSRP.framework/Versions/A/AppleSRP
0x00000001a2cd3000 	/System/Library/Frameworks/ServiceManagement.framework/Versions/A/ServiceManagement
0x00000001a77cb000 	/System/Library/PrivateFrameworks/SecCodeWrapper.framework/Versions/A/SecCodeWrapper
0x000000011a578000 	/System/Library/Frameworks/FileProvider.framework/OverrideBundles/FileProviderOverride.bundle/Contents/MacOS/FileProviderOverride
0x000000011a590000 	/System/Library/Frameworks/FileProvider.framework/OverrideBundles/FinderSyncCollaborationFileProviderOverride.bundle/Contents/MacOS/FinderSyncCollaborationFileProviderOverride
0x00000001c8abf000 	/System/Library/PrivateFrameworks/FinderSyncPriv.framework/Versions/A/FinderSyncPriv
0x00000001a02d2000 	/System/Library/Frameworks/CloudKit.framework/Versions/A/CloudKit
0x00000001ad4b5000 	/System/Library/PrivateFrameworks/C2.framework/Versions/A/C2
0x00000001a1376000 	/System/Library/Frameworks/CoreLocation.framework/Versions/A/CoreLocation
0x00000001ad4ac000 	/System/Library/Frameworks/PushKit.framework/Versions/A/PushKit
0x00000001ab7fe000 	/System/Library/PrivateFrameworks/CoreTime.framework/Versions/A/CoreTime
0x00000001aee85000 	/System/Library/PrivateFrameworks/RTCReporting.framework/Versions/A/RTCReporting
0x00000001a7af7000 	/System/Library/PrivateFrameworks/GeoServices.framework/Versions/A/GeoServices
0x00000001a60d9000 	/System/Library/PrivateFrameworks/LocationSupport.framework/Versions/A/LocationSupport
0x0000000203ee3000 	/System/Library/PrivateFrameworks/GeoServicesCore.framework/Versions/A/GeoServicesCore
0x00000001b4070000 	/System/Library/PrivateFrameworks/PhoneNumbers.framework/Versions/A/PhoneNumbers
0x00000001acd07000 	/System/Library/PrivateFrameworks/RemoteServiceDiscovery.framework/Versions/A/RemoteServiceDiscovery
0x00000001b657a000 	/usr/lib/libFosl_dynamic.dylib
0x00000001bc395000 	/usr/lib/libncurses.5.4.dylib


VM Arguments:
jvm_args: -javaagent:/Applications/IntelliJ IDEA.app/Contents/lib/idea_rt.jar=57108:/Applications/IntelliJ IDEA.app/Contents/bin -Dfile.encoding=UTF-8 --module-path=/Users/tom/.m2/repository/org/openjfx/javafx-fxml/17.0.0.1/javafx-fxml-17.0.0.1-mac-aarch64.jar:/Users/tom/.m2/repository/org/openjfx/javafx-graphics/17.0.0.1/javafx-graphics-17.0.0.1-mac-aarch64.jar:/Users/tom/.m2/repository/org/openjfx/javafx-base/17.0.0.1/javafx-base-17.0.0.1-mac-aarch64.jar:/Users/tom/.m2/repository/org/openjfx/javafx-controls/17.0.0.1/javafx-controls-17.0.0.1-mac-aarch64.jar:/Users/tom/.m2/repository/org/controlsfx/controlsfx/11.1.0/controlsfx-11.1.0.jar:/Users/tom/.m2/repository/com/thoughtworks/xstream/xstream/1.4.18/xstream-1.4.18.jar:/Users/tom/.m2/repository/org/mongodb/mongodb-driver-core/4.4.0/mongodb-driver-core-4.4.0.jar:/Users/tom/.m2/repository/org/mongodb/mongodb-driver-sync/4.4.0/mongodb-driver-sync-4.4.0.jar:/Users/tom/IdeaProjects/PaperRater/PaperRaterApp/target/classes:/Users/tom/.m2/repository/com/google/code/gson/gson/2.8.9/gson-2.8.9.jar:/Users/tom/.m2/repository/org/mongodb/bson/4.4.0/bson-4.4.0.jar -Djdk.module.main=it.unipi.dii.lsmd.paperraterapp 
java_command: it.unipi.dii.lsmd.paperraterapp/it.unipi.dii.lsmd.paperraterapp.Main
java_class_path (initial): /Users/tom/.m2/repository/org/openjfx/javafx-controls/17.0.0.1/javafx-controls-17.0.0.1.jar:/Users/tom/.m2/repository/org/openjfx/javafx-graphics/17.0.0.1/javafx-graphics-17.0.0.1.jar:/Users/tom/.m2/repository/org/openjfx/javafx-base/17.0.0.1/javafx-base-17.0.0.1.jar:/Users/tom/.m2/repository/org/openjfx/javafx-fxml/17.0.0.1/javafx-fxml-17.0.0.1.jar:/Users/tom/.m2/repository/io/github/x-stream/mxparser/1.2.2/mxparser-1.2.2.jar:/Users/tom/.m2/repository/xmlpull/xmlpull/1.1.3.1/xmlpull-1.1.3.1.jar
Launcher Type: SUN_STANDARD

[Global flags]
     intx CICompilerCount                          = 4                                         {product} {ergonomic}
     uint ConcGCThreads                            = 2                                         {product} {ergonomic}
     uint G1ConcRefinementThreads                  = 8                                         {product} {ergonomic}
   size_t G1HeapRegionSize                         = 1048576                                   {product} {ergonomic}
    uintx GCDrainStackTargetSize                   = 64                                        {product} {ergonomic}
   size_t InitialHeapSize                          = 134217728                                 {product} {ergonomic}
   size_t MarkStackSize                            = 4194304                                   {product} {ergonomic}
   size_t MaxHeapSize                              = 2147483648                                {product} {ergonomic}
   size_t MaxNewSize                               = 1287651328                                {product} {ergonomic}
   size_t MinHeapDeltaBytes                        = 1048576                                   {product} {ergonomic}
   size_t MinHeapSize                              = 8388608                                   {product} {ergonomic}
    uintx NonNMethodCodeHeapSize                   = 5839564                                {pd product} {ergonomic}
    uintx NonProfiledCodeHeapSize                  = 122909338                              {pd product} {ergonomic}
    uintx ProfiledCodeHeapSize                     = 122909338                              {pd product} {ergonomic}
    uintx ReservedCodeCacheSize                    = 251658240                              {pd product} {ergonomic}
     bool SegmentedCodeCache                       = true                                      {product} {ergonomic}
   size_t SoftMaxHeapSize                          = 2147483648                             {manageable} {ergonomic}
     bool UseCompressedClassPointers               = true                           {product lp64_product} {ergonomic}
     bool UseCompressedOops                        = true                           {product lp64_product} {ergonomic}
     bool UseG1GC                                  = true                                      {product} {ergonomic}
     bool UseNUMA                                  = false                                     {product} {ergonomic}
     bool UseNUMAInterleaving                      = false                                     {product} {ergonomic}

Logging:
Log output configuration:
 #0: stdout all=warning uptime,level,tags
 #1: stderr all=off uptime,level,tags

Environment Variables:
PATH=/Users/tom/opt/anaconda3/bin:/Users/tom/opt/anaconda3/condabin:/opt/homebrew/bin:/opt/homebrew/sbin:/usr/local/bin:/usr/bin:/bin:/usr/sbin:/sbin
SHELL=/bin/zsh
LC_CTYPE=it_IT.UTF-8

Signal Handlers:
   SIGSEGV: _ZL13crash_handleriP9__siginfoPv in libjvm.dylib, mask=11100110000111110111111111111111, flags=SA_RESTART|SA_SIGINFO
    SIGBUS: _ZL13crash_handleriP9__siginfoPv in libjvm.dylib, mask=11100110000111110111111111111111, flags=SA_RESTART|SA_SIGINFO
    SIGFPE: _ZL13crash_handleriP9__siginfoPv in libjvm.dylib, mask=11100110000111110111111111111111, flags=SA_RESTART|SA_SIGINFO
   SIGPIPE: _ZL17javaSignalHandleriP9__siginfoPv in libjvm.dylib, mask=11100110000111110111111111111111, flags=SA_RESTART|SA_SIGINFO
   SIGXFSZ: _ZL17javaSignalHandleriP9__siginfoPv in libjvm.dylib, mask=11100110000111110111111111111111, flags=SA_RESTART|SA_SIGINFO
    SIGILL: _ZL13crash_handleriP9__siginfoPv in libjvm.dylib, mask=11100110000111110111111111111111, flags=SA_RESTART|SA_SIGINFO
   SIGUSR2: _ZL10SR_handleriP9__siginfoP17__darwin_ucontext in libjvm.dylib, mask=00100000000000000000000000000000, flags=SA_RESTART|SA_SIGINFO
    SIGHUP: _ZL11UserHandleriPvS_ in libjvm.dylib, mask=11100110000111110111111111111111, flags=SA_RESTART|SA_SIGINFO
    SIGINT: _ZL11UserHandleriPvS_ in libjvm.dylib, mask=11100110000111110111111111111111, flags=SA_RESTART|SA_SIGINFO
   SIGTERM: _ZL11UserHandleriPvS_ in libjvm.dylib, mask=11100110000111110111111111111111, flags=SA_RESTART|SA_SIGINFO
   SIGQUIT: _ZL11UserHandleriPvS_ in libjvm.dylib, mask=11100110000111110111111111111111, flags=SA_RESTART|SA_SIGINFO
   SIGTRAP: _ZL13crash_handleriP9__siginfoPv in libjvm.dylib, mask=11100110000111110111111111111111, flags=SA_RESTART|SA_SIGINFO


---------------  S Y S T E M  ---------------

OS:
uname: Darwin 21.2.0 Darwin Kernel Version 21.2.0: Sun Nov 28 20:29:10 PST 2021; root:xnu-8019.61.5~1/RELEASE_ARM64_T8101 arm64
OS uptime: 0 days 9:00 hours
rlimit (soft/hard): STACK 8176k/65520k , CORE 0k/infinity , NPROC 1333/2000 , NOFILE 10240/infinity , AS infinity/infinity , CPU infinity/infinity , DATA infinity/infinity , FSIZE infinity/infinity , MEMLOCK infinity/infinity , RSS infinity/infinity
load average: 1.83 1.78 1.94

CPU: total 8 (initial active 8) 0x61:0x0:0x1b588bb3:0, fp, simd, crc, lse

Memory: 16k page, physical 8388608k(99040k free), swap 1048576k(1042432k free)

vm_info: OpenJDK 64-Bit Server VM (17.0.1+12-LTS) for bsd-aarch64 JRE (17.0.1+12-LTS), built on Oct 20 2021 05:37:11 by "bellsoft" with clang Apple LLVM 12.0.0 (clang-1200.0.32.28)

END.
